Initializing document watcher...
web_project_1/pages/index.css: {"insertSpaces":true,"tabSize":2}
web_project_1/pages/index.css: {"insertSpaces":true,"tabSize":2}
web_project_1/pages/index.css: Using EditorConfig core...
pages/index.css: editor.action.trimTrailingWhitespace
web_project_1/blocks/cards/cards.css: {"insertSpaces":true,"tabSize":2}
web_project_1/pages/index.css: {"insertSpaces":true,"tabSize":2}
web_project_1/blocks/cards/cards.css: {"insertSpaces":true,"tabSize":2}
web_project_1/blocks/description/description.css: {"insertSpaces":true,"tabSize":2}
web_project_1/blocks/digits/digits.css: {"insertSpaces":true,"tabSize":2}
web_project_1/blocks/feynman/feynman.css: {"insertSpaces":true,"tabSize":2}
web_project_1/pages/index.css: {"insertSpaces":true,"tabSize":2}
web_project_1/index.html: {"insertSpaces":true,"tabSize":2}
web_project_1/index.html: Using EditorConfig core...
index.html: editor.action.trimTrailingWhitespace
web_project_1/index.html: Using EditorConfig core...
web_project_1/pages/index.css: {"insertSpaces":true,"tabSize":2}
index.html: trimTrailingWhitespace()
web_project_1/index.html: {"insertSpaces":true,"tabSize":2}
web_project_1/index.html: {"insertSpaces":true,"tabSize":2}
web_project_1/index.html: {"insertSpaces":true,"tabSize":2}
web_project_1/index.html: {"insertSpaces":true,"tabSize":2}
