Looking for git in: git
Using git 2.20.1 from git
> git rev-parse --git-dir
Open repository: /home/ant5389/web_project_1
> git status -z -u
> git check-ignore -v -z --stdin
> git symbolic-ref --short HEAD
> git rev-parse main
> git rev-parse --symbolic-full-name main@{u}
> git rev-list --left-right main...refs/remotes/origin/main
> git for-each-ref --sort -committerdate --format %(refname) %(objectname)
> git remote --verbose
> git config --get commit.template
> git check-ignore -v -z --stdin
> git show --textconv :index.html
> git ls-files --stage -- /home/ant5389/web_project_1/index.html
> git cat-file -s 6062d0071b9cc33cfc927c45d835bea1a6064a82
> git config --global user.email
> git config --global user.name
> git status -z -u
> git symbolic-ref --short HEAD
> git rev-parse main
> git rev-parse --symbolic-full-name main@{u}
> git rev-list --left-right main...refs/remotes/origin/main
> git for-each-ref --sort -committerdate --format %(refname) %(objectname)
> git remote --verbose
> git config --get commit.template
> git show -s --format=%an <%ae> [%ai] 2a05fc3e6712f221bce3a8e3e5cb5a11aa6159bc
> git show -s --format=%H%n%aN%n%aE%n%at%n%ct%n%P%n%B -z 2a05fc3e6712f221bce3a8e3e5cb5a11aa6159bc
> git show -s --format=%an <%ae> [%ai] 8158c2480f3188272a0726fd7e02c29b1ed83ad9
> git show -s --format=%H%n%aN%n%aE%n%at%n%ct%n%P%n%B -z 8158c2480f3188272a0726fd7e02c29b1ed83ad9
> git show -s --format=%an <%ae> [%ai] 2c5c1faef43ca417a4d81917d98040df5252d94d
> git show -s --format=%H%n%aN%n%aE%n%at%n%ct%n%P%n%B -z 2c5c1faef43ca417a4d81917d98040df5252d94d
> git show -s --format=%an <%ae> [%ai] e347bf1293caddf717253ccdf06ff21f04986a12
> git show -s --format=%H%n%aN%n%aE%n%at%n%ct%n%P%n%B -z e347bf1293caddf717253ccdf06ff21f04986a12
> git show -s --format=%an <%ae> [%ai] 633c564a04a4780be7dcdbe529292d312b5f5566
> git show -s --format=%H%n%aN%n%aE%n%at%n%ct%n%P%n%B -z 633c564a04a4780be7dcdbe529292d312b5f5566
> git show -s --format=%an <%ae> [%ai] 5ba526fc65f431f20a6a3de94bc9d7dfbe0729e2
> git show -s --format=%H%n%aN%n%aE%n%at%n%ct%n%P%n%B -z 5ba526fc65f431f20a6a3de94bc9d7dfbe0729e2
> git show -s --format=%an <%ae> [%ai] da0296e273be14dbfe808aa1152e27191a568891
> git show -s --format=%H%n%aN%n%aE%n%at%n%ct%n%P%n%B -z da0296e273be14dbfe808aa1152e27191a568891
> git show -s --format=%an <%ae> [%ai] f13ebd764b9d63ce0390288817bc5bec6d6eebb6
> git show -s --format=%H%n%aN%n%aE%n%at%n%ct%n%P%n%B -z f13ebd764b9d63ce0390288817bc5bec6d6eebb6
> git show -s --format=%an <%ae> [%ai] 0becc0d09b71c0e815428796640ce58390b1bd98
> git show -s --format=%H%n%aN%n%aE%n%at%n%ct%n%P%n%B -z 0becc0d09b71c0e815428796640ce58390b1bd98
> git show -s --format=%an <%ae> [%ai] 369a9bc47c9c51513a5e681891f9bb017e67d1f8
> git show -s --format=%H%n%aN%n%aE%n%at%n%ct%n%P%n%B -z 369a9bc47c9c51513a5e681891f9bb017e67d1f8
> git show -s --format=%an <%ae> [%ai] 2bd60ed881f7bf5a42b34f54332bdad5a5001911
> git show -s --format=%H%n%aN%n%aE%n%at%n%ct%n%P%n%B -z 2bd60ed881f7bf5a42b34f54332bdad5a5001911
> git show -s --format=%an <%ae> [%ai] 991d58253d361f4cd918b00711f0696c8772134f
> git show -s --format=%H%n%aN%n%aE%n%at%n%ct%n%P%n%B -z 991d58253d361f4cd918b00711f0696c8772134f
> git show -s --format=%an <%ae> [%ai] fd3b934e055013a2287f07ccea61c653e28b1ee9
> git show -s --format=%H%n%aN%n%aE%n%at%n%ct%n%P%n%B -z fd3b934e055013a2287f07ccea61c653e28b1ee9
> git check-ignore -v -z --stdin
> git status -z -u
> git ls-files --stage -- /home/ant5389/web_project_1/index.html
> git symbolic-ref --short HEAD
> git cat-file -s 6062d0071b9cc33cfc927c45d835bea1a6064a82
> git rev-parse main
> git show --textconv :index.html
> git rev-parse --symbolic-full-name main@{u}
> git rev-list --left-right main...refs/remotes/origin/main
> git for-each-ref --sort -committerdate --format %(refname) %(objectname)
> git remote --verbose
> git config --get commit.template
> git status -z -u
> git symbolic-ref --short HEAD
> git rev-parse main
> git rev-parse --symbolic-full-name main@{u}
> git rev-list --left-right main...refs/remotes/origin/main
> git for-each-ref --sort -committerdate --format %(refname) %(objectname)
> git remote --verbose
> git config --get commit.template
> git check-ignore -v -z --stdin
> git status -z -u
> git symbolic-ref --short HEAD
> git rev-parse main
> git rev-parse --symbolic-full-name main@{u}
> git rev-list --left-right main...refs/remotes/origin/main
> git for-each-ref --sort -committerdate --format %(refname) %(objectname)
> git remote --verbose
> git config --get commit.template
> git show --textconv :styles/style.css
> git ls-files --stage -- /home/ant5389/web_project_1/styles/style.css
> git cat-file -s a05170480b551faa80a4f849b1a317fa000dc343
> git show --textconv :index.html
> git ls-files --stage -- /home/ant5389/web_project_1/index.html
> git cat-file -s 6062d0071b9cc33cfc927c45d835bea1a6064a82
> git show --textconv :styles/style.css
> git ls-files --stage -- /home/ant5389/web_project_1/styles/style.css
> git cat-file -s a05170480b551faa80a4f849b1a317fa000dc343
> git status -z -u
> git symbolic-ref --short HEAD
> git rev-parse main
> git rev-parse --symbolic-full-name main@{u}
> git rev-list --left-right main...refs/remotes/origin/main
> git for-each-ref --sort -committerdate --format %(refname) %(objectname)
> git remote --verbose
> git config --get commit.template
> git check-ignore -v -z --stdin
> git status -z -u
> git symbolic-ref --short HEAD
> git rev-parse main
> git rev-parse --symbolic-full-name main@{u}
> git rev-list --left-right main...refs/remotes/origin/main
> git for-each-ref --sort -committerdate --format %(refname) %(objectname)
> git remote --verbose
> git config --get commit.template
> git check-ignore -v -z --stdin
> git status -z -u
> git symbolic-ref --short HEAD
> git rev-parse main
> git rev-parse --symbolic-full-name main@{u}
> git rev-list --left-right main...refs/remotes/origin/main
> git for-each-ref --sort -committerdate --format %(refname) %(objectname)
> git remote --verbose
> git config --get commit.template
> git check-ignore -v -z --stdin
> git check-ignore -v -z --stdin
> git check-ignore -v -z --stdin
> git status -z -u
> git symbolic-ref --short HEAD
> git rev-parse main
> git rev-parse --symbolic-full-name main@{u}
> git rev-list --left-right main...refs/remotes/origin/main
> git for-each-ref --sort -committerdate --format %(refname) %(objectname)
> git remote --verbose
> git config --get commit.template
> git check-ignore -v -z --stdin
> git status -z -u
> git symbolic-ref --short HEAD
> git rev-parse main
> git rev-parse --symbolic-full-name main@{u}
> git rev-list --left-right main...refs/remotes/origin/main
> git for-each-ref --sort -committerdate --format %(refname) %(objectname)
> git remote --verbose
> git config --get commit.template
> git check-ignore -v -z --stdin
> git status -z -u
> git symbolic-ref --short HEAD
> git rev-parse main
> git rev-parse --symbolic-full-name main@{u}
> git rev-list --left-right main...refs/remotes/origin/main
> git for-each-ref --sort -committerdate --format %(refname) %(objectname)
> git remote --verbose
> git config --get commit.template
> git check-ignore -v -z --stdin
> git status -z -u
> git symbolic-ref --short HEAD
> git rev-parse main
> git rev-parse --symbolic-full-name main@{u}
> git rev-list --left-right main...refs/remotes/origin/main
> git for-each-ref --sort -committerdate --format %(refname) %(objectname)
> git remote --verbose
> git config --get commit.template
> git check-ignore -v -z --stdin
> git status -z -u
> git symbolic-ref --short HEAD
> git rev-parse main
> git rev-parse --symbolic-full-name main@{u}
> git rev-list --left-right main...refs/remotes/origin/main
> git for-each-ref --sort -committerdate --format %(refname) %(objectname)
> git remote --verbose
> git config --get commit.template
> git check-ignore -v -z --stdin
> git status -z -u
> git symbolic-ref --short HEAD
> git rev-parse main
> git rev-parse --symbolic-full-name main@{u}
> git rev-list --left-right main...refs/remotes/origin/main
> git for-each-ref --sort -committerdate --format %(refname) %(objectname)
> git remote --verbose
> git config --get commit.template
> git check-ignore -v -z --stdin
> git status -z -u
> git symbolic-ref --short HEAD
> git rev-parse main
> git rev-parse --symbolic-full-name main@{u}
> git rev-list --left-right main...refs/remotes/origin/main
> git for-each-ref --sort -committerdate --format %(refname) %(objectname)
> git remote --verbose
> git config --get commit.template
> git check-ignore -v -z --stdin
> git status -z -u
> git symbolic-ref --short HEAD
> git rev-parse main
> git rev-parse --symbolic-full-name main@{u}
> git rev-list --left-right main...refs/remotes/origin/main
> git for-each-ref --sort -committerdate --format %(refname) %(objectname)
> git remote --verbose
> git config --get commit.template
> git check-ignore -v -z --stdin
> git status -z -u
> git symbolic-ref --short HEAD
> git rev-parse main
> git rev-parse --symbolic-full-name main@{u}
> git rev-list --left-right main...refs/remotes/origin/main
> git for-each-ref --sort -committerdate --format %(refname) %(objectname)
> git remote --verbose
> git config --get commit.template
> git check-ignore -v -z --stdin
> git status -z -u
> git symbolic-ref --short HEAD
> git rev-parse main
> git rev-parse --symbolic-full-name main@{u}
> git rev-list --left-right main...refs/remotes/origin/main
> git for-each-ref --sort -committerdate --format %(refname) %(objectname)
> git remote --verbose
> git config --get commit.template
> git check-ignore -v -z --stdin
> git status -z -u
> git symbolic-ref --short HEAD
> git rev-parse main
> git rev-parse --symbolic-full-name main@{u}
> git rev-list --left-right main...refs/remotes/origin/main
> git for-each-ref --sort -committerdate --format %(refname) %(objectname)
> git remote --verbose
> git config --get commit.template
> git check-ignore -v -z --stdin
> git status -z -u
> git symbolic-ref --short HEAD
> git rev-parse main
> git rev-parse --symbolic-full-name main@{u}
> git rev-list --left-right main...refs/remotes/origin/main
> git for-each-ref --sort -committerdate --format %(refname) %(objectname)
> git remote --verbose
> git config --get commit.template
> git check-ignore -v -z --stdin
> git status -z -u
> git symbolic-ref --short HEAD
> git rev-parse main
> git rev-parse --symbolic-full-name main@{u}
> git rev-list --left-right main...refs/remotes/origin/main
> git for-each-ref --sort -committerdate --format %(refname) %(objectname)
> git remote --verbose
> git config --get commit.template
> git check-ignore -v -z --stdin
> git status -z -u
> git symbolic-ref --short HEAD
> git rev-parse main
> git rev-parse --symbolic-full-name main@{u}
> git rev-list --left-right main...refs/remotes/origin/main
> git for-each-ref --sort -committerdate --format %(refname) %(objectname)
> git remote --verbose
> git config --get commit.template
> git check-ignore -v -z --stdin
> git status -z -u
> git symbolic-ref --short HEAD
> git rev-parse main
> git rev-parse --symbolic-full-name main@{u}
> git rev-list --left-right main...refs/remotes/origin/main
> git for-each-ref --sort -committerdate --format %(refname) %(objectname)
> git remote --verbose
> git config --get commit.template
> git check-ignore -v -z --stdin
> git status -z -u
> git symbolic-ref --short HEAD
> git rev-parse main
> git rev-parse --symbolic-full-name main@{u}
> git rev-list --left-right main...refs/remotes/origin/main
> git for-each-ref --sort -committerdate --format %(refname) %(objectname)
> git remote --verbose
> git config --get commit.template
> git show --textconv :blocks/logo/_place/logo_place_header.css
> git ls-files --stage -- /home/ant5389/web_project_1/blocks/logo/_place/logo_place_header.css
> git check-ignore -v -z --stdin
> git status -z -u
> git symbolic-ref --short HEAD
> git rev-parse main
> git rev-parse --symbolic-full-name main@{u}
> git rev-list --left-right main...refs/remotes/origin/main
> git for-each-ref --sort -committerdate --format %(refname) %(objectname)
> git remote --verbose
> git config --get commit.template
> git show --textconv :styles/style.css
> git ls-files --stage -- /home/ant5389/web_project_1/styles/style.css
> git cat-file -s a05170480b551faa80a4f849b1a317fa000dc343
> git show --textconv :blocks/logo/_place/logo_place_footer.css
> git ls-files --stage -- /home/ant5389/web_project_1/blocks/logo/_place/logo_place_footer.css
> git check-ignore -v -z --stdin
> git show --textconv :styles/style.css
> git ls-files --stage -- /home/ant5389/web_project_1/styles/style.css
> git cat-file -s a05170480b551faa80a4f849b1a317fa000dc343
> git status -z -u
> git symbolic-ref --short HEAD
> git rev-parse main
> git rev-parse --symbolic-full-name main@{u}
> git rev-list --left-right main...refs/remotes/origin/main
> git for-each-ref --sort -committerdate --format %(refname) %(objectname)
> git remote --verbose
> git config --get commit.template
> git show --textconv :blocks/page/page.css
> git ls-files --stage -- /home/ant5389/web_project_1/blocks/page/page.css
> git check-ignore -v -z --stdin
> git status -z -u
> git symbolic-ref --short HEAD
> git rev-parse main
> git rev-parse --symbolic-full-name main@{u}
> git rev-list --left-right main...refs/remotes/origin/main
> git for-each-ref --sort -committerdate --format %(refname) %(objectname)
> git remote --verbose
> git config --get commit.template
> git show --textconv :styles/style.css
> git ls-files --stage -- /home/ant5389/web_project_1/styles/style.css
> git cat-file -s a05170480b551faa80a4f849b1a317fa000dc343
> git check-ignore -v -z --stdin
> git status -z -u
> git symbolic-ref --short HEAD
> git rev-parse main
> git rev-parse --symbolic-full-name main@{u}
> git rev-list --left-right main...refs/remotes/origin/main
> git for-each-ref --sort -committerdate --format %(refname) %(objectname)
> git remote --verbose
> git config --get commit.template
> git check-ignore -v -z --stdin
> git status -z -u
> git symbolic-ref --short HEAD
> git rev-parse main
> git rev-parse --symbolic-full-name main@{u}
> git rev-list --left-right main...refs/remotes/origin/main
> git for-each-ref --sort -committerdate --format %(refname) %(objectname)
> git remote --verbose
> git config --get commit.template
> git check-ignore -v -z --stdin
> git status -z -u
> git symbolic-ref --short HEAD
> git rev-parse main
> git rev-parse --symbolic-full-name main@{u}
> git rev-list --left-right main...refs/remotes/origin/main
> git for-each-ref --sort -committerdate --format %(refname) %(objectname)
> git remote --verbose
> git config --get commit.template
> git check-ignore -v -z --stdin
> git status -z -u
> git symbolic-ref --short HEAD
> git rev-parse main
> git rev-parse --symbolic-full-name main@{u}
> git rev-list --left-right main...refs/remotes/origin/main
> git for-each-ref --sort -committerdate --format %(refname) %(objectname)
> git remote --verbose
> git config --get commit.template
> git check-ignore -v -z --stdin
> git status -z -u
> git symbolic-ref --short HEAD
> git rev-parse main
> git rev-parse --symbolic-full-name main@{u}
> git rev-list --left-right main...refs/remotes/origin/main
> git for-each-ref --sort -committerdate --format %(refname) %(objectname)
> git remote --verbose
> git config --get commit.template
> git show --textconv :blocks/header/header.css
> git ls-files --stage -- /home/ant5389/web_project_1/blocks/header/header.css
> git check-ignore -v -z --stdin
> git status -z -u
> git symbolic-ref --short HEAD
> git rev-parse main
> git rev-parse --symbolic-full-name main@{u}
> git rev-list --left-right main...refs/remotes/origin/main
> git for-each-ref --sort -committerdate --format %(refname) %(objectname)
> git remote --verbose
> git config --get commit.template
> git show --textconv :styles/style.css
> git ls-files --stage -- /home/ant5389/web_project_1/styles/style.css
> git cat-file -s a05170480b551faa80a4f849b1a317fa000dc343
> git show --textconv :blocks/header/__title/header__title.css
> git ls-files --stage -- /home/ant5389/web_project_1/blocks/header/__title/header__title.css
> git check-ignore -v -z --stdin
> git status -z -u
> git symbolic-ref --short HEAD
> git rev-parse main
> git rev-parse --symbolic-full-name main@{u}
> git rev-list --left-right main...refs/remotes/origin/main
> git for-each-ref --sort -committerdate --format %(refname) %(objectname)
> git remote --verbose
> git config --get commit.template
> git show --textconv :styles/style.css
> git ls-files --stage -- /home/ant5389/web_project_1/styles/style.css
> git cat-file -s a05170480b551faa80a4f849b1a317fa000dc343
> git show --textconv :blocks/header/__subtitle/header__subtitle.css
> git ls-files --stage -- /home/ant5389/web_project_1/blocks/header/__subtitle/header__subtitle.css
> git check-ignore -v -z --stdin
> git status -z -u
> git symbolic-ref --short HEAD
> git rev-parse main
> git rev-parse --symbolic-full-name main@{u}
> git rev-list --left-right main...refs/remotes/origin/main
> git for-each-ref --sort -committerdate --format %(refname) %(objectname)
> git remote --verbose
> git config --get commit.template
> git show --textconv :styles/style.css
> git ls-files --stage -- /home/ant5389/web_project_1/styles/style.css
> git cat-file -s a05170480b551faa80a4f849b1a317fa000dc343
> git show --textconv :blocks/header/__link/header__link.css
> git ls-files --stage -- /home/ant5389/web_project_1/blocks/header/__link/header__link.css
> git check-ignore -v -z --stdin
> git status -z -u
> git symbolic-ref --short HEAD
> git rev-parse main
> git rev-parse --symbolic-full-name main@{u}
> git rev-list --left-right main...refs/remotes/origin/main
> git for-each-ref --sort -committerdate --format %(refname) %(objectname)
> git remote --verbose
> git config --get commit.template
> git show --textconv :styles/style.css
> git ls-files --stage -- /home/ant5389/web_project_1/styles/style.css
> git cat-file -s a05170480b551faa80a4f849b1a317fa000dc343
> git show --textconv :blocks/header/__main-illustration/header__main-illustration.css
> git ls-files --stage -- /home/ant5389/web_project_1/blocks/header/__main-illustration/header__main-illustration.css
> git check-ignore -v -z --stdin
> git status -z -u
> git symbolic-ref --short HEAD
> git rev-parse main
> git rev-parse --symbolic-full-name main@{u}
> git rev-list --left-right main...refs/remotes/origin/main
> git for-each-ref --sort -committerdate --format %(refname) %(objectname)
> git remote --verbose
> git config --get commit.template
> git show --textconv :styles/style.css
> git ls-files --stage -- /home/ant5389/web_project_1/styles/style.css
> git cat-file -s a05170480b551faa80a4f849b1a317fa000dc343
> git show --textconv :blocks/header/__square-pic/header__square-pic.css
> git ls-files --stage -- /home/ant5389/web_project_1/blocks/header/__square-pic/header__square-pic.css
> git check-ignore -v -z --stdin
> git status -z -u
> git symbolic-ref --short HEAD
> git rev-parse main
> git rev-parse --symbolic-full-name main@{u}
> git rev-list --left-right main...refs/remotes/origin/main
> git for-each-ref --sort -committerdate --format %(refname) %(objectname)
> git remote --verbose
> git config --get commit.template
> git show --textconv :styles/style.css
> git ls-files --stage -- /home/ant5389/web_project_1/styles/style.css
> git cat-file -s a05170480b551faa80a4f849b1a317fa000dc343
> git show --textconv :blocks/description/description.css
> git ls-files --stage -- /home/ant5389/web_project_1/blocks/description/description.css
> git check-ignore -v -z --stdin
> git status -z -u
> git symbolic-ref --short HEAD
> git rev-parse main
> git rev-parse --symbolic-full-name main@{u}
> git rev-list --left-right main...refs/remotes/origin/main
> git for-each-ref --sort -committerdate --format %(refname) %(objectname)
> git remote --verbose
> git config --get commit.template
> git show --textconv :styles/style.css
> git ls-files --stage -- /home/ant5389/web_project_1/styles/style.css
> git cat-file -s a05170480b551faa80a4f849b1a317fa000dc343
> git show --textconv :blocks/two-columns/two-columns.css
> git ls-files --stage -- /home/ant5389/web_project_1/blocks/two-columns/two-columns.css
> git check-ignore -v -z --stdin
> git status -z -u
> git symbolic-ref --short HEAD
> git rev-parse main
> git rev-parse --symbolic-full-name main@{u}
> git rev-list --left-right main...refs/remotes/origin/main
> git for-each-ref --sort -committerdate --format %(refname) %(objectname)
> git remote --verbose
> git config --get commit.template
> git show --textconv :styles/style.css
> git ls-files --stage -- /home/ant5389/web_project_1/styles/style.css
> git cat-file -s a05170480b551faa80a4f849b1a317fa000dc343
> git check-ignore -v -z --stdin
> git status -z -u
> git symbolic-ref --short HEAD
> git rev-parse main
> git rev-parse --symbolic-full-name main@{u}
> git rev-list --left-right main...refs/remotes/origin/main
> git for-each-ref --sort -committerdate --format %(refname) %(objectname)
> git remote --verbose
> git config --get commit.template
> git check-ignore -v -z --stdin
> git status -z -u
> git symbolic-ref --short HEAD
> git rev-parse main
> git rev-parse --symbolic-full-name main@{u}
> git rev-list --left-right main...refs/remotes/origin/main
> git for-each-ref --sort -committerdate --format %(refname) %(objectname)
> git remote --verbose
> git config --get commit.template
> git check-ignore -v -z --stdin
> git status -z -u
> git symbolic-ref --short HEAD
> git rev-parse main
> git rev-parse --symbolic-full-name main@{u}
> git rev-list --left-right main...refs/remotes/origin/main
> git for-each-ref --sort -committerdate --format %(refname) %(objectname)
> git remote --verbose
> git config --get commit.template
> git check-ignore -v -z --stdin
> git status -z -u
> git symbolic-ref --short HEAD
> git rev-parse main
> git rev-parse --symbolic-full-name main@{u}
> git rev-list --left-right main...refs/remotes/origin/main
> git for-each-ref --sort -committerdate --format %(refname) %(objectname)
> git remote --verbose
> git config --get commit.template
> git show --textconv :blocks/two-columns/__brief/two-columns__brief.css
> git ls-files --stage -- /home/ant5389/web_project_1/blocks/two-columns/__brief/two-columns__brief.css
> git check-ignore -v -z --stdin
> git status -z -u
> git symbolic-ref --short HEAD
> git rev-parse main
> git rev-parse --symbolic-full-name main@{u}
> git rev-list --left-right main...refs/remotes/origin/main
> git for-each-ref --sort -committerdate --format %(refname) %(objectname)
> git remote --verbose
> git config --get commit.template
> git show --textconv :styles/style.css
> git ls-files --stage -- /home/ant5389/web_project_1/styles/style.css
> git cat-file -s a05170480b551faa80a4f849b1a317fa000dc343
> git show --textconv :blocks/two-columns/__main-text/two-columns__main-text.css
> git ls-files --stage -- /home/ant5389/web_project_1/blocks/two-columns/__main-text/two-columns__main-text.css
> git check-ignore -v -z --stdin
> git status -z -u
> git symbolic-ref --short HEAD
> git rev-parse main
> git rev-parse --symbolic-full-name main@{u}
> git rev-list --left-right main...refs/remotes/origin/main
> git for-each-ref --sort -committerdate --format %(refname) %(objectname)
> git remote --verbose
> git config --get commit.template
> git show --textconv :styles/style.css
> git ls-files --stage -- /home/ant5389/web_project_1/styles/style.css
> git cat-file -s a05170480b551faa80a4f849b1a317fa000dc343
> git show --textconv :blocks/two-columns/__paragraph/two-columns__paragraph.css
> git ls-files --stage -- /home/ant5389/web_project_1/blocks/two-columns/__paragraph/two-columns__paragraph.css
> git check-ignore -v -z --stdin
> git status -z -u
> git symbolic-ref --short HEAD
> git rev-parse main
> git rev-parse --symbolic-full-name main@{u}
> git rev-list --left-right main...refs/remotes/origin/main
> git for-each-ref --sort -committerdate --format %(refname) %(objectname)
> git remote --verbose
> git config --get commit.template
> git show --textconv :styles/style.css
> git ls-files --stage -- /home/ant5389/web_project_1/styles/style.css
> git cat-file -s a05170480b551faa80a4f849b1a317fa000dc343
> git show --textconv :blocks/two-columns/__span-accent/two-columns__span-accent.css
> git ls-files --stage -- /home/ant5389/web_project_1/blocks/two-columns/__span-accent/two-columns__span-accent.css
> git check-ignore -v -z --stdin
> git status -z -u
> git symbolic-ref --short HEAD
> git rev-parse main
> git rev-parse --symbolic-full-name main@{u}
> git rev-list --left-right main...refs/remotes/origin/main
> git for-each-ref --sort -committerdate --format %(refname) %(objectname)
> git remote --verbose
> git config --get commit.template
> git show --textconv :styles/style.css
> git ls-files --stage -- /home/ant5389/web_project_1/styles/style.css
> git cat-file -s a05170480b551faa80a4f849b1a317fa000dc343
> git show --textconv :blocks/cards/cards.css
> git ls-files --stage -- /home/ant5389/web_project_1/blocks/cards/cards.css
> git check-ignore -v -z --stdin
> git status -z -u
> git symbolic-ref --short HEAD
> git rev-parse main
> git rev-parse --symbolic-full-name main@{u}
> git rev-list --left-right main...refs/remotes/origin/main
> git for-each-ref --sort -committerdate --format %(refname) %(objectname)
> git remote --verbose
> git config --get commit.template
> git show --textconv :styles/style.css
> git ls-files --stage -- /home/ant5389/web_project_1/styles/style.css
> git cat-file -s a05170480b551faa80a4f849b1a317fa000dc343
> git check-ignore -v -z --stdin
> git status -z -u
> git symbolic-ref --short HEAD
> git rev-parse main
> git rev-parse --symbolic-full-name main@{u}
> git rev-list --left-right main...refs/remotes/origin/main
> git for-each-ref --sort -committerdate --format %(refname) %(objectname)
> git remote --verbose
> git config --get commit.template
> git check-ignore -v -z --stdin
> git status -z -u
> git symbolic-ref --short HEAD
> git rev-parse main
> git rev-parse --symbolic-full-name main@{u}
> git rev-list --left-right main...refs/remotes/origin/main
> git for-each-ref --sort -committerdate --format %(refname) %(objectname)
> git remote --verbose
> git config --get commit.template
> git check-ignore -v -z --stdin
> git status -z -u
> git symbolic-ref --short HEAD
> git rev-parse main
> git rev-parse --symbolic-full-name main@{u}
> git rev-list --left-right main...refs/remotes/origin/main
> git for-each-ref --sort -committerdate --format %(refname) %(objectname)
> git remote --verbose
> git config --get commit.template
> git check-ignore -v -z --stdin
> git status -z -u
> git symbolic-ref --short HEAD
> git rev-parse main
> git rev-parse --symbolic-full-name main@{u}
> git rev-list --left-right main...refs/remotes/origin/main
> git for-each-ref --sort -committerdate --format %(refname) %(objectname)
> git remote --verbose
> git config --get commit.template
> git show --textconv :blocks/cards/__title/cards__item.css
> git ls-files --stage -- /home/ant5389/web_project_1/blocks/cards/__title/cards__item.css
> git check-ignore -v -z --stdin
> git status -z -u
> git symbolic-ref --short HEAD
> git rev-parse main
> git rev-parse --symbolic-full-name main@{u}
> git rev-list --left-right main...refs/remotes/origin/main
> git for-each-ref --sort -committerdate --format %(refname) %(objectname)
> git remote --verbose
> git config --get commit.template
> git show --textconv :styles/style.css
> git ls-files --stage -- /home/ant5389/web_project_1/styles/style.css
> git cat-file -s a05170480b551faa80a4f849b1a317fa000dc343
> git show --textconv :blocks/cards/__title/cards__item.css
> git ls-files --stage -- /home/ant5389/web_project_1/blocks/cards/__title/cards__item.css
> git show --textconv :styles/style.css
> git ls-files --stage -- /home/ant5389/web_project_1/styles/style.css
> git cat-file -s a05170480b551faa80a4f849b1a317fa000dc343
> git check-ignore -v -z --stdin
> git status -z -u
> git symbolic-ref --short HEAD
> git rev-parse main
> git rev-parse --symbolic-full-name main@{u}
> git rev-list --left-right main...refs/remotes/origin/main
> git for-each-ref --sort -committerdate --format %(refname) %(objectname)
> git remote --verbose
> git config --get commit.template
> git show --textconv :blocks/cards/__item/cards__item.css
> git ls-files --stage -- /home/ant5389/web_project_1/blocks/cards/__item/cards__item.css
> git check-ignore -v -z --stdin
> git status -z -u
> git symbolic-ref --short HEAD
> git rev-parse main
> git rev-parse --symbolic-full-name main@{u}
> git rev-list --left-right main...refs/remotes/origin/main
> git for-each-ref --sort -committerdate --format %(refname) %(objectname)
> git remote --verbose
> git config --get commit.template
> git show --textconv :styles/style.css
> git ls-files --stage -- /home/ant5389/web_project_1/styles/style.css
> git cat-file -s a05170480b551faa80a4f849b1a317fa000dc343
> git show --textconv :blocks/cards/__image/cards__image.css
> git ls-files --stage -- /home/ant5389/web_project_1/blocks/cards/__image/cards__image.css
> git check-ignore -v -z --stdin
> git status -z -u
> git symbolic-ref --short HEAD
> git rev-parse main
> git rev-parse --symbolic-full-name main@{u}
> git rev-list --left-right main...refs/remotes/origin/main
> git for-each-ref --sort -committerdate --format %(refname) %(objectname)
> git remote --verbose
> git config --get commit.template
> git show --textconv :styles/style.css
> git ls-files --stage -- /home/ant5389/web_project_1/styles/style.css
> git cat-file -s a05170480b551faa80a4f849b1a317fa000dc343
> git show --textconv :blocks/cards/__description/cards__description.css
> git ls-files --stage -- /home/ant5389/web_project_1/blocks/cards/__description/cards__description.css
> git check-ignore -v -z --stdin
> git status -z -u
> git symbolic-ref --short HEAD
> git rev-parse main
> git rev-parse --symbolic-full-name main@{u}
> git rev-list --left-right main...refs/remotes/origin/main
> git for-each-ref --sort -committerdate --format %(refname) %(objectname)
> git remote --verbose
> git config --get commit.template
> git show --textconv :styles/style.css
> git ls-files --stage -- /home/ant5389/web_project_1/styles/style.css
> git cat-file -s a05170480b551faa80a4f849b1a317fa000dc343
> git show --textconv :blocks/video/video.css
> git ls-files --stage -- /home/ant5389/web_project_1/blocks/video/video.css
> git check-ignore -v -z --stdin
> git status -z -u
> git symbolic-ref --short HEAD
> git rev-parse main
> git rev-parse --symbolic-full-name main@{u}
> git rev-list --left-right main...refs/remotes/origin/main
> git for-each-ref --sort -committerdate --format %(refname) %(objectname)
> git remote --verbose
> git config --get commit.template
> git show --textconv :styles/style.css
> git ls-files --stage -- /home/ant5389/web_project_1/styles/style.css
> git cat-file -s a05170480b551faa80a4f849b1a317fa000dc343
> git check-ignore -v -z --stdin
> git status -z -u
> git symbolic-ref --short HEAD
> git rev-parse main
> git rev-parse --symbolic-full-name main@{u}
> git rev-list --left-right main...refs/remotes/origin/main
> git for-each-ref --sort -committerdate --format %(refname) %(objectname)
> git remote --verbose
> git config --get commit.template
> git show --textconv :blocks/video/__iframe/video__iframe.css
> git ls-files --stage -- /home/ant5389/web_project_1/blocks/video/__iframe/video__iframe.css
> git check-ignore -v -z --stdin
> git status -z -u
> git symbolic-ref --short HEAD
> git rev-parse main
> git rev-parse --symbolic-full-name main@{u}
> git rev-list --left-right main...refs/remotes/origin/main
> git for-each-ref --sort -committerdate --format %(refname) %(objectname)
> git remote --verbose
> git config --get commit.template
> git show --textconv :styles/style.css
> git ls-files --stage -- /home/ant5389/web_project_1/styles/style.css
> git cat-file -s a05170480b551faa80a4f849b1a317fa000dc343
> git show --textconv :blocks/oakley/oakley.css
> git ls-files --stage -- /home/ant5389/web_project_1/blocks/oakley/oakley.css
> git check-ignore -v -z --stdin
> git status -z -u
> git symbolic-ref --short HEAD
> git rev-parse main
> git rev-parse --symbolic-full-name main@{u}
> git rev-list --left-right main...refs/remotes/origin/main
> git for-each-ref --sort -committerdate --format %(refname) %(objectname)
> git remote --verbose
> git config --get commit.template
> git show --textconv :styles/style.css
> git ls-files --stage -- /home/ant5389/web_project_1/styles/style.css
> git cat-file -s a05170480b551faa80a4f849b1a317fa000dc343
> git show --textconv :blocks/digits/digits.css
> git ls-files --stage -- /home/ant5389/web_project_1/blocks/digits/digits.css
> git check-ignore -v -z --stdin
> git status -z -u
> git symbolic-ref --short HEAD
> git rev-parse main
> git rev-parse --symbolic-full-name main@{u}
> git rev-list --left-right main...refs/remotes/origin/main
> git for-each-ref --sort -committerdate --format %(refname) %(objectname)
> git remote --verbose
> git config --get commit.template
> git show --textconv :styles/style.css
> git ls-files --stage -- /home/ant5389/web_project_1/styles/style.css
> git cat-file -s a05170480b551faa80a4f849b1a317fa000dc343
> git show --textconv :blocks/section-title/section-title.css
> git ls-files --stage -- /home/ant5389/web_project_1/blocks/section-title/section-title.css
> git check-ignore -v -z --stdin
> git status -z -u
> git symbolic-ref --short HEAD
> git rev-parse main
> git rev-parse --symbolic-full-name main@{u}
> git rev-list --left-right main...refs/remotes/origin/main
> git for-each-ref --sort -committerdate --format %(refname) %(objectname)
> git remote --verbose
> git config --get commit.template
> git show --textconv :styles/style.css
> git ls-files --stage -- /home/ant5389/web_project_1/styles/style.css
> git cat-file -s a05170480b551faa80a4f849b1a317fa000dc343
> git show --textconv :blocks/section-subtitle/section-subtitle.css
> git ls-files --stage -- /home/ant5389/web_project_1/blocks/section-subtitle/section-subtitle.css
> git check-ignore -v -z --stdin
> git status -z -u
> git symbolic-ref --short HEAD
> git rev-parse main
> git rev-parse --symbolic-full-name main@{u}
> git rev-list --left-right main...refs/remotes/origin/main
> git for-each-ref --sort -committerdate --format %(refname) %(objectname)
> git remote --verbose
> git config --get commit.template
> git show --textconv :styles/style.css
> git ls-files --stage -- /home/ant5389/web_project_1/styles/style.css
> git cat-file -s a05170480b551faa80a4f849b1a317fa000dc343
> git show --textconv :blocks/table/table.css
> git ls-files --stage -- /home/ant5389/web_project_1/blocks/table/table.css
> git check-ignore -v -z --stdin
> git status -z -u
> git symbolic-ref --short HEAD
> git rev-parse main
> git rev-parse --symbolic-full-name main@{u}
> git rev-list --left-right main...refs/remotes/origin/main
> git for-each-ref --sort -committerdate --format %(refname) %(objectname)
> git remote --verbose
> git config --get commit.template
> git show --textconv :styles/style.css
> git ls-files --stage -- /home/ant5389/web_project_1/styles/style.css
> git cat-file -s a05170480b551faa80a4f849b1a317fa000dc343
> git check-ignore -v -z --stdin
> git status -z -u
> git symbolic-ref --short HEAD
> git rev-parse main
> git rev-parse --symbolic-full-name main@{u}
> git rev-list --left-right main...refs/remotes/origin/main
> git for-each-ref --sort -committerdate --format %(refname) %(objectname)
> git remote --verbose
> git config --get commit.template
> git check-ignore -v -z --stdin
> git status -z -u
> git symbolic-ref --short HEAD
> git rev-parse main
> git rev-parse --symbolic-full-name main@{u}
> git rev-list --left-right main...refs/remotes/origin/main
> git for-each-ref --sort -committerdate --format %(refname) %(objectname)
> git remote --verbose
> git config --get commit.template
> git check-ignore -v -z --stdin
> git status -z -u
> git symbolic-ref --short HEAD
> git rev-parse main
> git rev-parse --symbolic-full-name main@{u}
> git rev-list --left-right main...refs/remotes/origin/main
> git for-each-ref --sort -committerdate --format %(refname) %(objectname)
> git remote --verbose
> git config --get commit.template
> git show --textconv :blocks/feynman/feynman.css
> git ls-files --stage -- /home/ant5389/web_project_1/blocks/feynman/feynman.css
> git check-ignore -v -z --stdin
> git status -z -u
> git symbolic-ref --short HEAD
> git rev-parse main
> git rev-parse --symbolic-full-name main@{u}
> git rev-list --left-right main...refs/remotes/origin/main
> git for-each-ref --sort -committerdate --format %(refname) %(objectname)
> git remote --verbose
> git config --get commit.template
> git show --textconv :styles/style.css
> git ls-files --stage -- /home/ant5389/web_project_1/styles/style.css
> git cat-file -s a05170480b551faa80a4f849b1a317fa000dc343
> git check-ignore -v -z --stdin
> git status -z -u
> git symbolic-ref --short HEAD
> git rev-parse main
> git rev-parse --symbolic-full-name main@{u}
> git rev-list --left-right main...refs/remotes/origin/main
> git for-each-ref --sort -committerdate --format %(refname) %(objectname)
> git remote --verbose
> git config --get commit.template
> git check-ignore -v -z --stdin
> git status -z -u
> git symbolic-ref --short HEAD
> git rev-parse main
> git rev-parse --symbolic-full-name main@{u}
> git rev-list --left-right main...refs/remotes/origin/main
> git for-each-ref --sort -committerdate --format %(refname) %(objectname)
> git remote --verbose
> git config --get commit.template
> git check-ignore -v -z --stdin
> git status -z -u
> git symbolic-ref --short HEAD
> git rev-parse main
> git rev-parse --symbolic-full-name main@{u}
> git rev-list --left-right main...refs/remotes/origin/main
> git for-each-ref --sort -committerdate --format %(refname) %(objectname)
> git remote --verbose
> git config --get commit.template
> git check-ignore -v -z --stdin
> git status -z -u
> git symbolic-ref --short HEAD
> git rev-parse main
> git rev-parse --symbolic-full-name main@{u}
> git rev-list --left-right main...refs/remotes/origin/main
> git for-each-ref --sort -committerdate --format %(refname) %(objectname)
> git remote --verbose
> git config --get commit.template
> git show --textconv :blocks/feynman/__title/feynman__title.css
> git ls-files --stage -- /home/ant5389/web_project_1/blocks/feynman/__title/feynman__title.css
> git check-ignore -v -z --stdin
> git status -z -u
> git symbolic-ref --short HEAD
> git rev-parse main
> git rev-parse --symbolic-full-name main@{u}
> git rev-list --left-right main...refs/remotes/origin/main
> git for-each-ref --sort -committerdate --format %(refname) %(objectname)
> git remote --verbose
> git config --get commit.template
> git show --textconv :styles/style.css
> git ls-files --stage -- /home/ant5389/web_project_1/styles/style.css
> git cat-file -s a05170480b551faa80a4f849b1a317fa000dc343
> git show --textconv :blocks/feynman/__subtitle/feynman__subtitle.css
> git ls-files --stage -- /home/ant5389/web_project_1/blocks/feynman/__subtitle/feynman__subtitle.css
> git check-ignore -v -z --stdin
> git status -z -u
> git symbolic-ref --short HEAD
> git rev-parse main
> git rev-parse --symbolic-full-name main@{u}
> git rev-list --left-right main...refs/remotes/origin/main
> git for-each-ref --sort -committerdate --format %(refname) %(objectname)
> git remote --verbose
> git config --get commit.template
> git show --textconv :styles/style.css
> git ls-files --stage -- /home/ant5389/web_project_1/styles/style.css
> git cat-file -s a05170480b551faa80a4f849b1a317fa000dc343
> git show --textconv :blocks/feynman/__link/feynman__link.css
> git ls-files --stage -- /home/ant5389/web_project_1/blocks/feynman/__link/feynman__link.css
> git check-ignore -v -z --stdin
> git status -z -u
> git symbolic-ref --short HEAD
> git rev-parse main
> git rev-parse --symbolic-full-name main@{u}
> git rev-list --left-right main...refs/remotes/origin/main
> git for-each-ref --sort -committerdate --format %(refname) %(objectname)
> git remote --verbose
> git config --get commit.template
> git show --textconv :styles/style.css
> git ls-files --stage -- /home/ant5389/web_project_1/styles/style.css
> git cat-file -s a05170480b551faa80a4f849b1a317fa000dc343
> git show --textconv :blocks/feynman/__image/feynman__image.css
> git ls-files --stage -- /home/ant5389/web_project_1/blocks/feynman/__image/feynman__image.css
> git check-ignore -v -z --stdin
> git status -z -u
> git symbolic-ref --short HEAD
> git rev-parse main
> git rev-parse --symbolic-full-name main@{u}
> git rev-list --left-right main...refs/remotes/origin/main
> git for-each-ref --sort -committerdate --format %(refname) %(objectname)
> git remote --verbose
> git config --get commit.template
> git show --textconv :styles/style.css
> git ls-files --stage -- /home/ant5389/web_project_1/styles/style.css
> git cat-file -s a05170480b551faa80a4f849b1a317fa000dc343
> git status -z -u
> git symbolic-ref --short HEAD
> git rev-parse main
> git rev-parse --symbolic-full-name main@{u}
> git rev-list --left-right main...refs/remotes/origin/main
> git for-each-ref --sort -committerdate --format %(refname) %(objectname)
> git remote --verbose
> git config --get commit.template
> git show --textconv :blocks/khan/khan.css
> git ls-files --stage -- /home/ant5389/web_project_1/blocks/khan/khan.css
> git check-ignore -v -z --stdin
> git show --textconv :styles/style.css
> git ls-files --stage -- /home/ant5389/web_project_1/styles/style.css
> git cat-file -s a05170480b551faa80a4f849b1a317fa000dc343
> git status -z -u
> git symbolic-ref --short HEAD
> git rev-parse main
> git rev-parse --symbolic-full-name main@{u}
> git rev-list --left-right main...refs/remotes/origin/main
> git for-each-ref --sort -committerdate --format %(refname) %(objectname)
> git remote --verbose
> git config --get commit.template
> git check-ignore -v -z --stdin
> git status -z -u
> git symbolic-ref --short HEAD
> git rev-parse main
> git rev-parse --symbolic-full-name main@{u}
> git rev-list --left-right main...refs/remotes/origin/main
> git for-each-ref --sort -committerdate --format %(refname) %(objectname)
> git remote --verbose
> git config --get commit.template
> git check-ignore -v -z --stdin
> git status -z -u
> git symbolic-ref --short HEAD
> git rev-parse main
> git rev-parse --symbolic-full-name main@{u}
> git rev-list --left-right main...refs/remotes/origin/main
> git for-each-ref --sort -committerdate --format %(refname) %(objectname)
> git remote --verbose
> git config --get commit.template
> git check-ignore -v -z --stdin
> git status -z -u
> git symbolic-ref --short HEAD
> git rev-parse main
> git rev-parse --symbolic-full-name main@{u}
> git rev-list --left-right main...refs/remotes/origin/main
> git for-each-ref --sort -committerdate --format %(refname) %(objectname)
> git remote --verbose
> git config --get commit.template
> git check-ignore -v -z --stdin
> git status -z -u
> git symbolic-ref --short HEAD
> git rev-parse main
> git rev-parse --symbolic-full-name main@{u}
> git rev-list --left-right main...refs/remotes/origin/main
> git for-each-ref --sort -committerdate --format %(refname) %(objectname)
> git remote --verbose
> git config --get commit.template
> git show --textconv :blocks/khan/khan.css
> git ls-files --stage -- /home/ant5389/web_project_1/blocks/khan/khan.css
> git show --textconv :styles/style.css
> git ls-files --stage -- /home/ant5389/web_project_1/styles/style.css
> git cat-file -s a05170480b551faa80a4f849b1a317fa000dc343
> git check-ignore -v -z --stdin
> git status -z -u
> git symbolic-ref --short HEAD
> git rev-parse main
> git rev-parse --symbolic-full-name main@{u}
> git rev-list --left-right main...refs/remotes/origin/main
> git for-each-ref --sort -committerdate --format %(refname) %(objectname)
> git remote --verbose
> git config --get commit.template
> git check-ignore -v -z --stdin
> git status -z -u
> git symbolic-ref --short HEAD
> git rev-parse main
> git rev-parse --symbolic-full-name main@{u}
> git rev-list --left-right main...refs/remotes/origin/main
> git for-each-ref --sort -committerdate --format %(refname) %(objectname)
> git remote --verbose
> git config --get commit.template
> git check-ignore -v -z --stdin
> git status -z -u
> git symbolic-ref --short HEAD
> git rev-parse main
> git rev-parse --symbolic-full-name main@{u}
> git rev-list --left-right main...refs/remotes/origin/main
> git for-each-ref --sort -committerdate --format %(refname) %(objectname)
> git remote --verbose
> git config --get commit.template
> git check-ignore -v -z --stdin
> git status -z -u
> git symbolic-ref --short HEAD
> git rev-parse main
> git rev-parse --symbolic-full-name main@{u}
> git rev-list --left-right main...refs/remotes/origin/main
> git for-each-ref --sort -committerdate --format %(refname) %(objectname)
> git remote --verbose
> git config --get commit.template
> git check-ignore -v -z --stdin
> git status -z -u
> git symbolic-ref --short HEAD
> git rev-parse main
> git rev-parse --symbolic-full-name main@{u}
> git rev-list --left-right main...refs/remotes/origin/main
> git for-each-ref --sort -committerdate --format %(refname) %(objectname)
> git remote --verbose
> git config --get commit.template
> git show --textconv :blocks/khan/__container/khan__container.css
> git ls-files --stage -- /home/ant5389/web_project_1/blocks/khan/__container/khan__container.css
> git check-ignore -v -z --stdin
> git status -z -u
> git symbolic-ref --short HEAD
> git rev-parse main
> git rev-parse --symbolic-full-name main@{u}
> git rev-list --left-right main...refs/remotes/origin/main
> git for-each-ref --sort -committerdate --format %(refname) %(objectname)
> git remote --verbose
> git config --get commit.template
> git show --textconv :styles/style.css
> git ls-files --stage -- /home/ant5389/web_project_1/styles/style.css
> git cat-file -s a05170480b551faa80a4f849b1a317fa000dc343
> git show --textconv :blocks/khan/__author/khan__author.css
> git ls-files --stage -- /home/ant5389/web_project_1/blocks/khan/__author/khan__author.css
> git check-ignore -v -z --stdin
> git status -z -u
> git symbolic-ref --short HEAD
> git rev-parse main
> git rev-parse --symbolic-full-name main@{u}
> git rev-list --left-right main...refs/remotes/origin/main
> git for-each-ref --sort -committerdate --format %(refname) %(objectname)
> git remote --verbose
> git config --get commit.template
> git show --textconv :styles/style.css
> git ls-files --stage -- /home/ant5389/web_project_1/styles/style.css
> git cat-file -s a05170480b551faa80a4f849b1a317fa000dc343
> git show --textconv :blocks/khan/__title/khan__title.css
> git ls-files --stage -- /home/ant5389/web_project_1/blocks/khan/__title/khan__title.css
> git check-ignore -v -z --stdin
> git status -z -u
> git symbolic-ref --short HEAD
> git rev-parse main
> git rev-parse --symbolic-full-name main@{u}
> git rev-list --left-right main...refs/remotes/origin/main
> git for-each-ref --sort -committerdate --format %(refname) %(objectname)
> git remote --verbose
> git config --get commit.template
> git show --textconv :styles/style.css
> git ls-files --stage -- /home/ant5389/web_project_1/styles/style.css
> git cat-file -s a05170480b551faa80a4f849b1a317fa000dc343
> git show --textconv :blocks/khan/__quote/khan__quote.css
> git ls-files --stage -- /home/ant5389/web_project_1/blocks/khan/__quote/khan__quote.css
> git check-ignore -v -z --stdin
> git status -z -u
> git symbolic-ref --short HEAD
> git rev-parse main
> git rev-parse --symbolic-full-name main@{u}
> git rev-list --left-right main...refs/remotes/origin/main
> git for-each-ref --sort -committerdate --format %(refname) %(objectname)
> git remote --verbose
> git config --get commit.template
> git show --textconv :styles/style.css
> git ls-files --stage -- /home/ant5389/web_project_1/styles/style.css
> git cat-file -s a05170480b551faa80a4f849b1a317fa000dc343
> git show --textconv :blocks/khan/__quote-author/khan__quote-author.css
> git ls-files --stage -- /home/ant5389/web_project_1/blocks/khan/__quote-author/khan__quote-author.css
> git check-ignore -v -z --stdin
> git status -z -u
> git symbolic-ref --short HEAD
> git rev-parse main
> git rev-parse --symbolic-full-name main@{u}
> git rev-list --left-right main...refs/remotes/origin/main
> git for-each-ref --sort -committerdate --format %(refname) %(objectname)
> git remote --verbose
> git config --get commit.template
> git show --textconv :styles/style.css
> git ls-files --stage -- /home/ant5389/web_project_1/styles/style.css
> git cat-file -s a05170480b551faa80a4f849b1a317fa000dc343
> git show --textconv :blocks/khan/__quote-author-subline/khan__quote-author-subline.css
> git ls-files --stage -- /home/ant5389/web_project_1/blocks/khan/__quote-author-subline/khan__quote-author-subline.css
> git check-ignore -v -z --stdin
> git status -z -u
> git symbolic-ref --short HEAD
> git rev-parse main
> git rev-parse --symbolic-full-name main@{u}
> git rev-list --left-right main...refs/remotes/origin/main
> git for-each-ref --sort -committerdate --format %(refname) %(objectname)
> git remote --verbose
> git config --get commit.template
> git show --textconv :styles/style.css
> git ls-files --stage -- /home/ant5389/web_project_1/styles/style.css
> git cat-file -s a05170480b551faa80a4f849b1a317fa000dc343
> git show --textconv :blocks/khan/__book-container/khan__book-container
> git ls-files --stage -- /home/ant5389/web_project_1/blocks/khan/__book-container/khan__book-container
> git check-ignore -v -z --stdin
> git status -z -u
> git symbolic-ref --short HEAD
> git rev-parse main
> git rev-parse --symbolic-full-name main@{u}
> git rev-list --left-right main...refs/remotes/origin/main
> git for-each-ref --sort -committerdate --format %(refname) %(objectname)
> git remote --verbose
> git config --get commit.template
> git show --textconv :blocks/khan/__book-container/khan__book-container.css
> git ls-files --stage -- /home/ant5389/web_project_1/blocks/khan/__book-container/khan__book-container.css
> git check-ignore -v -z --stdin
> git status -z -u
> git symbolic-ref --short HEAD
> git rev-parse main
> git rev-parse --symbolic-full-name main@{u}
> git rev-list --left-right main...refs/remotes/origin/main
> git for-each-ref --sort -committerdate --format %(refname) %(objectname)
> git remote --verbose
> git config --get commit.template
> git show --textconv :styles/style.css
> git ls-files --stage -- /home/ant5389/web_project_1/styles/style.css
> git cat-file -s a05170480b551faa80a4f849b1a317fa000dc343
> git show --textconv :blocks/khan/__book-pic/khan__book-pic.css
> git ls-files --stage -- /home/ant5389/web_project_1/blocks/khan/__book-pic/khan__book-pic.css
> git check-ignore -v -z --stdin
> git status -z -u
> git symbolic-ref --short HEAD
> git rev-parse main
> git rev-parse --symbolic-full-name main@{u}
> git rev-list --left-right main...refs/remotes/origin/main
> git for-each-ref --sort -committerdate --format %(refname) %(objectname)
> git remote --verbose
> git config --get commit.template
> git show --textconv :styles/style.css
> git ls-files --stage -- /home/ant5389/web_project_1/styles/style.css
> git cat-file -s a05170480b551faa80a4f849b1a317fa000dc343
> git show --textconv :blocks/khan/__buy-link/khan__buy-link.css
> git ls-files --stage -- /home/ant5389/web_project_1/blocks/khan/__buy-link/khan__buy-link.css
> git check-ignore -v -z --stdin
> git status -z -u
> git symbolic-ref --short HEAD
> git rev-parse main
> git rev-parse --symbolic-full-name main@{u}
> git rev-list --left-right main...refs/remotes/origin/main
> git for-each-ref --sort -committerdate --format %(refname) %(objectname)
> git remote --verbose
> git config --get commit.template
> git show --textconv :styles/style.css
> git ls-files --stage -- /home/ant5389/web_project_1/styles/style.css
> git cat-file -s a05170480b551faa80a4f849b1a317fa000dc343
> git show --textconv :blocks/kaufman/kaufman.css
> git ls-files --stage -- /home/ant5389/web_project_1/blocks/kaufman/kaufman.css
> git check-ignore -v -z --stdin
> git status -z -u
> git symbolic-ref --short HEAD
> git rev-parse main
> git rev-parse --symbolic-full-name main@{u}
> git rev-list --left-right main...refs/remotes/origin/main
> git for-each-ref --sort -committerdate --format %(refname) %(objectname)
> git remote --verbose
> git config --get commit.template
> git show --textconv :styles/style.css
> git ls-files --stage -- /home/ant5389/web_project_1/styles/style.css
> git cat-file -s a05170480b551faa80a4f849b1a317fa000dc343
> git check-ignore -v -z --stdin
> git status -z -u
> git symbolic-ref --short HEAD
> git rev-parse main
> git rev-parse --symbolic-full-name main@{u}
> git rev-list --left-right main...refs/remotes/origin/main
> git for-each-ref --sort -committerdate --format %(refname) %(objectname)
> git remote --verbose
> git config --get commit.template
> git show --textconv :blocks/kaufman/__triangle/kaufman__triangle.css
> git ls-files --stage -- /home/ant5389/web_project_1/blocks/kaufman/__triangle/kaufman__triangle.css
> git check-ignore -v -z --stdin
> git status -z -u
> git symbolic-ref --short HEAD
> git rev-parse main
> git rev-parse --symbolic-full-name main@{u}
> git rev-list --left-right main...refs/remotes/origin/main
> git for-each-ref --sort -committerdate --format %(refname) %(objectname)
> git remote --verbose
> git config --get commit.template
> git show --textconv :styles/style.css
> git ls-files --stage -- /home/ant5389/web_project_1/styles/style.css
> git cat-file -s a05170480b551faa80a4f849b1a317fa000dc343
> git check-ignore -v -z --stdin
> git status -z -u
> git symbolic-ref --short HEAD
> git rev-parse main
> git rev-parse --symbolic-full-name main@{u}
> git rev-list --left-right main...refs/remotes/origin/main
> git for-each-ref --sort -committerdate --format %(refname) %(objectname)
> git remote --verbose
> git config --get commit.template
> git show --textconv :blocks/section-title/_theme/section-title_theme_dark.css
> git ls-files --stage -- /home/ant5389/web_project_1/blocks/section-title/_theme/section-title_theme_dark.css
> git check-ignore -v -z --stdin
> git status -z -u
> git symbolic-ref --short HEAD
> git rev-parse main
> git rev-parse --symbolic-full-name main@{u}
> git rev-list --left-right main...refs/remotes/origin/main
> git for-each-ref --sort -committerdate --format %(refname) %(objectname)
> git remote --verbose
> git config --get commit.template
> git show --textconv :styles/style.css
> git ls-files --stage -- /home/ant5389/web_project_1/styles/style.css
> git cat-file -s a05170480b551faa80a4f849b1a317fa000dc343
> git check-ignore -v -z --stdin
> git status -z -u
> git symbolic-ref --short HEAD
> git rev-parse main
> git rev-parse --symbolic-full-name main@{u}
> git rev-list --left-right main...refs/remotes/origin/main
> git for-each-ref --sort -committerdate --format %(refname) %(objectname)
> git remote --verbose
> git config --get commit.template
> git show --textconv :blocks/section-subtitle/_theme/section-subtitle_theme_dark.css
> git ls-files --stage -- /home/ant5389/web_project_1/blocks/section-subtitle/_theme/section-subtitle_theme_dark.css
> git check-ignore -v -z --stdin
> git status -z -u
> git symbolic-ref --short HEAD
> git rev-parse main
> git rev-parse --symbolic-full-name main@{u}
> git rev-list --left-right main...refs/remotes/origin/main
> git for-each-ref --sort -committerdate --format %(refname) %(objectname)
> git remote --verbose
> git config --get commit.template
> git show --textconv :styles/style.css
> git ls-files --stage -- /home/ant5389/web_project_1/styles/style.css
> git cat-file -s a05170480b551faa80a4f849b1a317fa000dc343
> git show --textconv :blocks/table/__cell/table__cell.css
> git ls-files --stage -- /home/ant5389/web_project_1/blocks/table/__cell/table__cell.css
> git check-ignore -v -z --stdin
> git status -z -u
> git symbolic-ref --short HEAD
> git rev-parse main
> git rev-parse --symbolic-full-name main@{u}
> git rev-list --left-right main...refs/remotes/origin/main
> git for-each-ref --sort -committerdate --format %(refname) %(objectname)
> git remote --verbose
> git config --get commit.template
> git show --textconv :styles/style.css
> git ls-files --stage -- /home/ant5389/web_project_1/styles/style.css
> git cat-file -s a05170480b551faa80a4f849b1a317fa000dc343
> git check-ignore -v -z --stdin
> git status -z -u
> git symbolic-ref --short HEAD
> git rev-parse main
> git rev-parse --symbolic-full-name main@{u}
> git rev-list --left-right main...refs/remotes/origin/main
> git for-each-ref --sort -committerdate --format %(refname) %(objectname)
> git remote --verbose
> git config --get commit.template
> git status -z -u
> git check-ignore -v -z --stdin
> git symbolic-ref --short HEAD
> git rev-parse main
> git show --textconv :blocks/table/__heading/table__heading.css
> git ls-files --stage -- /home/ant5389/web_project_1/blocks/table/__heading/table__heading.css
> git rev-parse --symbolic-full-name main@{u}
> git rev-list --left-right main...refs/remotes/origin/main
> git for-each-ref --sort -committerdate --format %(refname) %(objectname)
> git remote --verbose
> git config --get commit.template
> git check-ignore -v -z --stdin
> git show --textconv :blocks/table/__text/table__text.css
> git ls-files --stage -- /home/ant5389/web_project_1/blocks/table/__text/table__text.css
> git status -z -u
> git symbolic-ref --short HEAD
> git rev-parse main
> git rev-parse --symbolic-full-name main@{u}
> git rev-list --left-right main...refs/remotes/origin/main
> git for-each-ref --sort -committerdate --format %(refname) %(objectname)
> git remote --verbose
> git config --get commit.template
> git show --textconv :blocks/table/__heading/table__heading.css
> git ls-files --stage -- /home/ant5389/web_project_1/blocks/table/__heading/table__heading.css
> git show --textconv :styles/style.css
> git ls-files --stage -- /home/ant5389/web_project_1/styles/style.css
> git cat-file -s a05170480b551faa80a4f849b1a317fa000dc343
> git show --textconv :blocks/table/__cell/_theme/table__cell_theme_dark.css
> git ls-files --stage -- /home/ant5389/web_project_1/blocks/table/__cell/_theme/table__cell_theme_dark.css
> git check-ignore -v -z --stdin
> git status -z -u
> git symbolic-ref --short HEAD
> git rev-parse main
> git rev-parse --symbolic-full-name main@{u}
> git rev-list --left-right main...refs/remotes/origin/main
> git for-each-ref --sort -committerdate --format %(refname) %(objectname)
> git remote --verbose
> git config --get commit.template
> git show --textconv :styles/style.css
> git ls-files --stage -- /home/ant5389/web_project_1/styles/style.css
> git cat-file -s a05170480b551faa80a4f849b1a317fa000dc343
> git check-ignore -v -z --stdin
> git status -z -u
> git symbolic-ref --short HEAD
> git rev-parse main
> git rev-parse --symbolic-full-name main@{u}
> git rev-list --left-right main...refs/remotes/origin/main
> git for-each-ref --sort -committerdate --format %(refname) %(objectname)
> git remote --verbose
> git config --get commit.template
> git check-ignore -v -z --stdin
> git show --textconv :blocks/table/__heading/_theme/table__heading_theme_dark.css
> git ls-files --stage -- /home/ant5389/web_project_1/blocks/table/__heading/_theme/table__heading_theme_dark.css
> git status -z -u
> git symbolic-ref --short HEAD
> git rev-parse main
> git rev-parse --symbolic-full-name main@{u}
> git rev-list --left-right main...refs/remotes/origin/main
> git for-each-ref --sort -committerdate --format %(refname) %(objectname)
> git remote --verbose
> git config --get commit.template
> git show --textconv :styles/style.css
> git ls-files --stage -- /home/ant5389/web_project_1/styles/style.css
> git cat-file -s a05170480b551faa80a4f849b1a317fa000dc343
> git check-ignore -v -z --stdin
> git status -z -u
> git symbolic-ref --short HEAD
> git rev-parse main
> git rev-parse --symbolic-full-name main@{u}
> git rev-list --left-right main...refs/remotes/origin/main
> git for-each-ref --sort -committerdate --format %(refname) %(objectname)
> git remote --verbose
> git config --get commit.template
> git show --textconv :blocks/table/__text/_theme/table__text_theme_dark.css
> git ls-files --stage -- /home/ant5389/web_project_1/blocks/table/__text/_theme/table__text_theme_dark.css
> git check-ignore -v -z --stdin
> git status -z -u
> git symbolic-ref --short HEAD
> git rev-parse main
> git rev-parse --symbolic-full-name main@{u}
> git rev-list --left-right main...refs/remotes/origin/main
> git for-each-ref --sort -committerdate --format %(refname) %(objectname)
> git remote --verbose
> git config --get commit.template
> git show --textconv :styles/style.css
> git ls-files --stage -- /home/ant5389/web_project_1/styles/style.css
> git cat-file -s a05170480b551faa80a4f849b1a317fa000dc343
> git check-ignore -v -z --stdin
> git status -z -u
> git show --textconv :blocks/resources/resources.css
> git ls-files --stage -- /home/ant5389/web_project_1/blocks/resources/resources.css
> git symbolic-ref --short HEAD
> git rev-parse main
> git rev-parse --symbolic-full-name main@{u}
> git rev-list --left-right main...refs/remotes/origin/main
> git for-each-ref --sort -committerdate --format %(refname) %(objectname)
> git remote --verbose
> git config --get commit.template
> git show --textconv :styles/style.css
> git ls-files --stage -- /home/ant5389/web_project_1/styles/style.css
> git cat-file -s a05170480b551faa80a4f849b1a317fa000dc343
> git check-ignore -v -z --stdin
> git status -z -u
> git symbolic-ref --short HEAD
> git rev-parse main
> git rev-parse --symbolic-full-name main@{u}
> git rev-list --left-right main...refs/remotes/origin/main
> git for-each-ref --sort -committerdate --format %(refname) %(objectname)
> git remote --verbose
> git config --get commit.template
> git check-ignore -v -z --stdin
> git status -z -u
> git symbolic-ref --short HEAD
> git rev-parse main
> git rev-parse --symbolic-full-name main@{u}
> git rev-list --left-right main...refs/remotes/origin/main
> git for-each-ref --sort -committerdate --format %(refname) %(objectname)
> git remote --verbose
> git config --get commit.template
> git show --textconv :blocks/resources/__logo/resources__logo.css
> git ls-files --stage -- /home/ant5389/web_project_1/blocks/resources/__logo/resources__logo.css
> git check-ignore -v -z --stdin
> git status -z -u
> git symbolic-ref --short HEAD
> git rev-parse main
> git rev-parse --symbolic-full-name main@{u}
> git rev-list --left-right main...refs/remotes/origin/main
> git for-each-ref --sort -committerdate --format %(refname) %(objectname)
> git remote --verbose
> git config --get commit.template
> git show --textconv :styles/style.css
> git ls-files --stage -- /home/ant5389/web_project_1/styles/style.css
> git cat-file -s a05170480b551faa80a4f849b1a317fa000dc343
> git check-ignore -v -z --stdin
> git show --textconv :blocks/resources/__logo-zone/resources__logo-zone.css
> git ls-files --stage -- /home/ant5389/web_project_1/blocks/resources/__logo-zone/resources__logo-zone.css
> git status -z -u
> git symbolic-ref --short HEAD
> git rev-parse main
> git rev-parse --symbolic-full-name main@{u}
> git rev-list --left-right main...refs/remotes/origin/main
> git for-each-ref --sort -committerdate --format %(refname) %(objectname)
> git remote --verbose
> git config --get commit.template
> git show --textconv :styles/style.css
> git ls-files --stage -- /home/ant5389/web_project_1/styles/style.css
> git cat-file -s a05170480b551faa80a4f849b1a317fa000dc343
> git show --textconv :blocks/footer/footer.css
> git ls-files --stage -- /home/ant5389/web_project_1/blocks/footer/footer.css
> git check-ignore -v -z --stdin
> git status -z -u
> git symbolic-ref --short HEAD
> git rev-parse main
> git rev-parse --symbolic-full-name main@{u}
> git rev-list --left-right main...refs/remotes/origin/main
> git for-each-ref --sort -committerdate --format %(refname) %(objectname)
> git remote --verbose
> git config --get commit.template
> git show --textconv :styles/style.css
> git ls-files --stage -- /home/ant5389/web_project_1/styles/style.css
> git cat-file -s a05170480b551faa80a4f849b1a317fa000dc343
> git check-ignore -v -z --stdin
> git status -z -u
> git symbolic-ref --short HEAD
> git rev-parse main
> git rev-parse --symbolic-full-name main@{u}
> git rev-list --left-right main...refs/remotes/origin/main
> git for-each-ref --sort -committerdate --format %(refname) %(objectname)
> git remote --verbose
> git config --get commit.template
> git check-ignore -v -z --stdin
> git status -z -u
> git symbolic-ref --short HEAD
> git rev-parse main
> git rev-parse --symbolic-full-name main@{u}
> git rev-list --left-right main...refs/remotes/origin/main
> git for-each-ref --sort -committerdate --format %(refname) %(objectname)
> git remote --verbose
> git config --get commit.template
> git check-ignore -v -z --stdin
> git status -z -u
> git symbolic-ref --short HEAD
> git rev-parse main
> git rev-parse --symbolic-full-name main@{u}
> git rev-list --left-right main...refs/remotes/origin/main
> git for-each-ref --sort -committerdate --format %(refname) %(objectname)
> git remote --verbose
> git config --get commit.template
> git show --textconv :blocks/footer/__column/_content/footer__column_content_copyright.css
> git ls-files --stage -- /home/ant5389/web_project_1/blocks/footer/__column/_content/footer__column_content_copyright.css
> git check-ignore -v -z --stdin
> git status -z -u
> git symbolic-ref --short HEAD
> git rev-parse main
> git rev-parse --symbolic-full-name main@{u}
> git rev-list --left-right main...refs/remotes/origin/main
> git for-each-ref --sort -committerdate --format %(refname) %(objectname)
> git remote --verbose
> git config --get commit.template
> git show --textconv :styles/style.css
> git ls-files --stage -- /home/ant5389/web_project_1/styles/style.css
> git cat-file -s a05170480b551faa80a4f849b1a317fa000dc343
> git show --textconv :blocks/footer/__column/_content/footer__column.css
> git ls-files --stage -- /home/ant5389/web_project_1/blocks/footer/__column/_content/footer__column.css
> git check-ignore -v -z --stdin
> git status -z -u
> git symbolic-ref --short HEAD
> git rev-parse main
> git rev-parse --symbolic-full-name main@{u}
> git rev-list --left-right main...refs/remotes/origin/main
> git for-each-ref --sort -committerdate --format %(refname) %(objectname)
> git remote --verbose
> git config --get commit.template
> git show --textconv :styles/style.css
> git ls-files --stage -- /home/ant5389/web_project_1/styles/style.css
> git cat-file -s a05170480b551faa80a4f849b1a317fa000dc343
> git show --textconv :blocks/footer/__columns/footer__columns.css
> git ls-files --stage -- /home/ant5389/web_project_1/blocks/footer/__columns/footer__columns.css
> git check-ignore -v -z --stdin
> git status -z -u
> git symbolic-ref --short HEAD
> git rev-parse main
> git rev-parse --symbolic-full-name main@{u}
> git rev-list --left-right main...refs/remotes/origin/main
> git for-each-ref --sort -committerdate --format %(refname) %(objectname)
> git remote --verbose
> git config --get commit.template
> git show --textconv :styles/style.css
> git ls-files --stage -- /home/ant5389/web_project_1/styles/style.css
> git cat-file -s a05170480b551faa80a4f849b1a317fa000dc343
> git check-ignore -v -z --stdin
> git status -z -u
> git symbolic-ref --short HEAD
> git rev-parse main
> git rev-parse --symbolic-full-name main@{u}
> git rev-list --left-right main...refs/remotes/origin/main
> git for-each-ref --sort -committerdate --format %(refname) %(objectname)
> git remote --verbose
> git config --get commit.template
> git check-ignore -v -z --stdin
> git show --textconv :blocks/footer/__author/footer__author.css
> git ls-files --stage -- /home/ant5389/web_project_1/blocks/footer/__author/footer__author.css
> git status -z -u
> git symbolic-ref --short HEAD
> git rev-parse main
> git rev-parse --symbolic-full-name main@{u}
> git rev-list --left-right main...refs/remotes/origin/main
> git for-each-ref --sort -committerdate --format %(refname) %(objectname)
> git remote --verbose
> git config --get commit.template
> git show --textconv :styles/style.css
> git ls-files --stage -- /home/ant5389/web_project_1/styles/style.css
> git cat-file -s a05170480b551faa80a4f849b1a317fa000dc343
> git check-ignore -v -z --stdin
> git status -z -u
> git symbolic-ref --short HEAD
> git rev-parse main
> git rev-parse --symbolic-full-name main@{u}
> git rev-list --left-right main...refs/remotes/origin/main
> git for-each-ref --sort -committerdate --format %(refname) %(objectname)
> git remote --verbose
> git config --get commit.template
> git show --textconv :blocks/footer/__column-heading/footer__column-heading.css
> git ls-files --stage -- /home/ant5389/web_project_1/blocks/footer/__column-heading/footer__column-heading.css
> git check-ignore -v -z --stdin
> git status -z -u
> git symbolic-ref --short HEAD
> git rev-parse main
> git rev-parse --symbolic-full-name main@{u}
> git rev-list --left-right main...refs/remotes/origin/main
> git for-each-ref --sort -committerdate --format %(refname) %(objectname)
> git remote --verbose
> git config --get commit.template
> git show --textconv :styles/style.css
> git ls-files --stage -- /home/ant5389/web_project_1/styles/style.css
> git cat-file -s a05170480b551faa80a4f849b1a317fa000dc343
> git check-ignore -v -z --stdin
> git status -z -u
> git symbolic-ref --short HEAD
> git rev-parse main
> git rev-parse --symbolic-full-name main@{u}
> git rev-list --left-right main...refs/remotes/origin/main
> git for-each-ref --sort -committerdate --format %(refname) %(objectname)
> git remote --verbose
> git config --get commit.template
> git show --textconv :blocks/footer/__column-links/footer__column-links
> git ls-files --stage -- /home/ant5389/web_project_1/blocks/footer/__column-links/footer__column-links
> git check-ignore -v -z --stdin
> git status -z -u
> git symbolic-ref --short HEAD
> git rev-parse main
> git rev-parse --symbolic-full-name main@{u}
> git rev-list --left-right main...refs/remotes/origin/main
> git for-each-ref --sort -committerdate --format %(refname) %(objectname)
> git remote --verbose
> git config --get commit.template
> git check-ignore -v -z --stdin
> git show --textconv :blocks/footer/__column-links/footer__column-links.css
> git ls-files --stage -- /home/ant5389/web_project_1/blocks/footer/__column-links/footer__column-links.css
> git status -z -u
> git symbolic-ref --short HEAD
> git rev-parse main
> git rev-parse --symbolic-full-name main@{u}
> git rev-list --left-right main...refs/remotes/origin/main
> git for-each-ref --sort -committerdate --format %(refname) %(objectname)
> git remote --verbose
> git config --get commit.template
> git show --textconv :styles/style.css
> git ls-files --stage -- /home/ant5389/web_project_1/styles/style.css
> git cat-file -s a05170480b551faa80a4f849b1a317fa000dc343
> git check-ignore -v -z --stdin
> git status -z -u
> git symbolic-ref --short HEAD
> git rev-parse main
> git rev-parse --symbolic-full-name main@{u}
> git rev-list --left-right main...refs/remotes/origin/main
> git for-each-ref --sort -committerdate --format %(refname) %(objectname)
> git remote --verbose
> git config --get commit.template
> git show --textconv :blocks/footer/__links/footer__links.css
> git ls-files --stage -- /home/ant5389/web_project_1/blocks/footer/__links/footer__links.css
> git check-ignore -v -z --stdin
> git status -z -u
> git symbolic-ref --short HEAD
> git rev-parse main
> git rev-parse --symbolic-full-name main@{u}
> git rev-list --left-right main...refs/remotes/origin/main
> git for-each-ref --sort -committerdate --format %(refname) %(objectname)
> git remote --verbose
> git config --get commit.template
> git show --textconv :styles/style.css
> git ls-files --stage -- /home/ant5389/web_project_1/styles/style.css
> git cat-file -s a05170480b551faa80a4f849b1a317fa000dc343
> git check-ignore -v -z --stdin
> git status -z -u
> git symbolic-ref --short HEAD
> git rev-parse main
> git rev-parse --symbolic-full-name main@{u}
> git rev-list --left-right main...refs/remotes/origin/main
> git for-each-ref --sort -committerdate --format %(refname) %(objectname)
> git remote --verbose
> git config --get commit.template
> git check-ignore -v -z --stdin
> git show --textconv :blocks/footer/__social-icon/footer__social-icon.css
> git ls-files --stage -- /home/ant5389/web_project_1/blocks/footer/__social-icon/footer__social-icon.css
> git status -z -u
> git symbolic-ref --short HEAD
> git rev-parse main
> git rev-parse --symbolic-full-name main@{u}
> git rev-list --left-right main...refs/remotes/origin/main
> git for-each-ref --sort -committerdate --format %(refname) %(objectname)
> git remote --verbose
> git config --get commit.template
> git show --textconv :styles/style.css
> git ls-files --stage -- /home/ant5389/web_project_1/styles/style.css
> git cat-file -s a05170480b551faa80a4f849b1a317fa000dc343
> git add -A -- .
> git commit --quiet --allow-empty-message --file -
> git status -z -u
> git symbolic-ref --short HEAD
> git rev-parse main
> git rev-parse --symbolic-full-name main@{u}
> git rev-list --left-right main...refs/remotes/origin/main
> git for-each-ref --sort -committerdate --format %(refname) %(objectname)
> git remote --verbose
> git config --get commit.template
> git ls-files --stage -- /home/ant5389/web_project_1/styles/style.css
> git cat-file -s c37352846c4156a6be1708330218878684ae7344
> git show --textconv :styles/style.css
> git status -z -u
> git symbolic-ref --short HEAD
> git rev-parse main
> git rev-parse --symbolic-full-name main@{u}
> git rev-list --left-right main...refs/remotes/origin/main
> git for-each-ref --sort -committerdate --format %(refname) %(objectname)
> git remote --verbose
> git config --get commit.template
> git show --textconv :index.html
> git ls-files --stage -- /home/ant5389/web_project_1/index.html
> git cat-file -s 6062d0071b9cc33cfc927c45d835bea1a6064a82
> git status -z -u
> git symbolic-ref --short HEAD
> git rev-parse main
> git rev-parse --symbolic-full-name main@{u}
> git rev-list --left-right main...refs/remotes/origin/main
> git for-each-ref --sort -committerdate --format %(refname) %(objectname)
> git remote --verbose
> git config --get commit.template
> git show --textconv :styles/style.css
> git ls-files --stage -- /home/ant5389/web_project_1/styles/style.css
> git cat-file -s c37352846c4156a6be1708330218878684ae7344
> git status -z -u
> git symbolic-ref --short HEAD
> git rev-parse main
> git rev-parse --symbolic-full-name main@{u}
> git rev-list --left-right main...refs/remotes/origin/main
> git for-each-ref --sort -committerdate --format %(refname) %(objectname)
> git remote --verbose
> git config --get commit.template
> git show --textconv :index.html
> git ls-files --stage -- /home/ant5389/web_project_1/index.html
> git cat-file -s 6062d0071b9cc33cfc927c45d835bea1a6064a82
> git show --textconv :styles/style.css
> git ls-files --stage -- /home/ant5389/web_project_1/styles/style.css
> git cat-file -s c37352846c4156a6be1708330218878684ae7344
> git status -z -u
> git symbolic-ref --short HEAD
> git rev-parse main
> git rev-parse --symbolic-full-name main@{u}
> git rev-list --left-right main...refs/remotes/origin/main
> git for-each-ref --sort -committerdate --format %(refname) %(objectname)
> git remote --verbose
> git config --get commit.template
> git add -A -- .
> git commit --quiet --allow-empty-message --file -
> git status -z -u
> git symbolic-ref --short HEAD
> git rev-parse main
> git rev-parse --symbolic-full-name main@{u}
> git rev-list --left-right main...refs/remotes/origin/main
> git for-each-ref --sort -committerdate --format %(refname) %(objectname)
> git remote --verbose
> git config --get commit.template
> git ls-files --stage -- /home/ant5389/web_project_1/styles/style.css
> git cat-file -s b47fe51c2e5deecdf518ff11fd6d1c27e0539e7a
> git show --textconv :styles/style.css
> git status -z -u
> git symbolic-ref --short HEAD
> git rev-parse main
> git rev-parse --symbolic-full-name main@{u}
> git rev-list --left-right main...refs/remotes/origin/main
> git for-each-ref --sort -committerdate --format %(refname) %(objectname)
> git remote --verbose
> git config --get commit.template
> git log --format=%H%n%aN%n%aE%n%at%n%ct%n%P%n%B -z -n21 -- /home/ant5389/web_project_1/styles/style.css
> git status -z -u
> git symbolic-ref --short HEAD
> git rev-parse main
> git rev-parse --symbolic-full-name main@{u}
> git rev-list --left-right main...refs/remotes/origin/main
> git for-each-ref --sort -committerdate --format %(refname) %(objectname)
> git remote --verbose
> git config --get commit.template
> git show --textconv :index.html
> git ls-files --stage -- /home/ant5389/web_project_1/index.html
> git cat-file -s 6062d0071b9cc33cfc927c45d835bea1a6064a82
> git status -z -u
> git symbolic-ref --short HEAD
> git rev-parse main
> git rev-parse --symbolic-full-name main@{u}
> git rev-list --left-right main...refs/remotes/origin/main
> git for-each-ref --sort -committerdate --format %(refname) %(objectname)
> git remote --verbose
> git config --get commit.template
