Initializing document watcher...
web_project_1/styles/style.css: {"insertSpaces":true,"tabSize":2}
web_project_1/styles/style.css: {"insertSpaces":true,"tabSize":2}
web_project_1/index.html: {"insertSpaces":true,"tabSize":2}
web_project_1/styles/style.css: {"insertSpaces":true,"tabSize":2}
web_project_1/styles/style.css: {"insertSpaces":true,"tabSize":2}
web_project_1/styles/style.css: {"insertSpaces":true,"tabSize":2}
web_project_1/styles/style.css: {"insertSpaces":true,"tabSize":2}
web_project_1/styles/style.css: {"insertSpaces":true,"tabSize":2}
web_project_1/styles/style.css: {"insertSpaces":true,"tabSize":2}
web_project_1/blocks/logo/_place/logo_place_header.css: {"insertSpaces":true,"tabSize":2}
web_project_1/styles/style.css: {"insertSpaces":true,"tabSize":2}
web_project_1/blocks/logo/_place/logo_place_footer.css: {"insertSpaces":true,"tabSize":2}
web_project_1/styles/style.css: {"insertSpaces":true,"tabSize":2}
web_project_1/styles/style.css: {"insertSpaces":true,"tabSize":2}
web_project_1/blocks/page/page.css: {"insertSpaces":true,"tabSize":2}
web_project_1/styles/style.css: {"insertSpaces":true,"tabSize":2}
web_project_1/styles/style.css: {"insertSpaces":true,"tabSize":2}
web_project_1/styles/style.css: {"insertSpaces":true,"tabSize":2}
web_project_1/blocks/header/header.css: {"insertSpaces":true,"tabSize":2}
web_project_1/styles/style.css: {"insertSpaces":true,"tabSize":2}
web_project_1/blocks/header/__title/header__title.css: {"insertSpaces":true,"tabSize":2}
web_project_1/styles/style.css: {"insertSpaces":true,"tabSize":2}
web_project_1/blocks/header/__subtitle/header__subtitle.css: {"insertSpaces":true,"tabSize":2}
web_project_1/styles/style.css: {"insertSpaces":true,"tabSize":2}
web_project_1/blocks/header/__link/header__link.css: {"insertSpaces":true,"tabSize":2}
web_project_1/styles/style.css: {"insertSpaces":true,"tabSize":2}
web_project_1/styles/style.css: {"insertSpaces":true,"tabSize":2}
web_project_1/blocks/header/__main-illustration/header__main-illustration.css: {"insertSpaces":true,"tabSize":2}
web_project_1/styles/style.css: {"insertSpaces":true,"tabSize":2}
web_project_1/blocks/header/__square-pic/header__square-pic.css: {"insertSpaces":true,"tabSize":2}
web_project_1/styles/style.css: {"insertSpaces":true,"tabSize":2}
web_project_1/blocks/description/description.css: {"insertSpaces":true,"tabSize":2}
web_project_1/styles/style.css: {"insertSpaces":true,"tabSize":2}
web_project_1/blocks/two-columns/two-columns.css: {"insertSpaces":true,"tabSize":2}
web_project_1/styles/style.css: {"insertSpaces":true,"tabSize":2}
web_project_1/blocks/two-columns/__brief/two-columns__brief.css: {"insertSpaces":true,"tabSize":2}
web_project_1/styles/style.css: {"insertSpaces":true,"tabSize":2}
web_project_1/blocks/two-columns/__main-text/two-columns__main-text.css: {"insertSpaces":true,"tabSize":2}
web_project_1/styles/style.css: {"insertSpaces":true,"tabSize":2}
web_project_1/blocks/two-columns/__paragraph/two-columns__paragraph.css: {"insertSpaces":true,"tabSize":2}
web_project_1/styles/style.css: {"insertSpaces":true,"tabSize":2}
web_project_1/blocks/two-columns/__span-accent/two-columns__span-accent.css: {"insertSpaces":true,"tabSize":2}
web_project_1/styles/style.css: {"insertSpaces":true,"tabSize":2}
web_project_1/blocks/cards/cards.css: {"insertSpaces":true,"tabSize":2}
web_project_1/styles/style.css: {"insertSpaces":true,"tabSize":2}
web_project_1/blocks/cards/__title/cards__item.css: {"insertSpaces":true,"tabSize":2}
web_project_1/styles/style.css: {"insertSpaces":true,"tabSize":2}
web_project_1/blocks/cards/__title/cards__item.css: {"insertSpaces":true,"tabSize":2}
web_project_1/styles/style.css: {"insertSpaces":true,"tabSize":2}
web_project_1/blocks/cards/__item/cards__item.css: {"insertSpaces":true,"tabSize":2}
web_project_1/styles/style.css: {"insertSpaces":true,"tabSize":2}
web_project_1/blocks/cards/__image/cards__image.css: {"insertSpaces":true,"tabSize":2}
web_project_1/styles/style.css: {"insertSpaces":true,"tabSize":2}
web_project_1/blocks/cards/__description/cards__description.css: {"insertSpaces":true,"tabSize":2}
web_project_1/styles/style.css: {"insertSpaces":true,"tabSize":2}
web_project_1/blocks/video/video.css: {"insertSpaces":true,"tabSize":2}
web_project_1/styles/style.css: {"insertSpaces":true,"tabSize":2}
web_project_1/blocks/video/__iframe/video__iframe.css: {"insertSpaces":true,"tabSize":2}
web_project_1/styles/style.css: {"insertSpaces":true,"tabSize":2}
web_project_1/blocks/oakley/oakley.css: {"insertSpaces":true,"tabSize":2}
web_project_1/styles/style.css: {"insertSpaces":true,"tabSize":2}
web_project_1/blocks/digits/digits.css: {"insertSpaces":true,"tabSize":2}
web_project_1/styles/style.css: {"insertSpaces":true,"tabSize":2}
web_project_1/blocks/section-title/section-title.css: {"insertSpaces":true,"tabSize":2}
web_project_1/styles/style.css: {"insertSpaces":true,"tabSize":2}
web_project_1/blocks/section-subtitle/section-subtitle.css: {"insertSpaces":true,"tabSize":2}
web_project_1/styles/style.css: {"insertSpaces":true,"tabSize":2}
web_project_1/blocks/table/table.css: {"insertSpaces":true,"tabSize":2}
web_project_1/styles/style.css: {"insertSpaces":true,"tabSize":2}
web_project_1/blocks/feynman/feynman.css: {"insertSpaces":true,"tabSize":2}
web_project_1/styles/style.css: {"insertSpaces":true,"tabSize":2}
web_project_1/blocks/feynman/__title/feynman__title.css: {"insertSpaces":true,"tabSize":2}
web_project_1/styles/style.css: {"insertSpaces":true,"tabSize":2}
web_project_1/blocks/feynman/__subtitle/feynman__subtitle.css: {"insertSpaces":true,"tabSize":2}
web_project_1/styles/style.css: {"insertSpaces":true,"tabSize":2}
web_project_1/blocks/feynman/__link/feynman__link.css: {"insertSpaces":true,"tabSize":2}
web_project_1/styles/style.css: {"insertSpaces":true,"tabSize":2}
web_project_1/blocks/feynman/__image/feynman__image.css: {"insertSpaces":true,"tabSize":2}
web_project_1/styles/style.css: {"insertSpaces":true,"tabSize":2}
web_project_1/styles/style.css: Using EditorConfig core...
styles/style.css: editor.action.trimTrailingWhitespace
web_project_1/blocks/khan/khan.css: {"insertSpaces":true,"tabSize":2}
web_project_1/styles/style.css: {"insertSpaces":true,"tabSize":2}
web_project_1/blocks/khan/khan.css: {"insertSpaces":true,"tabSize":2}
web_project_1/styles/style.css: {"insertSpaces":true,"tabSize":2}
web_project_1/styles/style.css: {"insertSpaces":true,"tabSize":2}
web_project_1/styles/style.css: {"insertSpaces":true,"tabSize":2}
web_project_1/blocks/khan/__container/khan__container.css: {"insertSpaces":true,"tabSize":2}
web_project_1/styles/style.css: {"insertSpaces":true,"tabSize":2}
web_project_1/blocks/khan/__author/khan__author.css: {"insertSpaces":true,"tabSize":2}
web_project_1/styles/style.css: {"insertSpaces":true,"tabSize":2}
web_project_1/blocks/khan/__title/khan__title.css: {"insertSpaces":true,"tabSize":2}
web_project_1/styles/style.css: {"insertSpaces":true,"tabSize":2}
web_project_1/blocks/khan/__quote/khan__quote.css: {"insertSpaces":true,"tabSize":2}
web_project_1/styles/style.css: {"insertSpaces":true,"tabSize":2}
web_project_1/blocks/khan/__quote-author/khan__quote-author.css: {"insertSpaces":true,"tabSize":2}
web_project_1/styles/style.css: {"insertSpaces":true,"tabSize":2}
web_project_1/blocks/khan/__quote-author-subline/khan__quote-author-subline.css: {"insertSpaces":true,"tabSize":2}
web_project_1/styles/style.css: {"insertSpaces":true,"tabSize":2}
web_project_1/blocks/khan/__book-container/khan__book-container: {"insertSpaces":true,"tabSize":2}
web_project_1/blocks/khan/__book-container/khan__book-container.css: {"insertSpaces":true,"tabSize":2}
web_project_1/styles/style.css: {"insertSpaces":true,"tabSize":2}
web_project_1/blocks/khan/__book-pic/khan__book-pic.css: {"insertSpaces":true,"tabSize":2}
web_project_1/styles/style.css: {"insertSpaces":true,"tabSize":2}
web_project_1/blocks/khan/__buy-link/khan__buy-link.css: {"insertSpaces":true,"tabSize":2}
web_project_1/styles/style.css: {"insertSpaces":true,"tabSize":2}
web_project_1/blocks/kaufman/kaufman.css: {"insertSpaces":true,"tabSize":2}
web_project_1/styles/style.css: {"insertSpaces":true,"tabSize":2}
web_project_1/blocks/kaufman/__triangle/kaufman__triangle.css: {"insertSpaces":true,"tabSize":2}
web_project_1/styles/style.css: {"insertSpaces":true,"tabSize":2}
web_project_1/styles/style.css: {"insertSpaces":true,"tabSize":2}
web_project_1/blocks/section-title/_theme/section-title_theme_dark.css: {"insertSpaces":true,"tabSize":2}
web_project_1/styles/style.css: {"insertSpaces":true,"tabSize":2}
web_project_1/blocks/section-subtitle/_theme/section-subtitle_theme_dark.css: {"insertSpaces":true,"tabSize":2}
web_project_1/styles/style.css: {"insertSpaces":true,"tabSize":2}
web_project_1/blocks/table/__cell/table__cell.css: {"insertSpaces":true,"tabSize":2}
web_project_1/blocks/table/__cell/table__cell.css: {"insertSpaces":true,"tabSize":2}
web_project_1/styles/style.css: {"insertSpaces":true,"tabSize":2}
web_project_1/blocks/table/__heading/table__heading.css: {"insertSpaces":true,"tabSize":2}
web_project_1/blocks/table/__text/table__text.css: {"insertSpaces":true,"tabSize":2}
web_project_1/blocks/table/__heading/table__heading.css: {"insertSpaces":true,"tabSize":2}
web_project_1/styles/style.css: {"insertSpaces":true,"tabSize":2}
web_project_1/blocks/table/__cell/_theme/table__cell_theme_dark.css: {"insertSpaces":true,"tabSize":2}
web_project_1/styles/style.css: {"insertSpaces":true,"tabSize":2}
web_project_1/blocks/table/__heading/_theme/table__heading_theme_dark.css: {"insertSpaces":true,"tabSize":2}
web_project_1/styles/style.css: {"insertSpaces":true,"tabSize":2}
web_project_1/blocks/table/__text/_theme/table__text_theme_dark.css: {"insertSpaces":true,"tabSize":2}
web_project_1/styles/style.css: {"insertSpaces":true,"tabSize":2}
web_project_1/blocks/resources/resources.css: {"insertSpaces":true,"tabSize":2}
web_project_1/styles/style.css: {"insertSpaces":true,"tabSize":2}
web_project_1/blocks/resources/__logo/resources__logo.css: {"insertSpaces":true,"tabSize":2}
web_project_1/styles/style.css: {"insertSpaces":true,"tabSize":2}
web_project_1/blocks/resources/__logo-zone/resources__logo-zone.css: {"insertSpaces":true,"tabSize":2}
web_project_1/styles/style.css: {"insertSpaces":true,"tabSize":2}
web_project_1/blocks/footer/footer.css: {"insertSpaces":true,"tabSize":2}
web_project_1/styles/style.css: {"insertSpaces":true,"tabSize":2}
web_project_1/blocks/footer/__column/_content/footer__column_content_copyright.css: {"insertSpaces":true,"tabSize":2}
web_project_1/styles/style.css: {"insertSpaces":true,"tabSize":2}
web_project_1/blocks/footer/__column/_content/footer__column.css: {"insertSpaces":true,"tabSize":2}
web_project_1/styles/style.css: {"insertSpaces":true,"tabSize":2}
web_project_1/blocks/footer/__columns/footer__columns.css: {"insertSpaces":true,"tabSize":2}
web_project_1/styles/style.css: {"insertSpaces":true,"tabSize":2}
web_project_1/blocks/footer/__author/footer__author.css: {"insertSpaces":true,"tabSize":2}
web_project_1/styles/style.css: {"insertSpaces":true,"tabSize":2}
web_project_1/blocks/footer/__column-heading/footer__column-heading.css: {"insertSpaces":true,"tabSize":2}
web_project_1/styles/style.css: {"insertSpaces":true,"tabSize":2}
web_project_1/blocks/footer/__column-links/footer__column-links: {"insertSpaces":true,"tabSize":2}
web_project_1/blocks/footer/__column-links/footer__column-links.css: {"insertSpaces":true,"tabSize":2}
web_project_1/styles/style.css: {"insertSpaces":true,"tabSize":2}
web_project_1/blocks/footer/__links/footer__links.css: {"insertSpaces":true,"tabSize":2}
web_project_1/styles/style.css: {"insertSpaces":true,"tabSize":2}
web_project_1/blocks/footer/__social-icon/footer__social-icon.css: {"insertSpaces":true,"tabSize":2}
web_project_1/styles/style.css: {"insertSpaces":true,"tabSize":2}
web_project_1/index.html: {"insertSpaces":true,"tabSize":2}
web_project_1/index.html: {"insertSpaces":true,"tabSize":2}
web_project_1/index.html: Using EditorConfig core...
index.html: editor.action.trimTrailingWhitespace
web_project_1/styles/style.css: {"insertSpaces":true,"tabSize":2}
web_project_1/styles/style.css: Using EditorConfig core...
styles/style.css: editor.action.trimTrailingWhitespace
web_project_1/index.html: {"insertSpaces":true,"tabSize":2}
web_project_1/styles/style.css: {"insertSpaces":true,"tabSize":2}
web_project_1/styles/style.css: Using EditorConfig core...
styles/style.css: editor.action.trimTrailingWhitespace
web_project_1/styles/style.css: Using EditorConfig core...
styles/style.css: editor.action.trimTrailingWhitespace
web_project_1/index.html: {"insertSpaces":true,"tabSize":2}
web_project_1/index.html: Using EditorConfig core...
index.html: editor.action.trimTrailingWhitespace
