Looking for git in: git
Using git 2.20.1 from git
> git rev-parse --git-dir
Open repository: /home/ant5389/web_project_1
> git status -z -u
> git symbolic-ref --short HEAD
> git rev-parse main
> git rev-parse --symbolic-full-name main@{u}
> git rev-list --left-right main...refs/remotes/origin/main
> git for-each-ref --sort -committerdate --format %(refname) %(objectname)
> git remote --verbose
> git check-ignore -v -z --stdin
> git config --get commit.template
> git show --textconv :index.html
> git ls-files --stage -- /home/ant5389/web_project_1/index.html
> git cat-file -s 80721448d45772d29256c9f5f1de663f3064b139
> git config --global user.email
> git config --global user.name
> git status -z -u
> git symbolic-ref --short HEAD
> git rev-parse main
> git rev-parse --symbolic-full-name main@{u}
> git rev-list --left-right main...refs/remotes/origin/main
> git for-each-ref --sort -committerdate --format %(refname) %(objectname)
> git remote --verbose
> git config --get commit.template
> git show -s --format=%an <%ae> [%ai] 633c564a04a4780be7dcdbe529292d312b5f5566
> git show -s --format=%H%n%aN%n%aE%n%at%n%ct%n%P%n%B -z 633c564a04a4780be7dcdbe529292d312b5f5566
> git show -s --format=%an <%ae> [%ai] 5ba526fc65f431f20a6a3de94bc9d7dfbe0729e2
> git show -s --format=%H%n%aN%n%aE%n%at%n%ct%n%P%n%B -z 5ba526fc65f431f20a6a3de94bc9d7dfbe0729e2
> git show -s --format=%an <%ae> [%ai] da0296e273be14dbfe808aa1152e27191a568891
> git show -s --format=%H%n%aN%n%aE%n%at%n%ct%n%P%n%B -z da0296e273be14dbfe808aa1152e27191a568891
> git show -s --format=%an <%ae> [%ai] f13ebd764b9d63ce0390288817bc5bec6d6eebb6
> git show -s --format=%H%n%aN%n%aE%n%at%n%ct%n%P%n%B -z f13ebd764b9d63ce0390288817bc5bec6d6eebb6
> git show -s --format=%an <%ae> [%ai] 0becc0d09b71c0e815428796640ce58390b1bd98
> git show -s --format=%H%n%aN%n%aE%n%at%n%ct%n%P%n%B -z 0becc0d09b71c0e815428796640ce58390b1bd98
> git show -s --format=%an <%ae> [%ai] 369a9bc47c9c51513a5e681891f9bb017e67d1f8
> git show -s --format=%H%n%aN%n%aE%n%at%n%ct%n%P%n%B -z 369a9bc47c9c51513a5e681891f9bb017e67d1f8
> git show -s --format=%an <%ae> [%ai] 2bd60ed881f7bf5a42b34f54332bdad5a5001911
> git show -s --format=%H%n%aN%n%aE%n%at%n%ct%n%P%n%B -z 2bd60ed881f7bf5a42b34f54332bdad5a5001911
> git show -s --format=%an <%ae> [%ai] 991d58253d361f4cd918b00711f0696c8772134f
> git show -s --format=%H%n%aN%n%aE%n%at%n%ct%n%P%n%B -z 991d58253d361f4cd918b00711f0696c8772134f
> git show -s --format=%an <%ae> [%ai] fd3b934e055013a2287f07ccea61c653e28b1ee9
> git show -s --format=%H%n%aN%n%aE%n%at%n%ct%n%P%n%B -z fd3b934e055013a2287f07ccea61c653e28b1ee9
> git status -z -u
> git symbolic-ref --short HEAD
> git rev-parse main
> git rev-parse --symbolic-full-name main@{u}
> git rev-list --left-right main...refs/remotes/origin/main
> git for-each-ref --sort -committerdate --format %(refname) %(objectname)
> git remote --verbose
> git config --get commit.template
> git show --textconv :styles/style.css
> git ls-files --stage -- /home/ant5389/web_project_1/styles/style.css
> git cat-file -s c4393576e18ffbbe098e7480b8a86686a31bae26
> git show --textconv :index.html
> git ls-files --stage -- /home/ant5389/web_project_1/index.html
> git cat-file -s 80721448d45772d29256c9f5f1de663f3064b139
> git show --textconv :styles/style.css
> git ls-files --stage -- /home/ant5389/web_project_1/styles/style.css
> git cat-file -s c4393576e18ffbbe098e7480b8a86686a31bae26
> git show --textconv :index.html
> git ls-files --stage -- /home/ant5389/web_project_1/index.html
> git cat-file -s 80721448d45772d29256c9f5f1de663f3064b139
> git show --textconv :styles/style.css
> git ls-files --stage -- /home/ant5389/web_project_1/styles/style.css
> git cat-file -s c4393576e18ffbbe098e7480b8a86686a31bae26
> git show --textconv :index.html
> git ls-files --stage -- /home/ant5389/web_project_1/index.html
> git cat-file -s 80721448d45772d29256c9f5f1de663f3064b139
> git status -z -u
> git symbolic-ref --short HEAD
> git rev-parse main
> git rev-parse --symbolic-full-name main@{u}
> git rev-list --left-right main...refs/remotes/origin/main
> git for-each-ref --sort -committerdate --format %(refname) %(objectname)
> git remote --verbose
> git config --get commit.template
> git show --textconv :styles/style.css
> git ls-files --stage -- /home/ant5389/web_project_1/styles/style.css
> git cat-file -s c4393576e18ffbbe098e7480b8a86686a31bae26
> git status -z -u
> git symbolic-ref --short HEAD
> git rev-parse main
> git rev-parse --symbolic-full-name main@{u}
> git rev-list --left-right main...refs/remotes/origin/main
> git for-each-ref --sort -committerdate --format %(refname) %(objectname)
> git remote --verbose
> git config --get commit.template
> git status -z -u
> git symbolic-ref --short HEAD
> git rev-parse main
> git rev-parse --symbolic-full-name main@{u}
> git rev-list --left-right main...refs/remotes/origin/main
> git for-each-ref --sort -committerdate --format %(refname) %(objectname)
> git remote --verbose
> git config --get commit.template
> git show --textconv :index.html
> git ls-files --stage -- /home/ant5389/web_project_1/index.html
> git cat-file -s 80721448d45772d29256c9f5f1de663f3064b139
> git show --textconv :styles/style.css
> git ls-files --stage -- /home/ant5389/web_project_1/styles/style.css
> git cat-file -s c4393576e18ffbbe098e7480b8a86686a31bae26
> git status -z -u
> git symbolic-ref --short HEAD
> git rev-parse main
> git rev-parse --symbolic-full-name main@{u}
> git rev-list --left-right main...refs/remotes/origin/main
> git for-each-ref --sort -committerdate --format %(refname) %(objectname)
> git remote --verbose
> git config --get commit.template
> git show --textconv :index.html
> git ls-files --stage -- /home/ant5389/web_project_1/index.html
> git cat-file -s 80721448d45772d29256c9f5f1de663f3064b139
> git show --textconv :styles/style.css
> git ls-files --stage -- /home/ant5389/web_project_1/styles/style.css
> git cat-file -s c4393576e18ffbbe098e7480b8a86686a31bae26
> git show --textconv :index.html
> git ls-files --stage -- /home/ant5389/web_project_1/index.html
> git cat-file -s 80721448d45772d29256c9f5f1de663f3064b139
> git show --textconv :styles/style.css
> git ls-files --stage -- /home/ant5389/web_project_1/styles/style.css
> git cat-file -s c4393576e18ffbbe098e7480b8a86686a31bae26
> git status -z -u
> git symbolic-ref --short HEAD
> git rev-parse main
> git rev-parse --symbolic-full-name main@{u}
> git rev-list --left-right main...refs/remotes/origin/main
> git for-each-ref --sort -committerdate --format %(refname) %(objectname)
> git remote --verbose
> git config --get commit.template
> git show --textconv :index.html
> git ls-files --stage -- /home/ant5389/web_project_1/index.html
> git cat-file -s 80721448d45772d29256c9f5f1de663f3064b139
> git show --textconv :styles/style.css
> git ls-files --stage -- /home/ant5389/web_project_1/styles/style.css
> git cat-file -s c4393576e18ffbbe098e7480b8a86686a31bae26
> git show --textconv :index.html
> git ls-files --stage -- /home/ant5389/web_project_1/index.html
> git cat-file -s 80721448d45772d29256c9f5f1de663f3064b139
> git show --textconv :styles/style.css
> git ls-files --stage -- /home/ant5389/web_project_1/styles/style.css
> git cat-file -s c4393576e18ffbbe098e7480b8a86686a31bae26
> git show --textconv :index.html
> git ls-files --stage -- /home/ant5389/web_project_1/index.html
> git cat-file -s 80721448d45772d29256c9f5f1de663f3064b139
> git show --textconv :styles/style.css
> git ls-files --stage -- /home/ant5389/web_project_1/styles/style.css
> git cat-file -s c4393576e18ffbbe098e7480b8a86686a31bae26
> git show --textconv :index.html
> git ls-files --stage -- /home/ant5389/web_project_1/index.html
> git cat-file -s 80721448d45772d29256c9f5f1de663f3064b139
> git show --textconv :styles/style.css
> git ls-files --stage -- /home/ant5389/web_project_1/styles/style.css
> git cat-file -s c4393576e18ffbbe098e7480b8a86686a31bae26
> git status -z -u
> git symbolic-ref --short HEAD
> git rev-parse main
> git rev-parse --symbolic-full-name main@{u}
> git rev-list --left-right main...refs/remotes/origin/main
> git for-each-ref --sort -committerdate --format %(refname) %(objectname)
> git remote --verbose
> git config --get commit.template
> git status -z -u
> git symbolic-ref --short HEAD
> git rev-parse main
> git rev-parse --symbolic-full-name main@{u}
> git rev-list --left-right main...refs/remotes/origin/main
> git for-each-ref --sort -committerdate --format %(refname) %(objectname)
> git remote --verbose
> git config --get commit.template
> git status -z -u
> git symbolic-ref --short HEAD
> git rev-parse main
> git rev-parse --symbolic-full-name main@{u}
> git rev-list --left-right main...refs/remotes/origin/main
> git for-each-ref --sort -committerdate --format %(refname) %(objectname)
> git remote --verbose
> git config --get commit.template
> git status -z -u
> git symbolic-ref --short HEAD
> git rev-parse main
> git rev-parse --symbolic-full-name main@{u}
> git rev-list --left-right main...refs/remotes/origin/main
> git for-each-ref --sort -committerdate --format %(refname) %(objectname)
> git remote --verbose
> git config --get commit.template
> git show --textconv :index.html
> git ls-files --stage -- /home/ant5389/web_project_1/index.html
> git cat-file -s 80721448d45772d29256c9f5f1de663f3064b139
> git show --textconv :styles/style.css
> git ls-files --stage -- /home/ant5389/web_project_1/styles/style.css
> git cat-file -s c4393576e18ffbbe098e7480b8a86686a31bae26
> git status -z -u
> git symbolic-ref --short HEAD
> git rev-parse main
> git rev-parse --symbolic-full-name main@{u}
> git rev-list --left-right main...refs/remotes/origin/main
> git for-each-ref --sort -committerdate --format %(refname) %(objectname)
> git remote --verbose
> git config --get commit.template
> git show --textconv :index.html
> git ls-files --stage -- /home/ant5389/web_project_1/index.html
> git cat-file -s 80721448d45772d29256c9f5f1de663f3064b139
> git show --textconv :styles/style.css
> git ls-files --stage -- /home/ant5389/web_project_1/styles/style.css
> git cat-file -s c4393576e18ffbbe098e7480b8a86686a31bae26
> git show --textconv :index.html
> git ls-files --stage -- /home/ant5389/web_project_1/index.html
> git cat-file -s 80721448d45772d29256c9f5f1de663f3064b139
> git show --textconv :styles/style.css
> git ls-files --stage -- /home/ant5389/web_project_1/styles/style.css
> git cat-file -s c4393576e18ffbbe098e7480b8a86686a31bae26
> git show --textconv :index.html
> git ls-files --stage -- /home/ant5389/web_project_1/index.html
> git cat-file -s 80721448d45772d29256c9f5f1de663f3064b139
> git show --textconv :styles/style.css
> git ls-files --stage -- /home/ant5389/web_project_1/styles/style.css
> git cat-file -s c4393576e18ffbbe098e7480b8a86686a31bae26
> git show --textconv :index.html
> git ls-files --stage -- /home/ant5389/web_project_1/index.html
> git cat-file -s 80721448d45772d29256c9f5f1de663f3064b139
> git status -z -u
> git symbolic-ref --short HEAD
> git rev-parse main
> git rev-parse --symbolic-full-name main@{u}
> git rev-list --left-right main...refs/remotes/origin/main
> git for-each-ref --sort -committerdate --format %(refname) %(objectname)
> git remote --verbose
> git config --get commit.template
> git show --textconv :styles/style.css
> git ls-files --stage -- /home/ant5389/web_project_1/styles/style.css
> git cat-file -s c4393576e18ffbbe098e7480b8a86686a31bae26
> git show --textconv :index.html
> git ls-files --stage -- /home/ant5389/web_project_1/index.html
> git cat-file -s 80721448d45772d29256c9f5f1de663f3064b139
> git show --textconv :styles/style.css
> git ls-files --stage -- /home/ant5389/web_project_1/styles/style.css
> git cat-file -s c4393576e18ffbbe098e7480b8a86686a31bae26
> git show --textconv :index.html
> git ls-files --stage -- /home/ant5389/web_project_1/index.html
> git cat-file -s 80721448d45772d29256c9f5f1de663f3064b139
> git show --textconv :styles/style.css
> git ls-files --stage -- /home/ant5389/web_project_1/styles/style.css
> git cat-file -s c4393576e18ffbbe098e7480b8a86686a31bae26
> git status -z -u
> git symbolic-ref --short HEAD
> git rev-parse main
> git rev-parse --symbolic-full-name main@{u}
> git rev-list --left-right main...refs/remotes/origin/main
> git for-each-ref --sort -committerdate --format %(refname) %(objectname)
> git remote --verbose
> git config --get commit.template
> git status -z -u
> git symbolic-ref --short HEAD
> git rev-parse main
> git rev-parse --symbolic-full-name main@{u}
> git rev-list --left-right main...refs/remotes/origin/main
> git for-each-ref --sort -committerdate --format %(refname) %(objectname)
> git remote --verbose
> git config --get commit.template
> git status -z -u
> git symbolic-ref --short HEAD
> git rev-parse main
> git rev-parse --symbolic-full-name main@{u}
> git rev-list --left-right main...refs/remotes/origin/main
> git for-each-ref --sort -committerdate --format %(refname) %(objectname)
> git remote --verbose
> git config --get commit.template
> git status -z -u
> git symbolic-ref --short HEAD
> git rev-parse main
> git rev-parse --symbolic-full-name main@{u}
> git rev-list --left-right main...refs/remotes/origin/main
> git for-each-ref --sort -committerdate --format %(refname) %(objectname)
> git remote --verbose
> git config --get commit.template
> git status -z -u
> git symbolic-ref --short HEAD
> git rev-parse main
> git rev-parse --symbolic-full-name main@{u}
> git rev-list --left-right main...refs/remotes/origin/main
> git for-each-ref --sort -committerdate --format %(refname) %(objectname)
> git remote --verbose
> git config --get commit.template
> git status -z -u
> git symbolic-ref --short HEAD
> git rev-parse main
> git rev-parse --symbolic-full-name main@{u}
> git rev-list --left-right main...refs/remotes/origin/main
> git for-each-ref --sort -committerdate --format %(refname) %(objectname)
> git remote --verbose
> git config --get commit.template
> git status -z -u
> git symbolic-ref --short HEAD
> git rev-parse main
> git rev-parse --symbolic-full-name main@{u}
> git rev-list --left-right main...refs/remotes/origin/main
> git for-each-ref --sort -committerdate --format %(refname) %(objectname)
> git remote --verbose
> git config --get commit.template
> git status -z -u
> git symbolic-ref --short HEAD
> git rev-parse main
> git rev-parse --symbolic-full-name main@{u}
> git rev-list --left-right main...refs/remotes/origin/main
> git for-each-ref --sort -committerdate --format %(refname) %(objectname)
> git remote --verbose
> git config --get commit.template
> git show --textconv :index.html
> git ls-files --stage -- /home/ant5389/web_project_1/index.html
> git cat-file -s 80721448d45772d29256c9f5f1de663f3064b139
> git show --textconv :styles/style.css
> git ls-files --stage -- /home/ant5389/web_project_1/styles/style.css
> git cat-file -s c4393576e18ffbbe098e7480b8a86686a31bae26
> git status -z -u
> git symbolic-ref --short HEAD
> git rev-parse main
> git rev-parse --symbolic-full-name main@{u}
> git rev-list --left-right main...refs/remotes/origin/main
> git for-each-ref --sort -committerdate --format %(refname) %(objectname)
> git remote --verbose
> git config --get commit.template
> git status -z -u
> git symbolic-ref --short HEAD
> git rev-parse main
> git rev-parse --symbolic-full-name main@{u}
> git rev-list --left-right main...refs/remotes/origin/main
> git for-each-ref --sort -committerdate --format %(refname) %(objectname)
> git remote --verbose
> git config --get commit.template
> git status -z -u
> git symbolic-ref --short HEAD
> git rev-parse main
> git rev-parse --symbolic-full-name main@{u}
> git rev-list --left-right main...refs/remotes/origin/main
> git for-each-ref --sort -committerdate --format %(refname) %(objectname)
> git remote --verbose
> git config --get commit.template
> git status -z -u
> git symbolic-ref --short HEAD
> git rev-parse main
> git rev-parse --symbolic-full-name main@{u}
> git rev-list --left-right main...refs/remotes/origin/main
> git for-each-ref --sort -committerdate --format %(refname) %(objectname)
> git remote --verbose
> git config --get commit.template
> git show --textconv :index.html
> git ls-files --stage -- /home/ant5389/web_project_1/index.html
> git cat-file -s 80721448d45772d29256c9f5f1de663f3064b139
> git status -z -u
> git symbolic-ref --short HEAD
> git rev-parse main
> git rev-parse --symbolic-full-name main@{u}
> git rev-list --left-right main...refs/remotes/origin/main
> git for-each-ref --sort -committerdate --format %(refname) %(objectname)
> git remote --verbose
> git config --get commit.template
> git status -z -u
> git symbolic-ref --short HEAD
> git rev-parse main
> git rev-parse --symbolic-full-name main@{u}
> git rev-list --left-right main...refs/remotes/origin/main
> git for-each-ref --sort -committerdate --format %(refname) %(objectname)
> git remote --verbose
> git config --get commit.template
> git show --textconv :styles/style.css
> git ls-files --stage -- /home/ant5389/web_project_1/styles/style.css
> git cat-file -s c4393576e18ffbbe098e7480b8a86686a31bae26
> git status -z -u
> git symbolic-ref --short HEAD
> git rev-parse main
> git rev-parse --symbolic-full-name main@{u}
> git rev-list --left-right main...refs/remotes/origin/main
> git for-each-ref --sort -committerdate --format %(refname) %(objectname)
> git remote --verbose
> git config --get commit.template
> git show --textconv :index.html
> git ls-files --stage -- /home/ant5389/web_project_1/index.html
> git cat-file -s 80721448d45772d29256c9f5f1de663f3064b139
> git status -z -u
> git symbolic-ref --short HEAD
> git rev-parse main
> git rev-parse --symbolic-full-name main@{u}
> git rev-list --left-right main...refs/remotes/origin/main
> git for-each-ref --sort -committerdate --format %(refname) %(objectname)
> git remote --verbose
> git config --get commit.template
> git add -A -- .
> git commit --quiet --allow-empty-message --file -
> git status -z -u
> git symbolic-ref --short HEAD
> git rev-parse main
> git rev-parse --symbolic-full-name main@{u}
> git rev-list --left-right main...refs/remotes/origin/main
> git for-each-ref --sort -committerdate --format %(refname) %(objectname)
> git remote --verbose
> git config --get commit.template
> git ls-files --stage -- /home/ant5389/web_project_1/index.html
> git cat-file -s 43c8399bf9f98f6ea0ea468300db31035a9882fe
> git show --textconv :index.html
> git status -z -u
> git symbolic-ref --short HEAD
> git rev-parse main
> git rev-parse --symbolic-full-name main@{u}
> git rev-list --left-right main...refs/remotes/origin/main
> git for-each-ref --sort -committerdate --format %(refname) %(objectname)
> git remote --verbose
> git config --get commit.template
