Initializing document watcher...
web_project_1/pages/index.css: {"insertSpaces":true,"tabSize":2}
web_project_1/index.html: {"insertSpaces":true,"tabSize":2}
web_project_1/index.html: {"insertSpaces":true,"tabSize":2}
web_project_1/index.html: Using EditorConfig core...
index.html: editor.action.trimTrailingWhitespace
web_project_1/index.html: {"insertSpaces":true,"tabSize":2}
web_project_1/index.html: Using EditorConfig core...
index.html: editor.action.trimTrailingWhitespace
web_project_1/blocks/rotation/rotation.css: {"insertSpaces":true,"tabSize":2}
web_project_1/blocks/header/__square-pic/header__square-pic.css: {"insertSpaces":true,"tabSize":2}
web_project_1/blocks/kaufman/__triangle/kaufman__triangle.css: {"insertSpaces":true,"tabSize":2}
web_project_1/blocks/rotation/rotation.css: {"insertSpaces":true,"tabSize":2}
web_project_1/blocks/kaufman/__triangle/kaufman__triangle.css: {"insertSpaces":true,"tabSize":2}
web_project_1/blocks/rotation/rotation.css: {"insertSpaces":true,"tabSize":2}
web_project_1/blocks/rotation/rotation.css: Using EditorConfig core...
web_project_1/blocks/kaufman/__triangle/kaufman__triangle.css: {"insertSpaces":true,"tabSize":2}
blocks/rotation/rotation.css: trimTrailingWhitespace()
blocks/rotation/rotation.css: insertFinalNewline(LF)
web_project_1/blocks/rotation/rotation.css: {"insertSpaces":true,"tabSize":2}
web_project_1/blocks/rotation/rotation.css: Using EditorConfig core...
blocks/rotation/rotation.css: editor.action.trimTrailingWhitespace
web_project_1/blocks/kaufman/__triangle/kaufman__triangle.css: {"insertSpaces":true,"tabSize":2}
web_project_1/blocks/kaufman/__triangle/kaufman__triangle.css: Using EditorConfig core...
web_project_1/blocks/rotation/rotation.css: {"insertSpaces":true,"tabSize":2}
blocks/kaufman/__triangle/kaufman__triangle.css: trimTrailingWhitespace()
web_project_1/blocks/header/__square-pic/header__square-pic.css: {"insertSpaces":true,"tabSize":2}
web_project_1/blocks/header/__square-pic/header__square-pic.css: Using EditorConfig core...
web_project_1/blocks/rotation/rotation.css: {"insertSpaces":true,"tabSize":2}
blocks/header/__square-pic/header__square-pic.css: trimTrailingWhitespace()
web_project_1/pages/index.css: {"insertSpaces":true,"tabSize":2}
web_project_1/pages/index.css: Using EditorConfig core...
web_project_1/blocks/rotation/rotation.css: {"insertSpaces":true,"tabSize":2}
pages/index.css: trimTrailingWhitespace()
web_project_1/blocks/rotation/rotation.css: Using EditorConfig core...
web_project_1/blocks/header/__square-pic/header__square-pic.css: {"insertSpaces":true,"tabSize":2}
blocks/rotation/rotation.css: trimTrailingWhitespace()
blocks/rotation/rotation.css: insertFinalNewline(LF)
web_project_1/blocks/header/__square-pic/header__square-pic.css: Using EditorConfig core...
web_project_1/blocks/kaufman/__triangle/kaufman__triangle.css: {"insertSpaces":true,"tabSize":2}
blocks/header/__square-pic/header__square-pic.css: trimTrailingWhitespace()
blocks/header/__square-pic/header__square-pic.css: insertFinalNewline(LF)
web_project_1/blocks/rotation/rotation.css: {"insertSpaces":true,"tabSize":2}
web_project_1/pages/index.css: {"insertSpaces":true,"tabSize":2}
web_project_1/pages/index.css: Using EditorConfig core...
pages/index.css: editor.action.trimTrailingWhitespace
web_project_1/pages/index.css: {"insertSpaces":true,"tabSize":2}
web_project_1/blocks/header/__square-pic/header__square-pic.css: {"insertSpaces":true,"tabSize":2}
web_project_1/blocks/kaufman/__triangle/kaufman__triangle.css: {"insertSpaces":true,"tabSize":2}
web_project_1/pages/index.css: {"insertSpaces":true,"tabSize":2}
web_project_1/pages/index.css: Using EditorConfig core...
pages/index.css: editor.action.trimTrailingWhitespace
web_project_1/blocks/kaufman/__triangle/kaufman__triangle.css: {"insertSpaces":true,"tabSize":2}
web_project_1/index.html: {"insertSpaces":true,"tabSize":2}
web_project_1/index.html: {"insertSpaces":true,"tabSize":2}
web_project_1/index.html: {"insertSpaces":true,"tabSize":2}
web_project_1/index.html: {"insertSpaces":true,"tabSize":2}
web_project_1/blocks/rotation/rotation.css: {"insertSpaces":true,"tabSize":2}
web_project_1/index.html: {"insertSpaces":true,"tabSize":2}
web_project_1/index.html: {"insertSpaces":true,"tabSize":2}
web_project_1/index.html: Using EditorConfig core...
index.html: editor.action.trimTrailingWhitespace
web_project_1/pages/index.css: {"insertSpaces":true,"tabSize":2}
web_project_1/index.html: {"insertSpaces":true,"tabSize":2}
web_project_1/blocks/video/__iframe/video__iframe.css: {"insertSpaces":true,"tabSize":2}
web_project_1/blocks/video/__iframe/video__iframe.css: Using EditorConfig core...
web_project_1/index.html: {"insertSpaces":true,"tabSize":2}
blocks/video/__iframe/video__iframe.css: trimTrailingWhitespace()
web_project_1/index.html: Using EditorConfig core...
index.html: editor.action.trimTrailingWhitespace
web_project_1/index.html: {"insertSpaces":true,"tabSize":2}
web_project_1/index.html: {"insertSpaces":true,"tabSize":2}
web_project_1/blocks/video/__iframe/video__iframe.css: {"insertSpaces":true,"tabSize":2}
web_project_1/blocks/video/__iframe/video__iframe.css: Using EditorConfig core...
blocks/video/__iframe/video__iframe.css: editor.action.trimTrailingWhitespace
web_project_1/blocks/video/__iframe/video__iframe.css: {"insertSpaces":true,"tabSize":2}
web_project_1/blocks/video/__iframe/video__iframe.css: {"insertSpaces":true,"tabSize":2}
web_project_1/index.html: {"insertSpaces":true,"tabSize":2}
web_project_1/index.html: {"insertSpaces":true,"tabSize":2}
web_project_1/index.html: {"insertSpaces":true,"tabSize":2}
web_project_1/index.html: Using EditorConfig core...
index.html: editor.action.trimTrailingWhitespace
web_project_1/index.html: {"insertSpaces":true,"tabSize":2}
web_project_1/index.html: {"insertSpaces":true,"tabSize":2}
web_project_1/index.html: Using EditorConfig core...
index.html: editor.action.trimTrailingWhitespace
web_project_1/index.html: {"insertSpaces":true,"tabSize":2}
web_project_1/index.html: {"insertSpaces":true,"tabSize":2}
web_project_1/index.html: {"insertSpaces":true,"tabSize":2}
web_project_1/index.html: Using EditorConfig core...
index.html: editor.action.trimTrailingWhitespace
web_project_1/index.html: {"insertSpaces":true,"tabSize":2}
web_project_1/index.html: {"insertSpaces":true,"tabSize":2}
web_project_1/index.html: {"insertSpaces":true,"tabSize":2}
web_project_1/index.html: Using EditorConfig core...
index.html: editor.action.trimTrailingWhitespace
web_project_1/index.html: {"insertSpaces":true,"tabSize":2}
web_project_1/index.html: Using EditorConfig core...
index.html: editor.action.trimTrailingWhitespace
web_project_1/index.html: {"insertSpaces":true,"tabSize":2}
web_project_1/index.html: Using EditorConfig core...
index.html: editor.action.trimTrailingWhitespace
web_project_1/index.html: Using EditorConfig core...
index.html: editor.action.trimTrailingWhitespace
web_project_1/index.html: {"insertSpaces":true,"tabSize":2}
web_project_1/index.html: Using EditorConfig core...
index.html: editor.action.trimTrailingWhitespace
web_project_1/index.html: {"insertSpaces":true,"tabSize":2}
web_project_1/index.html: {"insertSpaces":true,"tabSize":2}
web_project_1/index.html: {"insertSpaces":true,"tabSize":2}
web_project_1/blocks/kaufman/kaufman.css: {"insertSpaces":true,"tabSize":2}
web_project_1/index.html: {"insertSpaces":true,"tabSize":2}
web_project_1/blocks/feynman/__link/feynman__link.css: {"insertSpaces":true,"tabSize":2}
web_project_1/index.html: {"insertSpaces":true,"tabSize":2}
web_project_1/blocks/logo/logo.css: {"insertSpaces":true,"tabSize":2}
web_project_1/index.html: {"insertSpaces":true,"tabSize":2}
web_project_1/blocks/resources/__logo/resources__logo.css: {"insertSpaces":true,"tabSize":2}
web_project_1/index.html: {"insertSpaces":true,"tabSize":2}
web_project_1/blocks/resources/__logo/resources__logo.css: {"insertSpaces":true,"tabSize":2}
web_project_1/blocks/resources/__logo/resources__logo.css: {"insertSpaces":true,"tabSize":2}
web_project_1/blocks/video/__iframe/video__iframe.css: {"insertSpaces":true,"tabSize":2}
web_project_1/blocks/resources/__logo/resources__logo.css: {"insertSpaces":true,"tabSize":2}
web_project_1/index.html: {"insertSpaces":true,"tabSize":2}
web_project_1/blocks/resources/__logo/resources__logo.css: {"insertSpaces":true,"tabSize":2}
web_project_1/blocks/resources/__logo/resources__logo.css: Using EditorConfig core...
blocks/resources/__logo/resources__logo.css: editor.action.trimTrailingWhitespace
web_project_1/blocks/feynman/feynman.css: {"insertSpaces":true,"tabSize":2}
web_project_1/blocks/resources/__logo/resources__logo.css: {"insertSpaces":true,"tabSize":2}
web_project_1/blocks/feynman/__link/feynman__link.css: {"insertSpaces":true,"tabSize":2}
web_project_1/blocks/resources/__logo/resources__logo.css: {"insertSpaces":true,"tabSize":2}
web_project_1/blocks/resources/__logo/resources__logo.css: Using EditorConfig core...
blocks/resources/__logo/resources__logo.css: editor.action.trimTrailingWhitespace
web_project_1/blocks/resources/__logo/resources__logo.css: {"insertSpaces":true,"tabSize":2}
web_project_1/blocks/kaufman/__triangle/kaufman__triangle.css: {"insertSpaces":true,"tabSize":2}
web_project_1/blocks/kaufman/__triangle/kaufman__triangle.css: Using EditorConfig core...
web_project_1/blocks/resources/__logo/resources__logo.css: {"insertSpaces":true,"tabSize":2}
blocks/kaufman/__triangle/kaufman__triangle.css: trimTrailingWhitespace()
web_project_1/index.html: {"insertSpaces":true,"tabSize":2}
web_project_1/index.html: {"insertSpaces":true,"tabSize":2}
web_project_1/blocks/resources/__logo/resources__logo.css: {"insertSpaces":true,"tabSize":2}
web_project_1/blocks/resources/__logo/resources__logo.css: {"insertSpaces":true,"tabSize":2}
web_project_1/blocks/resources/__logo/resources__logo.css: Using EditorConfig core...
web_project_1/blocks/kaufman/__triangle/kaufman__triangle.css: {"insertSpaces":true,"tabSize":2}
blocks/resources/__logo/resources__logo.css: trimTrailingWhitespace()
blocks/resources/__logo/resources__logo.css: insertFinalNewline(LF)
web_project_1/blocks/resources/__logo/resources__logo.css: {"insertSpaces":true,"tabSize":2}
web_project_1/blocks/resources/__logo/resources__logo.css: {"insertSpaces":true,"tabSize":2}
web_project_1/blocks/kaufman/__triangle/kaufman__triangle.css: {"insertSpaces":true,"tabSize":2}
web_project_1/blocks/resources/__logo/resources__logo.css: {"insertSpaces":true,"tabSize":2}
web_project_1/index.html: {"insertSpaces":true,"tabSize":2}
web_project_1/index.html: {"insertSpaces":true,"tabSize":2}
web_project_1/index.html: {"insertSpaces":true,"tabSize":2}
web_project_1/index.html: {"insertSpaces":true,"tabSize":2}
web_project_1/blocks/cards/__description/cards__description.css: {"insertSpaces":true,"tabSize":2}
web_project_1/blocks/cards/__description/cards__description.css: {"insertSpaces":true,"tabSize":2}
web_project_1/blocks/cards/__description/cards__description.css: Using EditorConfig core...
blocks/cards/__description/cards__description.css: editor.action.trimTrailingWhitespace
web_project_1/blocks/cards/__description/cards__description.css: {"insertSpaces":true,"tabSize":2}
web_project_1/blocks/cards/__description/cards__description.css: {"insertSpaces":true,"tabSize":2}
web_project_1/blocks/cards/__title/cards__title.css: {"insertSpaces":true,"tabSize":2}
web_project_1/blocks/cards/__title/cards__title.css: Using EditorConfig core...
blocks/cards/__title/cards__title.css: editor.action.trimTrailingWhitespace
web_project_1/blocks/cards/__title/cards__title.css: {"insertSpaces":true,"tabSize":2}
web_project_1/blocks/cards/__item/cards__item.css: {"insertSpaces":true,"tabSize":2}
web_project_1/blocks/cards/__item/cards__item.css: {"insertSpaces":true,"tabSize":2}
web_project_1/blocks/cards/__item/cards__item.css: {"insertSpaces":true,"tabSize":2}
web_project_1/blocks/footer/__column/footer__column.css: {"insertSpaces":true,"tabSize":2}
web_project_1/blocks/footer/__column/footer__column.css: {"insertSpaces":true,"tabSize":2}
web_project_1/blocks/footer/__column/footer__column.css: {"insertSpaces":true,"tabSize":2}
web_project_1/blocks/footer/__column/footer__column.css: {"insertSpaces":true,"tabSize":2}
web_project_1/blocks/footer/__column/footer__column.css: {"insertSpaces":true,"tabSize":2}
web_project_1/blocks/footer/__column/_content/footer__column_content_copyright.css: {"insertSpaces":true,"tabSize":2}
web_project_1/blocks/cards/__title/cards__title.css: {"insertSpaces":true,"tabSize":2}
web_project_1/blocks/footer/__column/_content/footer__column_content_copyright.css: {"insertSpaces":true,"tabSize":2}
web_project_1/blocks/cards/__description/cards__description.css: {"insertSpaces":true,"tabSize":2}
web_project_1/blocks/footer/__column/_content/footer__column_content_copyright.css: {"insertSpaces":true,"tabSize":2}
web_project_1/blocks/footer/__column/_content/footer__column_content_copyright.css: Using EditorConfig core...
blocks/footer/__column/_content/footer__column_content_copyright.css: editor.action.trimTrailingWhitespace
web_project_1/blocks/footer/__column/footer__column.css: {"insertSpaces":true,"tabSize":2}
web_project_1/blocks/footer/__column/footer__column.css: Using EditorConfig core...
blocks/footer/__column/footer__column.css: editor.action.trimTrailingWhitespace
web_project_1/blocks/footer/__column/footer__column.css: {"insertSpaces":true,"tabSize":2}
web_project_1/blocks/footer/__column/footer__column.css: {"insertSpaces":true,"tabSize":2}
web_project_1/blocks/footer/__column/footer__column.css: {"insertSpaces":true,"tabSize":2}
web_project_1/blocks/footer/__column/_content/footer__column_content_copyright.css: {"insertSpaces":true,"tabSize":2}
web_project_1/blocks/footer/__column/_content/footer__column_content_copyright.css: {"insertSpaces":true,"tabSize":2}
web_project_1/blocks/footer/__column/footer__column.css: {"insertSpaces":true,"tabSize":2}
web_project_1/blocks/footer/__column/footer__column.css: Using EditorConfig core...
web_project_1/blocks/footer/__column/_content/footer__column_content_copyright.css: {"insertSpaces":true,"tabSize":2}
blocks/footer/__column/footer__column.css: trimTrailingWhitespace()
web_project_1/blocks/footer/__column/_content/footer__column_content_copyright.css: Using EditorConfig core...
web_project_1/blocks/footer/__column/footer__column.css: {"insertSpaces":true,"tabSize":2}
blocks/footer/__column/_content/footer__column_content_copyright.css: trimTrailingWhitespace()
web_project_1/blocks/footer/__column/footer__column.css: Using EditorConfig core...
blocks/footer/__column/footer__column.css: editor.action.trimTrailingWhitespace
web_project_1/blocks/footer/__column/footer__column.css: {"insertSpaces":true,"tabSize":2}
web_project_1/blocks/footer/__column/footer__column.css: {"insertSpaces":true,"tabSize":2}
web_project_1/blocks/footer/__column/_content/footer__column_content_copyright.css: {"insertSpaces":true,"tabSize":2}
web_project_1/blocks/footer/__column/_content/footer__column_content_copyright.css: Using EditorConfig core...
web_project_1/blocks/footer/__column/footer__column.css: {"insertSpaces":true,"tabSize":2}
blocks/footer/__column/_content/footer__column_content_copyright.css: trimTrailingWhitespace()
web_project_1/blocks/footer/__column/footer__column.css: Using EditorConfig core...
blocks/footer/__column/footer__column.css: trimTrailingWhitespace()
web_project_1/blocks/footer/__column/_content/footer__column_content_copyright.css: {"insertSpaces":true,"tabSize":2}
web_project_1/blocks/footer/__column/_content/footer__column_content_copyright.css: Using EditorConfig core...
web_project_1/blocks/footer/__column/footer__column.css: {"insertSpaces":true,"tabSize":2}
blocks/footer/__column/_content/footer__column_content_copyright.css: trimTrailingWhitespace()
blocks/footer/__column/_content/footer__column_content_copyright.css: insertFinalNewline(LF)
web_project_1/blocks/footer/__column/_content/footer__column_content_copyright.css: {"insertSpaces":true,"tabSize":2}
web_project_1/blocks/footer/__column/_content/footer__column_content_copyright.css: Using EditorConfig core...
blocks/footer/__column/_content/footer__column_content_copyright.css: editor.action.trimTrailingWhitespace
web_project_1/blocks/footer/__column/_content/footer__column_content_copyright.css: {"insertSpaces":true,"tabSize":2}
web_project_1/blocks/footer/__column/_content/footer__column_content_copyright.css: {"insertSpaces":true,"tabSize":2}
web_project_1/blocks/footer/__column/_content/footer__column_content_copyright.css: {"insertSpaces":true,"tabSize":2}
web_project_1/blocks/footer/__column/footer__column.css: {"insertSpaces":true,"tabSize":2}
web_project_1/blocks/footer/__column/_content/footer__column_content_copyright.css: {"insertSpaces":true,"tabSize":2}
web_project_1/index.html: {"insertSpaces":true,"tabSize":2}
web_project_1/blocks/khan/__book-pic/khan__book-pic.css: {"insertSpaces":true,"tabSize":2}
web_project_1/blocks/khan/__book-pic/khan__book-pic.css: {"insertSpaces":true,"tabSize":2}
web_project_1/blocks/khan/__book-container/khan__book-container.css: {"insertSpaces":true,"tabSize":2}
web_project_1/blocks/khan/__book-container/khan__book-container.css: {"insertSpaces":true,"tabSize":2}
web_project_1/blocks/khan/__book-container/khan__book-container.css: Using EditorConfig core...
blocks/khan/__book-container/khan__book-container.css: editor.action.trimTrailingWhitespace
web_project_1/blocks/khan/__book-pic/khan__book-pic.css: {"insertSpaces":true,"tabSize":2}
web_project_1/blocks/khan/__book-pic/khan__book-pic.css: {"insertSpaces":true,"tabSize":2}
web_project_1/blocks/khan/__book-pic/khan__book-pic.css: Using EditorConfig core...
blocks/khan/__book-pic/khan__book-pic.css: editor.action.trimTrailingWhitespace
web_project_1/blocks/khan/__book-pic/khan__book-pic.css: {"insertSpaces":true,"tabSize":2}
web_project_1/blocks/khan/__book-pic/khan__book-pic.css: {"insertSpaces":true,"tabSize":2}
web_project_1/blocks/khan/__book-pic/khan__book-pic.css: {"insertSpaces":true,"tabSize":2}
web_project_1/blocks/khan/__book-pic/khan__book-pic.css: {"insertSpaces":true,"tabSize":2}
web_project_1/blocks/khan/__book-pic/khan__book-pic.css: {"insertSpaces":true,"tabSize":2}
web_project_1/blocks/section-title/section-title.css: {"insertSpaces":true,"tabSize":2}
web_project_1/blocks/section-title/_theme/section-title_theme_dark.css: {"insertSpaces":true,"tabSize":2}
web_project_1/blocks/section-title/_theme/section-title_theme_dark.css: Using EditorConfig core...
blocks/section-title/_theme/section-title_theme_dark.css: editor.action.trimTrailingWhitespace
web_project_1/blocks/section-title/_theme/section-title_theme_dark.css: {"insertSpaces":true,"tabSize":2}
web_project_1/blocks/section-subtitle/_theme/section-subtitle_theme_dark.css: {"insertSpaces":true,"tabSize":2}
web_project_1/blocks/section-subtitle/_theme/section-subtitle_theme_dark.css: Using EditorConfig core...
blocks/section-subtitle/_theme/section-subtitle_theme_dark.css: editor.action.trimTrailingWhitespace
web_project_1/blocks/section-subtitle/_theme/section-subtitle_theme_dark.css: {"insertSpaces":true,"tabSize":2}
web_project_1/blocks/section-subtitle/_theme/section-subtitle_theme_dark.css: Using EditorConfig core...
blocks/section-subtitle/_theme/section-subtitle_theme_dark.css: editor.action.trimTrailingWhitespace
web_project_1/blocks/section-subtitle/_theme/section-subtitle_theme_dark.css: {"insertSpaces":true,"tabSize":2}
web_project_1/blocks/section-subtitle/section-subtitle.css: {"insertSpaces":true,"tabSize":2}
web_project_1/blocks/section-subtitle/section-subtitle.css: {"insertSpaces":true,"tabSize":2}
web_project_1/blocks/section-subtitle/_theme/section-subtitle_theme_dark.css: {"insertSpaces":true,"tabSize":2}
web_project_1/blocks/section-subtitle/section-subtitle.css: {"insertSpaces":true,"tabSize":2}
web_project_1/blocks/section-title/_theme/section-title_theme_dark.css: {"insertSpaces":true,"tabSize":2}
web_project_1/blocks/khan/__book-pic/khan__book-pic.css: {"insertSpaces":true,"tabSize":2}
web_project_1/blocks/khan/__book-container/khan__book-container.css: {"insertSpaces":true,"tabSize":2}
web_project_1/index.html: {"insertSpaces":true,"tabSize":2}
web_project_1/index.html: {"insertSpaces":true,"tabSize":2}
web_project_1/blocks/video/__iframes/video__iframes.css: {"insertSpaces":true,"tabSize":2}
web_project_1/blocks/video/__iframes/video__iframes.css: {"insertSpaces":true,"tabSize":2}
web_project_1/blocks/video/__iframes/video__iframes.css: Using EditorConfig core...
blocks/video/__iframes/video__iframes.css: editor.action.trimTrailingWhitespace
web_project_1/blocks/video/__iframes/video__iframes.css: {"insertSpaces":true,"tabSize":2}
web_project_1/blocks/video/__iframes/video__iframes.css: {"insertSpaces":true,"tabSize":2}
web_project_1/index.html: {"insertSpaces":true,"tabSize":2}
web_project_1/blocks/video/__iframe/video__iframe.css: {"insertSpaces":true,"tabSize":2}
web_project_1/blocks/video/__iframes/video__iframes.css: {"insertSpaces":true,"tabSize":2}
web_project_1/blocks/video/__iframe/video__iframe.css: {"insertSpaces":true,"tabSize":2}
web_project_1/blocks/video/__iframe/video__iframe.css: {"insertSpaces":true,"tabSize":2}
web_project_1/blocks/cards/__description/cards__description.css: {"insertSpaces":true,"tabSize":2}
web_project_1/blocks/video/__iframes/video__iframes.css: {"insertSpaces":true,"tabSize":2}
web_project_1/blocks/video/__iframes/video__iframes.css: {"insertSpaces":true,"tabSize":2}
web_project_1/blocks/video/__iframes/video__iframes.css: {"insertSpaces":true,"tabSize":2}
web_project_1/blocks/video/__iframes/video__iframes.css: {"insertSpaces":true,"tabSize":2}
web_project_1/blocks/video/__iframes/video__iframes.css: {"insertSpaces":true,"tabSize":2}
web_project_1/blocks/video/__iframe/video__iframe.css: {"insertSpaces":true,"tabSize":2}
web_project_1/blocks/video/video.css: {"insertSpaces":true,"tabSize":2}
web_project_1/blocks/video/__iframe/video__iframe.css: {"insertSpaces":true,"tabSize":2}
web_project_1/blocks/video/__iframes/video__iframes.css: {"insertSpaces":true,"tabSize":2}
web_project_1/blocks/video/__iframes/video__iframes.css: {"insertSpaces":true,"tabSize":2}
web_project_1/blocks/video/__iframe/video__iframe.css: {"insertSpaces":true,"tabSize":2}
web_project_1/index.html: {"insertSpaces":true,"tabSize":2}
web_project_1/blocks/cards/__title/cards__title.css: {"insertSpaces":true,"tabSize":2}
web_project_1/blocks/cards/__title/cards__title.css: {"insertSpaces":true,"tabSize":2}
web_project_1/blocks/khan/__book-container/khan__book-container.css: {"insertSpaces":true,"tabSize":2}
web_project_1/blocks/khan/__book-container/khan__book-container.css: {"insertSpaces":true,"tabSize":2}
web_project_1/index.html: {"insertSpaces":true,"tabSize":2}
web_project_1/index.html: {"insertSpaces":true,"tabSize":2}
web_project_1/index.html: {"insertSpaces":true,"tabSize":2}
web_project_1/index.html: {"insertSpaces":true,"tabSize":2}
web_project_1/index.html: Using EditorConfig core...
index.html: editor.action.trimTrailingWhitespace
web_project_1/pages/index.css: {"insertSpaces":true,"tabSize":2}
web_project_1/index.html: {"insertSpaces":true,"tabSize":2}
web_project_1/index.html: {"insertSpaces":true,"tabSize":2}
web_project_1/index.html: {"insertSpaces":true,"tabSize":2}
web_project_1/index.html: {"insertSpaces":true,"tabSize":2}
web_project_1/index.html: {"insertSpaces":true,"tabSize":2}
web_project_1/blocks/khan/__buy-link/khan__buy-link.css: {"insertSpaces":true,"tabSize":2}
web_project_1/blocks/khan/khan.css: {"insertSpaces":true,"tabSize":2}
web_project_1/blocks/khan/__book-container/khan__book-container.css: {"insertSpaces":true,"tabSize":2}
web_project_1/index.html: {"insertSpaces":true,"tabSize":2}
web_project_1/blocks/khan/__book-container/khan__book-container.css: {"insertSpaces":true,"tabSize":2}
web_project_1/index.html: {"insertSpaces":true,"tabSize":2}
web_project_1/index.html: {"insertSpaces":true,"tabSize":2}
web_project_1/index.html: {"insertSpaces":true,"tabSize":2}
