Initializing document watcher...
web_project_1/styles/style.css: {"insertSpaces":true,"tabSize":2}
web_project_1/styles/style.css: {"insertSpaces":true,"tabSize":2}
web_project_1/index.html: {"insertSpaces":true,"tabSize":2}
web_project_1/index.html: Using EditorConfig core...
web_project_1/styles/style.css: {"insertSpaces":true,"tabSize":2}
index.html: trimTrailingWhitespace()
web_project_1/styles/style.css: Using EditorConfig core...
styles/style.css: editor.action.trimTrailingWhitespace
web_project_1/styles/style.css: {"insertSpaces":true,"tabSize":2}
web_project_1/blocks/video/__iframes/video__iframes.css: {"insertSpaces":true,"tabSize":2}
web_project_1/styles/style.css: {"insertSpaces":true,"tabSize":2}
web_project_1/styles/style.css: Using EditorConfig core...
styles/style.css: editor.action.trimTrailingWhitespace
web_project_1/styles/style.css: {"insertSpaces":true,"tabSize":2}
web_project_1/styles/style.css: Using EditorConfig core...
styles/style.css: editor.action.trimTrailingWhitespace
web_project_1/styles/style.css: {"insertSpaces":true,"tabSize":2}
web_project_1/styles/style.css: Using EditorConfig core...
styles/style.css: editor.action.trimTrailingWhitespace
web_project_1/styles/style.css: {"insertSpaces":true,"tabSize":2}
web_project_1/styles/style.css: Using EditorConfig core...
styles/style.css: editor.action.trimTrailingWhitespace
web_project_1/styles/style.css: {"insertSpaces":true,"tabSize":2}
web_project_1/styles/style.css: {"insertSpaces":true,"tabSize":2}
web_project_1/blocks/cards/cards.css: {"insertSpaces":true,"tabSize":2}
web_project_1/blocks/cards/cards.css: {"insertSpaces":true,"tabSize":2}
web_project_1/blocks/cards/cards.css: Using EditorConfig core...
blocks/cards/cards.css: editor.action.trimTrailingWhitespace
web_project_1/blocks/cards/cards.css: {"insertSpaces":true,"tabSize":2}
web_project_1/blocks/cards/cards.css: Using EditorConfig core...
blocks/cards/cards.css: editor.action.trimTrailingWhitespace
web_project_1/blocks/cards/cards.css: {"insertSpaces":true,"tabSize":2}
web_project_1/blocks/cards/cards.css: {"insertSpaces":true,"tabSize":2}
web_project_1/pages/index.css: {"insertSpaces":true,"tabSize":2}
web_project_1/index.html: {"insertSpaces":true,"tabSize":2}
web_project_1/pages/index.css: {"insertSpaces":true,"tabSize":2}
web_project_1/pages/index.css: Using EditorConfig core...
pages/index.css: editor.action.trimTrailingWhitespace
pages/index.css: insertFinalNewline(LF)
web_project_1/pages/index.css: Using EditorConfig core...
pages/index.css: editor.action.trimTrailingWhitespace
web_project_1/blocks/logo/logo.css: {"insertSpaces":true,"tabSize":2}
web_project_1/pages/index.css: {"insertSpaces":true,"tabSize":2}
web_project_1/pages/index.css: Using EditorConfig core...
pages/index.css: editor.action.trimTrailingWhitespace
web_project_1/blocks/cards/cards.css: {"insertSpaces":true,"tabSize":2}
web_project_1/blocks/description/description.css: {"insertSpaces":true,"tabSize":2}
web_project_1/blocks/feynman/feynman.css: {"insertSpaces":true,"tabSize":2}
web_project_1/blocks/feynman/feynman.css: Using EditorConfig core...
blocks/feynman/feynman.css: editor.action.trimTrailingWhitespace
blocks/feynman/feynman.css: insertFinalNewline(LF)
web_project_1/blocks/footer/footer.css: {"insertSpaces":true,"tabSize":2}
web_project_1/blocks/footer/footer.css: Using EditorConfig core...
blocks/footer/footer.css: editor.action.trimTrailingWhitespace
web_project_1/blocks/footer/footer.css: {"insertSpaces":true,"tabSize":2}
web_project_1/blocks/footer/footer.css: Using EditorConfig core...
blocks/footer/footer.css: editor.action.trimTrailingWhitespace
blocks/footer/footer.css: insertFinalNewline(LF)
web_project_1/blocks/footer/footer.css: {"insertSpaces":true,"tabSize":2}
web_project_1/blocks/footer/footer.css: {"insertSpaces":true,"tabSize":2}
web_project_1/blocks/footer/__column/footer__column.css: {"insertSpaces":true,"tabSize":2}
web_project_1/blocks/footer/footer.css: {"insertSpaces":true,"tabSize":2}
web_project_1/blocks/feynman/feynman.css: {"insertSpaces":true,"tabSize":2}
web_project_1/blocks/footer/footer.css: {"insertSpaces":true,"tabSize":2}
web_project_1/blocks/cards/cards.css: {"insertSpaces":true,"tabSize":2}
web_project_1/blocks/footer/footer.css: {"insertSpaces":true,"tabSize":2}
web_project_1/blocks/footer/footer.css: Using EditorConfig core...
blocks/footer/footer.css: editor.action.trimTrailingWhitespace
web_project_1/index.html: {"insertSpaces":true,"tabSize":2}
web_project_1/blocks/header/header.css: {"insertSpaces":true,"tabSize":2}
web_project_1/blocks/header/header.css: Using EditorConfig core...
blocks/header/header.css: editor.action.trimTrailingWhitespace
blocks/header/header.css: insertFinalNewline(LF)
web_project_1/blocks/kaufman/kaufman.css: {"insertSpaces":true,"tabSize":2}
web_project_1/blocks/header/header.css: {"insertSpaces":true,"tabSize":2}
web_project_1/blocks/kaufman/kaufman.css: {"insertSpaces":true,"tabSize":2}
web_project_1/blocks/kaufman/kaufman.css: Using EditorConfig core...
blocks/kaufman/kaufman.css: editor.action.trimTrailingWhitespace
web_project_1/blocks/khan/khan.css: {"insertSpaces":true,"tabSize":2}
web_project_1/blocks/kaufman/kaufman.css: {"insertSpaces":true,"tabSize":2}
web_project_1/blocks/khan/khan.css: {"insertSpaces":true,"tabSize":2}
web_project_1/blocks/khan/khan.css: Using EditorConfig core...
blocks/khan/khan.css: editor.action.trimTrailingWhitespace
blocks/khan/khan.css: insertFinalNewline(LF)
web_project_1/blocks/logo/logo.css: {"insertSpaces":true,"tabSize":2}
web_project_1/blocks/logo/logo.css: Using EditorConfig core...
web_project_1/blocks/khan/khan.css: {"insertSpaces":true,"tabSize":2}
blocks/logo/logo.css: trimTrailingWhitespace()
blocks/logo/logo.css: insertFinalNewline(LF)
web_project_1/blocks/logo/logo.css: {"insertSpaces":true,"tabSize":2}
web_project_1/index.html: {"insertSpaces":true,"tabSize":2}
web_project_1/blocks/resources/resources.css: {"insertSpaces":true,"tabSize":2}
web_project_1/blocks/resources/resources.css: Using EditorConfig core...
web_project_1/styles/style.css: {"insertSpaces":true,"tabSize":2}
blocks/resources/resources.css: trimTrailingWhitespace()
blocks/resources/resources.css: insertFinalNewline(LF)
web_project_1/blocks/resources/resources.css: {"insertSpaces":true,"tabSize":2}
web_project_1/styles/style.css: {"insertSpaces":true,"tabSize":2}
web_project_1/blocks/section-subtitle/section-subtitle.css: {"insertSpaces":true,"tabSize":2}
web_project_1/blocks/section-subtitle/section-subtitle.css: Using EditorConfig core...
blocks/section-subtitle/section-subtitle.css: editor.action.trimTrailingWhitespace
blocks/section-subtitle/section-subtitle.css: insertFinalNewline(LF)
web_project_1/styles/style.css: {"insertSpaces":true,"tabSize":2}
web_project_1/blocks/section-subtitle/section-subtitle.css: {"insertSpaces":true,"tabSize":2}
web_project_1/styles/style.css: {"insertSpaces":true,"tabSize":2}
web_project_1/blocks/section-title/section-title.css: {"insertSpaces":true,"tabSize":2}
web_project_1/blocks/section-title/section-title.css: Using EditorConfig core...
web_project_1/styles/style.css: {"insertSpaces":true,"tabSize":2}
blocks/section-title/section-title.css: trimTrailingWhitespace()
web_project_1/blocks/section-title/section-title.css: {"insertSpaces":true,"tabSize":2}
web_project_1/styles/style.css: {"insertSpaces":true,"tabSize":2}
web_project_1/blocks/table/table.css: {"insertSpaces":true,"tabSize":2}
web_project_1/blocks/table/table.css: Using EditorConfig core...
blocks/table/table.css: editor.action.trimTrailingWhitespace
blocks/table/table.css: insertFinalNewline(LF)
web_project_1/styles/style.css: {"insertSpaces":true,"tabSize":2}
web_project_1/blocks/table/table.css: {"insertSpaces":true,"tabSize":2}
web_project_1/styles/style.css: {"insertSpaces":true,"tabSize":2}
web_project_1/blocks/section-title/section-title.css: {"insertSpaces":true,"tabSize":2}
web_project_1/blocks/footer/footer.css: {"insertSpaces":true,"tabSize":2}
web_project_1/blocks/two-columns/two-columns.css: {"insertSpaces":true,"tabSize":2}
web_project_1/blocks/two-columns/two-columns.css: Using EditorConfig core...
blocks/two-columns/two-columns.css: editor.action.trimTrailingWhitespace
blocks/two-columns/two-columns.css: insertFinalNewline(LF)
web_project_1/styles/style.css: {"insertSpaces":true,"tabSize":2}
web_project_1/blocks/two-columns/two-columns.css: {"insertSpaces":true,"tabSize":2}
web_project_1/styles/style.css: {"insertSpaces":true,"tabSize":2}
web_project_1/blocks/video/video.css: {"insertSpaces":true,"tabSize":2}
web_project_1/blocks/video/video.css: Using EditorConfig core...
blocks/video/video.css: editor.action.trimTrailingWhitespace
blocks/video/video.css: insertFinalNewline(LF)
web_project_1/pages/index.css: {"insertSpaces":true,"tabSize":2}
web_project_1/blocks/video/video.css: {"insertSpaces":true,"tabSize":2}
web_project_1/pages/index.css: {"insertSpaces":true,"tabSize":2}
web_project_1/styles/style.css: {"insertSpaces":true,"tabSize":2}
web_project_1/index.html: {"insertSpaces":true,"tabSize":2}
web_project_1/index.html: Using EditorConfig core...
index.html: editor.action.trimTrailingWhitespace
web_project_1/index.html: {"insertSpaces":true,"tabSize":2}
web_project_1/index.html: Using EditorConfig core...
index.html: editor.action.trimTrailingWhitespace
web_project_1/index.html: {"insertSpaces":true,"tabSize":2}
web_project_1/styles/style.css: {"insertSpaces":true,"tabSize":2}
web_project_1/styles/style.css: {"insertSpaces":true,"tabSize":2}
web_project_1/styles/style.css: Using EditorConfig core...
styles/style.css: editor.action.trimTrailingWhitespace
web_project_1/styles/style.css: {"insertSpaces":true,"tabSize":2}
web_project_1/styles/style.css: Using EditorConfig core...
styles/style.css: editor.action.trimTrailingWhitespace
web_project_1/styles/style.css: Using EditorConfig core...
styles/style.css: editor.action.trimTrailingWhitespace
web_project_1/blocks/page/page.css: {"insertSpaces":true,"tabSize":2}
web_project_1/blocks/page/page.css: Using EditorConfig core...
blocks/page/page.css: editor.action.trimTrailingWhitespace
blocks/page/page.css: insertFinalNewline(LF)
web_project_1/blocks/page/page.css: {"insertSpaces":true,"tabSize":2}
web_project_1/blocks/page/page.css: {"insertSpaces":true,"tabSize":2}
web_project_1/styles/style.css: {"insertSpaces":true,"tabSize":2}
web_project_1/blocks/header/header.css: {"insertSpaces":true,"tabSize":2}
web_project_1/blocks/header/header.css: Using EditorConfig core...
web_project_1/styles/style.css: {"insertSpaces":true,"tabSize":2}
blocks/header/header.css: trimTrailingWhitespace()
web_project_1/styles/style.css: Using EditorConfig core...
web_project_1/blocks/header/header.css: {"insertSpaces":true,"tabSize":2}
styles/style.css: trimTrailingWhitespace()
web_project_1/blocks/header/header.css: Using EditorConfig core...
web_project_1/styles/style.css: {"insertSpaces":true,"tabSize":2}
blocks/header/header.css: trimTrailingWhitespace()
web_project_1/blocks/header/header.css: {"insertSpaces":true,"tabSize":2}
web_project_1/blocks/header/header.css: {"insertSpaces":true,"tabSize":2}
web_project_1/styles/style.css: {"insertSpaces":true,"tabSize":2}
web_project_1/blocks/logo/_place/logo_place_header.css: {"insertSpaces":true,"tabSize":2}
web_project_1/styles/style.css: {"insertSpaces":true,"tabSize":2}
web_project_1/styles/style.css: Using EditorConfig core...
web_project_1/blocks/logo/_place/logo_place_header.css: {"insertSpaces":true,"tabSize":2}
styles/style.css: trimTrailingWhitespace()
web_project_1/blocks/logo/_place/logo_place_header.css: Using EditorConfig core...
web_project_1/styles/style.css: {"insertSpaces":true,"tabSize":2}
blocks/logo/_place/logo_place_header.css: trimTrailingWhitespace()
blocks/logo/_place/logo_place_header.css: insertFinalNewline(LF)
web_project_1/blocks/logo/_place/logo_place_header.css: {"insertSpaces":true,"tabSize":2}
web_project_1/blocks/logo/_place/logo_place_header.css: {"insertSpaces":true,"tabSize":2}
web_project_1/styles/style.css: {"insertSpaces":true,"tabSize":2}
web_project_1/blocks/header/__title/header__title.css: {"insertSpaces":true,"tabSize":2}
web_project_1/styles/style.css: {"insertSpaces":true,"tabSize":2}
web_project_1/styles/style.css: Using EditorConfig core...
web_project_1/blocks/header/__title/header__title.css: {"insertSpaces":true,"tabSize":2}
styles/style.css: trimTrailingWhitespace()
web_project_1/blocks/header/__title/header__title.css: Using EditorConfig core...
web_project_1/styles/style.css: {"insertSpaces":true,"tabSize":2}
blocks/header/__title/header__title.css: trimTrailingWhitespace()
blocks/header/__title/header__title.css: insertFinalNewline(LF)
web_project_1/styles/style.css: Using EditorConfig core...
styles/style.css: editor.action.trimTrailingWhitespace
web_project_1/styles/style.css: Using EditorConfig core...
web_project_1/blocks/header/__title/header__title.css: {"insertSpaces":true,"tabSize":2}
styles/style.css: trimTrailingWhitespace()
web_project_1/styles/style.css: {"insertSpaces":true,"tabSize":2}
web_project_1/blocks/header/__subtitle/header__subtitle.css: {"insertSpaces":true,"tabSize":2}
web_project_1/blocks/header/__subtitle/header__subtitle.css: Using EditorConfig core...
web_project_1/styles/style.css: {"insertSpaces":true,"tabSize":2}
blocks/header/__subtitle/header__subtitle.css: trimTrailingWhitespace()
blocks/header/__subtitle/header__subtitle.css: insertFinalNewline(LF)
web_project_1/blocks/header/__subtitle/header__subtitle.css: {"insertSpaces":true,"tabSize":2}
web_project_1/blocks/header/__subtitle/header__subtitle.css: {"insertSpaces":true,"tabSize":2}
web_project_1/blocks/header/__subtitle/header__subtitle.css: {"insertSpaces":true,"tabSize":2}
web_project_1/styles/style.css: {"insertSpaces":true,"tabSize":2}
web_project_1/styles/style.css: Using EditorConfig core...
styles/style.css: editor.action.trimTrailingWhitespace
web_project_1/blocks/header/__link/header__link.css: {"insertSpaces":true,"tabSize":2}
web_project_1/styles/style.css: {"insertSpaces":true,"tabSize":2}
web_project_1/styles/style.css: Using EditorConfig core...
web_project_1/blocks/header/__link/header__link.css: {"insertSpaces":true,"tabSize":2}
styles/style.css: trimTrailingWhitespace()
web_project_1/blocks/header/__link/header__link.css: Using EditorConfig core...
web_project_1/styles/style.css: {"insertSpaces":true,"tabSize":2}
blocks/header/__link/header__link.css: trimTrailingWhitespace()
blocks/header/__link/header__link.css: insertFinalNewline(LF)
web_project_1/styles/style.css: Using EditorConfig core...
web_project_1/blocks/header/__link/header__link.css: {"insertSpaces":true,"tabSize":2}
styles/style.css: trimTrailingWhitespace()
web_project_1/blocks/header/__link/header__link.css: {"insertSpaces":true,"tabSize":2}
web_project_1/styles/style.css: {"insertSpaces":true,"tabSize":2}
web_project_1/blocks/header/__main-illustration/header__main-illustration.css: {"insertSpaces":true,"tabSize":2}
web_project_1/styles/style.css: {"insertSpaces":true,"tabSize":2}
web_project_1/styles/style.css: Using EditorConfig core...
web_project_1/blocks/header/__main-illustration/header__main-illustration.css: {"insertSpaces":true,"tabSize":2}
styles/style.css: trimTrailingWhitespace()
web_project_1/blocks/header/__main-illustration/header__main-illustration.css: Using EditorConfig core...
web_project_1/styles/style.css: {"insertSpaces":true,"tabSize":2}
blocks/header/__main-illustration/header__main-illustration.css: trimTrailingWhitespace()
blocks/header/__main-illustration/header__main-illustration.css: insertFinalNewline(LF)
web_project_1/styles/style.css: Using EditorConfig core...
web_project_1/blocks/header/__main-illustration/header__main-illustration.css: {"insertSpaces":true,"tabSize":2}
styles/style.css: trimTrailingWhitespace()
web_project_1/blocks/header/__main-illustration/header__main-illustration.css: {"insertSpaces":true,"tabSize":2}
web_project_1/styles/style.css: {"insertSpaces":true,"tabSize":2}
web_project_1/styles/style.css: Using EditorConfig core...
styles/style.css: editor.action.trimTrailingWhitespace
web_project_1/blocks/header/__square-pic/header__square-pic.css: {"insertSpaces":true,"tabSize":2}
web_project_1/blocks/header/__square-pic/header__square-pic.css: Using EditorConfig core...
web_project_1/styles/style.css: {"insertSpaces":true,"tabSize":2}
blocks/header/__square-pic/header__square-pic.css: trimTrailingWhitespace()
blocks/header/__square-pic/header__square-pic.css: insertFinalNewline(LF)
web_project_1/blocks/header/__square-pic/header__square-pic.css: {"insertSpaces":true,"tabSize":2}
web_project_1/styles/style.css: {"insertSpaces":true,"tabSize":2}
web_project_1/styles/style.css: Using EditorConfig core...
styles/style.css: editor.action.trimTrailingWhitespace
web_project_1/pages/index.css: {"insertSpaces":true,"tabSize":2}
web_project_1/pages/index.css: Using EditorConfig core...
web_project_1/blocks/header/__square-pic/header__square-pic.css: {"insertSpaces":true,"tabSize":2}
pages/index.css: trimTrailingWhitespace()
web_project_1/blocks/header/__square-pic/header__square-pic.css: {"insertSpaces":true,"tabSize":2}
web_project_1/pages/index.css: {"insertSpaces":true,"tabSize":2}
web_project_1/pages/index.css: {"insertSpaces":true,"tabSize":2}
web_project_1/pages/index.css: {"insertSpaces":true,"tabSize":2}
web_project_1/blocks/header/__square-pic/header__square-pic.css: {"insertSpaces":true,"tabSize":2}
web_project_1/pages/index.css: {"insertSpaces":true,"tabSize":2}
web_project_1/styles/style.css: {"insertSpaces":true,"tabSize":2}
web_project_1/styles/style.css: Using EditorConfig core...
styles/style.css: editor.action.trimTrailingWhitespace
web_project_1/blocks/description/description.css: {"insertSpaces":true,"tabSize":2}
web_project_1/blocks/description/description.css: Using EditorConfig core...
web_project_1/pages/index.css: {"insertSpaces":true,"tabSize":2}
blocks/description/description.css: trimTrailingWhitespace()
blocks/description/description.css: insertFinalNewline(LF)
web_project_1/blocks/description/description.css: {"insertSpaces":true,"tabSize":2}
web_project_1/styles/style.css: {"insertSpaces":true,"tabSize":2}
web_project_1/styles/style.css: Using EditorConfig core...
styles/style.css: editor.action.trimTrailingWhitespace
web_project_1/blocks/two-columns/two-columns.css: {"insertSpaces":true,"tabSize":2}
web_project_1/blocks/two-columns/two-columns.css: Using EditorConfig core...
web_project_1/styles/style.css: {"insertSpaces":true,"tabSize":2}
blocks/two-columns/two-columns.css: trimTrailingWhitespace()
blocks/two-columns/two-columns.css: insertFinalNewline(LF)
web_project_1/blocks/two-columns/two-columns.css: {"insertSpaces":true,"tabSize":2}
web_project_1/styles/style.css: {"insertSpaces":true,"tabSize":2}
web_project_1/blocks/two-columns/two-columns.css: {"insertSpaces":true,"tabSize":2}
web_project_1/styles/style.css: {"insertSpaces":true,"tabSize":2}
web_project_1/styles/style.css: Using EditorConfig core...
styles/style.css: editor.action.trimTrailingWhitespace
web_project_1/blocks/two-columns/__brief/two-columns__brief.css: {"insertSpaces":true,"tabSize":2}
web_project_1/blocks/two-columns/__brief/two-columns__brief.css: Using EditorConfig core...
web_project_1/styles/style.css: {"insertSpaces":true,"tabSize":2}
blocks/two-columns/__brief/two-columns__brief.css: trimTrailingWhitespace()
blocks/two-columns/__brief/two-columns__brief.css: insertFinalNewline(LF)
web_project_1/blocks/two-columns/__brief/two-columns__brief.css: {"insertSpaces":true,"tabSize":2}
web_project_1/styles/style.css: {"insertSpaces":true,"tabSize":2}
web_project_1/styles/style.css: Using EditorConfig core...
styles/style.css: editor.action.trimTrailingWhitespace
web_project_1/blocks/two-columns/__main-text/two-columns__main-text.css: {"insertSpaces":true,"tabSize":2}
web_project_1/blocks/two-columns/__main-text/two-columns__main-text.css: Using EditorConfig core...
web_project_1/styles/style.css: {"insertSpaces":true,"tabSize":2}
blocks/two-columns/__main-text/two-columns__main-text.css: trimTrailingWhitespace()
blocks/two-columns/__main-text/two-columns__main-text.css: insertFinalNewline(LF)
web_project_1/blocks/two-columns/__main-text/two-columns__main-text.css: {"insertSpaces":true,"tabSize":2}
web_project_1/styles/style.css: {"insertSpaces":true,"tabSize":2}
web_project_1/styles/style.css: Using EditorConfig core...
styles/style.css: editor.action.trimTrailingWhitespace
web_project_1/blocks/two-columns/__paragraph/two-columns__paragraph.css: {"insertSpaces":true,"tabSize":2}
web_project_1/blocks/two-columns/__paragraph/two-columns__paragraph.css: Using EditorConfig core...
web_project_1/styles/style.css: {"insertSpaces":true,"tabSize":2}
blocks/two-columns/__paragraph/two-columns__paragraph.css: trimTrailingWhitespace()
blocks/two-columns/__paragraph/two-columns__paragraph.css: insertFinalNewline(LF)
web_project_1/blocks/two-columns/__paragraph/two-columns__paragraph.css: {"insertSpaces":true,"tabSize":2}
web_project_1/styles/style.css: {"insertSpaces":true,"tabSize":2}
web_project_1/styles/style.css: Using EditorConfig core...
styles/style.css: editor.action.trimTrailingWhitespace
web_project_1/styles/style.css: Using EditorConfig core...
styles/style.css: editor.action.trimTrailingWhitespace
web_project_1/blocks/two-columns/__span-accent/two-columns__span-accent.css: {"insertSpaces":true,"tabSize":2}
web_project_1/blocks/two-columns/__span-accent/two-columns__span-accent.css: Using EditorConfig core...
web_project_1/styles/style.css: {"insertSpaces":true,"tabSize":2}
blocks/two-columns/__span-accent/two-columns__span-accent.css: trimTrailingWhitespace()
web_project_1/blocks/two-columns/__span-accent/two-columns__span-accent.css: {"insertSpaces":true,"tabSize":2}
web_project_1/styles/style.css: {"insertSpaces":true,"tabSize":2}
web_project_1/styles/style.css: {"insertSpaces":true,"tabSize":2}
web_project_1/styles/style.css: Using EditorConfig core...
styles/style.css: editor.action.trimTrailingWhitespace
web_project_1/blocks/cards/cards.css: {"insertSpaces":true,"tabSize":2}
web_project_1/blocks/cards/cards.css: Using EditorConfig core...
web_project_1/styles/style.css: {"insertSpaces":true,"tabSize":2}
blocks/cards/cards.css: trimTrailingWhitespace()
blocks/cards/cards.css: insertFinalNewline(LF)
web_project_1/blocks/cards/cards.css: {"insertSpaces":true,"tabSize":2}
web_project_1/styles/style.css: {"insertSpaces":true,"tabSize":2}
web_project_1/styles/style.css: Using EditorConfig core...
styles/style.css: editor.action.trimTrailingWhitespace
web_project_1/blocks/cards/__item/cards__item.css: {"insertSpaces":true,"tabSize":2}
web_project_1/blocks/cards/__item/cards__item.css: Using EditorConfig core...
web_project_1/styles/style.css: {"insertSpaces":true,"tabSize":2}
blocks/cards/__item/cards__item.css: trimTrailingWhitespace()
blocks/cards/__item/cards__item.css: insertFinalNewline(LF)
web_project_1/styles/style.css: Using EditorConfig core...
web_project_1/blocks/cards/__item/cards__item.css: {"insertSpaces":true,"tabSize":2}
styles/style.css: trimTrailingWhitespace()
web_project_1/blocks/cards/__item/cards__item.css: Using EditorConfig core...
web_project_1/styles/style.css: {"insertSpaces":true,"tabSize":2}
blocks/cards/__item/cards__item.css: trimTrailingWhitespace()
blocks/cards/__item/cards__item.css: insertFinalNewline(LF)
web_project_1/blocks/cards/__item/cards__item.css: {"insertSpaces":true,"tabSize":2}
web_project_1/styles/style.css: {"insertSpaces":true,"tabSize":2}
web_project_1/styles/style.css: Using EditorConfig core...
styles/style.css: editor.action.trimTrailingWhitespace
web_project_1/blocks/cards/__image/cards__image.css: {"insertSpaces":true,"tabSize":2}
web_project_1/blocks/cards/__image/cards__image.css: Using EditorConfig core...
web_project_1/styles/style.css: {"insertSpaces":true,"tabSize":2}
blocks/cards/__image/cards__image.css: trimTrailingWhitespace()
blocks/cards/__image/cards__image.css: insertFinalNewline(LF)
web_project_1/blocks/cards/__image/cards__image.css: {"insertSpaces":true,"tabSize":2}
web_project_1/styles/style.css: {"insertSpaces":true,"tabSize":2}
web_project_1/styles/style.css: Using EditorConfig core...
styles/style.css: editor.action.trimTrailingWhitespace
web_project_1/blocks/cards/__title/cards__title.css: {"insertSpaces":true,"tabSize":2}
web_project_1/blocks/cards/__title/cards__title.css: Using EditorConfig core...
web_project_1/styles/style.css: {"insertSpaces":true,"tabSize":2}
blocks/cards/__title/cards__title.css: trimTrailingWhitespace()
blocks/cards/__title/cards__title.css: insertFinalNewline(LF)
web_project_1/blocks/cards/__title/cards__title.css: {"insertSpaces":true,"tabSize":2}
web_project_1/styles/style.css: {"insertSpaces":true,"tabSize":2}
web_project_1/styles/style.css: Using EditorConfig core...
styles/style.css: editor.action.trimTrailingWhitespace
web_project_1/blocks/cards/__description/cards__description.css: {"insertSpaces":true,"tabSize":2}
web_project_1/blocks/cards/__description/cards__description.css: Using EditorConfig core...
web_project_1/styles/style.css: {"insertSpaces":true,"tabSize":2}
blocks/cards/__description/cards__description.css: trimTrailingWhitespace()
blocks/cards/__description/cards__description.css: insertFinalNewline(LF)
web_project_1/blocks/cards/__description/cards__description.css: {"insertSpaces":true,"tabSize":2}
web_project_1/styles/style.css: {"insertSpaces":true,"tabSize":2}
web_project_1/styles/style.css: Using EditorConfig core...
styles/style.css: editor.action.trimTrailingWhitespace
web_project_1/index.html: {"insertSpaces":true,"tabSize":2}
web_project_1/styles/style.css: {"insertSpaces":true,"tabSize":2}
web_project_1/blocks/video/video.css: {"insertSpaces":true,"tabSize":2}
web_project_1/styles/style.css: {"insertSpaces":true,"tabSize":2}
web_project_1/styles/style.css: Using EditorConfig core...
web_project_1/blocks/video/video.css: {"insertSpaces":true,"tabSize":2}
styles/style.css: trimTrailingWhitespace()
web_project_1/blocks/video/video.css: Using EditorConfig core...
web_project_1/styles/style.css: {"insertSpaces":true,"tabSize":2}
blocks/video/video.css: trimTrailingWhitespace()
blocks/video/video.css: insertFinalNewline(LF)
web_project_1/blocks/video/video.css: {"insertSpaces":true,"tabSize":2}
web_project_1/styles/style.css: {"insertSpaces":true,"tabSize":2}
web_project_1/blocks/video/__iframes/video__iframes.css: {"insertSpaces":true,"tabSize":2}
web_project_1/styles/style.css: {"insertSpaces":true,"tabSize":2}
web_project_1/styles/style.css: Using EditorConfig core...
web_project_1/blocks/video/__iframes/video__iframes.css: {"insertSpaces":true,"tabSize":2}
styles/style.css: trimTrailingWhitespace()
web_project_1/blocks/video/__iframes/video__iframes.css: Using EditorConfig core...
web_project_1/styles/style.css: {"insertSpaces":true,"tabSize":2}
blocks/video/__iframes/video__iframes.css: trimTrailingWhitespace()
blocks/video/__iframes/video__iframes.css: insertFinalNewline(LF)
web_project_1/styles/style.css: Using EditorConfig core...
styles/style.css: editor.action.trimTrailingWhitespace
web_project_1/blocks/video/__iframe/video__iframe.css: {"insertSpaces":true,"tabSize":2}
web_project_1/blocks/video/__iframe/video__iframe.css: Using EditorConfig core...
web_project_1/styles/style.css: {"insertSpaces":true,"tabSize":2}
blocks/video/__iframe/video__iframe.css: trimTrailingWhitespace()
blocks/video/__iframe/video__iframe.css: insertFinalNewline(LF)
web_project_1/blocks/video/__iframe/video__iframe.css: {"insertSpaces":true,"tabSize":2}
web_project_1/styles/style.css: {"insertSpaces":true,"tabSize":2}
web_project_1/styles/style.css: Using EditorConfig core...
styles/style.css: editor.action.trimTrailingWhitespace
web_project_1/blocks/oakley/oakley.css: {"insertSpaces":true,"tabSize":2}
web_project_1/styles/style.css: {"insertSpaces":true,"tabSize":2}
web_project_1/styles/style.css: Using EditorConfig core...
web_project_1/blocks/oakley/oakley.css: {"insertSpaces":true,"tabSize":2}
styles/style.css: trimTrailingWhitespace()
web_project_1/blocks/oakley/oakley.css: Using EditorConfig core...
web_project_1/styles/style.css: {"insertSpaces":true,"tabSize":2}
blocks/oakley/oakley.css: trimTrailingWhitespace()
blocks/oakley/oakley.css: insertFinalNewline(LF)
web_project_1/blocks/oakley/oakley.css: {"insertSpaces":true,"tabSize":2}
web_project_1/styles/style.css: {"insertSpaces":true,"tabSize":2}
web_project_1/styles/style.css: Using EditorConfig core...
styles/style.css: editor.action.trimTrailingWhitespace
web_project_1/blocks/digits/digits.css: {"insertSpaces":true,"tabSize":2}
web_project_1/styles/style.css: {"insertSpaces":true,"tabSize":2}
web_project_1/styles/style.css: Using EditorConfig core...
web_project_1/blocks/digits/digits.css: {"insertSpaces":true,"tabSize":2}
styles/style.css: trimTrailingWhitespace()
web_project_1/styles/style.css: {"insertSpaces":true,"tabSize":2}
web_project_1/styles/style.css: Using EditorConfig core...
web_project_1/blocks/digits/digits.css: {"insertSpaces":true,"tabSize":2}
styles/style.css: trimTrailingWhitespace()
web_project_1/blocks/digits/digits.css: Using EditorConfig core...
web_project_1/styles/style.css: {"insertSpaces":true,"tabSize":2}
blocks/digits/digits.css: trimTrailingWhitespace()
blocks/digits/digits.css: insertFinalNewline(LF)
web_project_1/blocks/digits/digits.css: {"insertSpaces":true,"tabSize":2}
web_project_1/styles/style.css: {"insertSpaces":true,"tabSize":2}
web_project_1/blocks/section-title/section-title.css: {"insertSpaces":true,"tabSize":2}
web_project_1/styles/style.css: {"insertSpaces":true,"tabSize":2}
web_project_1/styles/style.css: Using EditorConfig core...
web_project_1/blocks/section-title/section-title.css: {"insertSpaces":true,"tabSize":2}
styles/style.css: trimTrailingWhitespace()
web_project_1/blocks/section-title/section-title.css: Using EditorConfig core...
web_project_1/styles/style.css: {"insertSpaces":true,"tabSize":2}
blocks/section-title/section-title.css: trimTrailingWhitespace()
blocks/section-title/section-title.css: insertFinalNewline(LF)
web_project_1/blocks/section-title/section-title.css: {"insertSpaces":true,"tabSize":2}
web_project_1/styles/style.css: {"insertSpaces":true,"tabSize":2}
web_project_1/styles/style.css: Using EditorConfig core...
styles/style.css: editor.action.trimTrailingWhitespace
web_project_1/blocks/section-subtitle/section-subtitle.css: {"insertSpaces":true,"tabSize":2}
web_project_1/styles/style.css: {"insertSpaces":true,"tabSize":2}
web_project_1/styles/style.css: Using EditorConfig core...
web_project_1/blocks/section-subtitle/section-subtitle.css: {"insertSpaces":true,"tabSize":2}
styles/style.css: trimTrailingWhitespace()
web_project_1/blocks/section-subtitle/section-subtitle.css: Using EditorConfig core...
web_project_1/styles/style.css: {"insertSpaces":true,"tabSize":2}
blocks/section-subtitle/section-subtitle.css: trimTrailingWhitespace()
blocks/section-subtitle/section-subtitle.css: insertFinalNewline(LF)
web_project_1/blocks/section-subtitle/section-subtitle.css: {"insertSpaces":true,"tabSize":2}
web_project_1/styles/style.css: {"insertSpaces":true,"tabSize":2}
web_project_1/styles/style.css: Using EditorConfig core...
styles/style.css: editor.action.trimTrailingWhitespace
web_project_1/blocks/table/table.css: {"insertSpaces":true,"tabSize":2}
web_project_1/blocks/table/table.css: Using EditorConfig core...
web_project_1/styles/style.css: {"insertSpaces":true,"tabSize":2}
blocks/table/table.css: trimTrailingWhitespace()
web_project_1/styles/style.css: Using EditorConfig core...
web_project_1/blocks/table/table.css: {"insertSpaces":true,"tabSize":2}
styles/style.css: trimTrailingWhitespace()
web_project_1/blocks/table/table.css: Using EditorConfig core...
web_project_1/styles/style.css: {"insertSpaces":true,"tabSize":2}
blocks/table/table.css: trimTrailingWhitespace()
blocks/table/table.css: insertFinalNewline(LF)
web_project_1/blocks/table/table.css: {"insertSpaces":true,"tabSize":2}
web_project_1/styles/style.css: {"insertSpaces":true,"tabSize":2}
web_project_1/blocks/table/__cell/table__cell.css: {"insertSpaces":true,"tabSize":2}
web_project_1/styles/style.css: {"insertSpaces":true,"tabSize":2}
web_project_1/styles/style.css: Using EditorConfig core...
web_project_1/blocks/table/__cell/table__cell.css: {"insertSpaces":true,"tabSize":2}
styles/style.css: trimTrailingWhitespace()
web_project_1/blocks/table/__cell/table__cell.css: Using EditorConfig core...
web_project_1/styles/style.css: {"insertSpaces":true,"tabSize":2}
blocks/table/__cell/table__cell.css: trimTrailingWhitespace()
blocks/table/__cell/table__cell.css: insertFinalNewline(LF)
web_project_1/blocks/table/__cell/table__cell.css: {"insertSpaces":true,"tabSize":2}
web_project_1/styles/style.css: {"insertSpaces":true,"tabSize":2}
web_project_1/styles/style.css: Using EditorConfig core...
styles/style.css: editor.action.trimTrailingWhitespace
web_project_1/blocks/table/__heading/table__heading.css: {"insertSpaces":true,"tabSize":2}
web_project_1/styles/style.css: {"insertSpaces":true,"tabSize":2}
web_project_1/styles/style.css: Using EditorConfig core...
web_project_1/blocks/table/__heading/table__heading.css: {"insertSpaces":true,"tabSize":2}
styles/style.css: trimTrailingWhitespace()
web_project_1/blocks/table/__heading/table__heading.css: Using EditorConfig core...
web_project_1/styles/style.css: {"insertSpaces":true,"tabSize":2}
blocks/table/__heading/table__heading.css: trimTrailingWhitespace()
blocks/table/__heading/table__heading.css: insertFinalNewline(LF)
web_project_1/blocks/table/__heading/table__heading.css: {"insertSpaces":true,"tabSize":2}
web_project_1/styles/style.css: {"insertSpaces":true,"tabSize":2}
web_project_1/blocks/table/__text/table__text.css: {"insertSpaces":true,"tabSize":2}
web_project_1/styles/style.css: {"insertSpaces":true,"tabSize":2}
web_project_1/styles/style.css: Using EditorConfig core...
web_project_1/blocks/table/__text/table__text.css: {"insertSpaces":true,"tabSize":2}
styles/style.css: trimTrailingWhitespace()
web_project_1/blocks/table/__text/table__text.css: Using EditorConfig core...
web_project_1/styles/style.css: {"insertSpaces":true,"tabSize":2}
blocks/table/__text/table__text.css: trimTrailingWhitespace()
blocks/table/__text/table__text.css: insertFinalNewline(LF)
web_project_1/blocks/table/__text/table__text.css: {"insertSpaces":true,"tabSize":2}
web_project_1/styles/style.css: {"insertSpaces":true,"tabSize":2}
web_project_1/styles/style.css: Using EditorConfig core...
styles/style.css: editor.action.trimTrailingWhitespace
web_project_1/styles/style.css: {"insertSpaces":true,"tabSize":2}
web_project_1/blocks/feynman/feynman.css: {"insertSpaces":true,"tabSize":2}
web_project_1/styles/style.css: {"insertSpaces":true,"tabSize":2}
web_project_1/blocks/feynman/feynman.css: {"insertSpaces":true,"tabSize":2}
web_project_1/blocks/feynman/feynman.css: Using EditorConfig core...
web_project_1/styles/style.css: {"insertSpaces":true,"tabSize":2}
blocks/feynman/feynman.css: trimTrailingWhitespace()
web_project_1/styles/style.css: Using EditorConfig core...
web_project_1/blocks/feynman/feynman.css: {"insertSpaces":true,"tabSize":2}
styles/style.css: trimTrailingWhitespace()
web_project_1/blocks/feynman/feynman.css: Using EditorConfig core...
web_project_1/styles/style.css: {"insertSpaces":true,"tabSize":2}
blocks/feynman/feynman.css: trimTrailingWhitespace()
blocks/feynman/feynman.css: insertFinalNewline(LF)
web_project_1/blocks/feynman/feynman.css: {"insertSpaces":true,"tabSize":2}
web_project_1/styles/style.css: {"insertSpaces":true,"tabSize":2}
web_project_1/blocks/feynman/__title/feynman__title.css: {"insertSpaces":true,"tabSize":2}
web_project_1/styles/style.css: {"insertSpaces":true,"tabSize":2}
web_project_1/styles/style.css: Using EditorConfig core...
web_project_1/blocks/feynman/__title/feynman__title.css: {"insertSpaces":true,"tabSize":2}
styles/style.css: trimTrailingWhitespace()
web_project_1/blocks/feynman/__title/feynman__title.css: Using EditorConfig core...
web_project_1/styles/style.css: {"insertSpaces":true,"tabSize":2}
blocks/feynman/__title/feynman__title.css: trimTrailingWhitespace()
blocks/feynman/__title/feynman__title.css: insertFinalNewline(LF)
web_project_1/blocks/feynman/__title/feynman__title.css: {"insertSpaces":true,"tabSize":2}
web_project_1/styles/style.css: {"insertSpaces":true,"tabSize":2}
web_project_1/styles/style.css: Using EditorConfig core...
styles/style.css: editor.action.trimTrailingWhitespace
web_project_1/blocks/feynman/__subtitle/feynman__subtitle.css: {"insertSpaces":true,"tabSize":2}
web_project_1/styles/style.css: {"insertSpaces":true,"tabSize":2}
web_project_1/styles/style.css: Using EditorConfig core...
web_project_1/blocks/feynman/__subtitle/feynman__subtitle.css: {"insertSpaces":true,"tabSize":2}
styles/style.css: trimTrailingWhitespace()
web_project_1/blocks/feynman/__subtitle/feynman__subtitle.css: Using EditorConfig core...
web_project_1/styles/style.css: {"insertSpaces":true,"tabSize":2}
blocks/feynman/__subtitle/feynman__subtitle.css: trimTrailingWhitespace()
blocks/feynman/__subtitle/feynman__subtitle.css: insertFinalNewline(LF)
web_project_1/blocks/feynman/__subtitle/feynman__subtitle.css: {"insertSpaces":true,"tabSize":2}
web_project_1/styles/style.css: {"insertSpaces":true,"tabSize":2}
web_project_1/blocks/feynman/__link/feynman__link.css: {"insertSpaces":true,"tabSize":2}
web_project_1/styles/style.css: {"insertSpaces":true,"tabSize":2}
web_project_1/styles/style.css: Using EditorConfig core...
web_project_1/blocks/feynman/__link/feynman__link.css: {"insertSpaces":true,"tabSize":2}
styles/style.css: trimTrailingWhitespace()
web_project_1/blocks/feynman/__link/feynman__link.css: Using EditorConfig core...
web_project_1/styles/style.css: {"insertSpaces":true,"tabSize":2}
blocks/feynman/__link/feynman__link.css: trimTrailingWhitespace()
blocks/feynman/__link/feynman__link.css: insertFinalNewline(LF)
web_project_1/blocks/feynman/__link/feynman__link.css: {"insertSpaces":true,"tabSize":2}
web_project_1/styles/style.css: {"insertSpaces":true,"tabSize":2}
web_project_1/styles/style.css: Using EditorConfig core...
styles/style.css: editor.action.trimTrailingWhitespace
web_project_1/blocks/feynman/__image/feynman__image.css: {"insertSpaces":true,"tabSize":2}
web_project_1/styles/style.css: {"insertSpaces":true,"tabSize":2}
web_project_1/styles/style.css: Using EditorConfig core...
web_project_1/blocks/feynman/__image/feynman__image.css: {"insertSpaces":true,"tabSize":2}
styles/style.css: trimTrailingWhitespace()
web_project_1/blocks/feynman/__image/feynman__image.css: Using EditorConfig core...
web_project_1/styles/style.css: {"insertSpaces":true,"tabSize":2}
blocks/feynman/__image/feynman__image.css: trimTrailingWhitespace()
blocks/feynman/__image/feynman__image.css: insertFinalNewline(LF)
web_project_1/blocks/feynman/__image/feynman__image.css: {"insertSpaces":true,"tabSize":2}
web_project_1/styles/style.css: {"insertSpaces":true,"tabSize":2}
web_project_1/blocks/khan/khan.css: {"insertSpaces":true,"tabSize":2}
web_project_1/blocks/khan/khan.css: Using EditorConfig core...
blocks/khan/khan.css: trimTrailingWhitespace()
web_project_1/styles/style.css: {"insertSpaces":true,"tabSize":2}
web_project_1/styles/style.css: Using EditorConfig core...
web_project_1/blocks/khan/khan.css: {"insertSpaces":true,"tabSize":2}
styles/style.css: trimTrailingWhitespace()
web_project_1/blocks/khan/khan.css: Using EditorConfig core...
web_project_1/styles/style.css: {"insertSpaces":true,"tabSize":2}
blocks/khan/khan.css: trimTrailingWhitespace()
blocks/khan/khan.css: insertFinalNewline(LF)
web_project_1/blocks/khan/khan.css: {"insertSpaces":true,"tabSize":2}
web_project_1/styles/style.css: {"insertSpaces":true,"tabSize":2}
web_project_1/blocks/khan/__container/khan__container.css: {"insertSpaces":true,"tabSize":2}
web_project_1/styles/style.css: {"insertSpaces":true,"tabSize":2}
web_project_1/styles/style.css: Using EditorConfig core...
web_project_1/blocks/khan/__container/khan__container.css: {"insertSpaces":true,"tabSize":2}
styles/style.css: trimTrailingWhitespace()
web_project_1/blocks/khan/__container/khan__container.css: Using EditorConfig core...
web_project_1/styles/style.css: {"insertSpaces":true,"tabSize":2}
blocks/khan/__container/khan__container.css: trimTrailingWhitespace()
blocks/khan/__container/khan__container.css: insertFinalNewline(LF)
web_project_1/styles/style.css: Using EditorConfig core...
web_project_1/blocks/khan/__container/khan__container.css: {"insertSpaces":true,"tabSize":2}
styles/style.css: trimTrailingWhitespace()
web_project_1/styles/style.css: {"insertSpaces":true,"tabSize":2}
web_project_1/blocks/khan/__author/khan__author.css: {"insertSpaces":true,"tabSize":2}
web_project_1/styles/style.css: {"insertSpaces":true,"tabSize":2}
web_project_1/styles/style.css: Using EditorConfig core...
web_project_1/blocks/khan/__author/khan__author.css: {"insertSpaces":true,"tabSize":2}
styles/style.css: trimTrailingWhitespace()
web_project_1/blocks/khan/__author/khan__author.css: Using EditorConfig core...
web_project_1/styles/style.css: {"insertSpaces":true,"tabSize":2}
blocks/khan/__author/khan__author.css: trimTrailingWhitespace()
blocks/khan/__author/khan__author.css: insertFinalNewline(LF)
web_project_1/blocks/khan/__author/khan__author.css: {"insertSpaces":true,"tabSize":2}
web_project_1/styles/style.css: {"insertSpaces":true,"tabSize":2}
web_project_1/blocks/khan/__title/khan__title.css: {"insertSpaces":true,"tabSize":2}
web_project_1/styles/style.css: {"insertSpaces":true,"tabSize":2}
web_project_1/styles/style.css: Using EditorConfig core...
web_project_1/blocks/khan/__title/khan__title.css: {"insertSpaces":true,"tabSize":2}
styles/style.css: trimTrailingWhitespace()
web_project_1/blocks/khan/__title/khan__title.css: Using EditorConfig core...
web_project_1/styles/style.css: {"insertSpaces":true,"tabSize":2}
blocks/khan/__title/khan__title.css: trimTrailingWhitespace()
blocks/khan/__title/khan__title.css: insertFinalNewline(LF)
web_project_1/styles/style.css: Using EditorConfig core...
web_project_1/blocks/khan/__title/khan__title.css: {"insertSpaces":true,"tabSize":2}
styles/style.css: trimTrailingWhitespace()
web_project_1/styles/style.css: {"insertSpaces":true,"tabSize":2}
web_project_1/blocks/khan/__quote/khan__quote.css: {"insertSpaces":true,"tabSize":2}
web_project_1/styles/style.css: {"insertSpaces":true,"tabSize":2}
web_project_1/styles/style.css: Using EditorConfig core...
web_project_1/blocks/khan/__quote/khan__quote.css: {"insertSpaces":true,"tabSize":2}
styles/style.css: trimTrailingWhitespace()
web_project_1/blocks/khan/__quote/khan__quote.css: Using EditorConfig core...
web_project_1/styles/style.css: {"insertSpaces":true,"tabSize":2}
blocks/khan/__quote/khan__quote.css: trimTrailingWhitespace()
blocks/khan/__quote/khan__quote.css: insertFinalNewline(LF)
web_project_1/blocks/khan/__quote-author/khan__quote-author.css: {"insertSpaces":true,"tabSize":2}
web_project_1/styles/style.css: {"insertSpaces":true,"tabSize":2}
web_project_1/styles/style.css: Using EditorConfig core...
web_project_1/blocks/khan/__quote-author/khan__quote-author.css: {"insertSpaces":true,"tabSize":2}
styles/style.css: trimTrailingWhitespace()
web_project_1/blocks/khan/__quote-author/khan__quote-author.css: Using EditorConfig core...
web_project_1/blocks/khan/__quote/khan__quote.css: {"insertSpaces":true,"tabSize":2}
blocks/khan/__quote-author/khan__quote-author.css: trimTrailingWhitespace()
blocks/khan/__quote-author/khan__quote-author.css: insertFinalNewline(LF)
web_project_1/blocks/khan/__quote-author/khan__quote-author.css: {"insertSpaces":true,"tabSize":2}
web_project_1/styles/style.css: {"insertSpaces":true,"tabSize":2}
web_project_1/blocks/khan/__quote-author-subline/khan__quote-author-subline.css: {"insertSpaces":true,"tabSize":2}
web_project_1/styles/style.css: {"insertSpaces":true,"tabSize":2}
web_project_1/styles/style.css: Using EditorConfig core...
web_project_1/blocks/khan/__quote-author-subline/khan__quote-author-subline.css: {"insertSpaces":true,"tabSize":2}
styles/style.css: trimTrailingWhitespace()
web_project_1/blocks/khan/__quote-author-subline/khan__quote-author-subline.css: Using EditorConfig core...
web_project_1/styles/style.css: {"insertSpaces":true,"tabSize":2}
blocks/khan/__quote-author-subline/khan__quote-author-subline.css: trimTrailingWhitespace()
blocks/khan/__quote-author-subline/khan__quote-author-subline.css: insertFinalNewline(LF)
web_project_1/styles/style.css: Using EditorConfig core...
web_project_1/blocks/khan/__quote-author-subline/khan__quote-author-subline.css: {"insertSpaces":true,"tabSize":2}
styles/style.css: trimTrailingWhitespace()
web_project_1/styles/style.css: {"insertSpaces":true,"tabSize":2}
web_project_1/blocks/khan/__book-container/khan__book-container.css: {"insertSpaces":true,"tabSize":2}
web_project_1/styles/style.css: {"insertSpaces":true,"tabSize":2}
web_project_1/styles/style.css: Using EditorConfig core...
web_project_1/blocks/khan/__book-container/khan__book-container.css: {"insertSpaces":true,"tabSize":2}
styles/style.css: trimTrailingWhitespace()
web_project_1/blocks/khan/__book-container/khan__book-container.css: Using EditorConfig core...
web_project_1/styles/style.css: {"insertSpaces":true,"tabSize":2}
blocks/khan/__book-container/khan__book-container.css: trimTrailingWhitespace()
blocks/khan/__book-container/khan__book-container.css: insertFinalNewline(LF)
web_project_1/blocks/khan/__book-pic/khan__book-pic.css: {"insertSpaces":true,"tabSize":2}
web_project_1/styles/style.css: {"insertSpaces":true,"tabSize":2}
web_project_1/styles/style.css: Using EditorConfig core...
web_project_1/blocks/khan/__book-pic/khan__book-pic.css: {"insertSpaces":true,"tabSize":2}
styles/style.css: trimTrailingWhitespace()
web_project_1/blocks/khan/__book-pic/khan__book-pic.css: Using EditorConfig core...
web_project_1/blocks/khan/__book-container/khan__book-container.css: {"insertSpaces":true,"tabSize":2}
blocks/khan/__book-pic/khan__book-pic.css: trimTrailingWhitespace()
blocks/khan/__book-pic/khan__book-pic.css: insertFinalNewline(LF)
web_project_1/blocks/khan/__book-pic/khan__book-pic.css: {"insertSpaces":true,"tabSize":2}
web_project_1/styles/style.css: {"insertSpaces":true,"tabSize":2}
web_project_1/blocks/khan/__buy-link/khan__buy-link.css: {"insertSpaces":true,"tabSize":2}
web_project_1/styles/style.css: {"insertSpaces":true,"tabSize":2}
web_project_1/styles/style.css: Using EditorConfig core...
web_project_1/blocks/khan/__buy-link/khan__buy-link.css: {"insertSpaces":true,"tabSize":2}
styles/style.css: trimTrailingWhitespace()
web_project_1/blocks/khan/__buy-link/khan__buy-link.css: Using EditorConfig core...
web_project_1/styles/style.css: {"insertSpaces":true,"tabSize":2}
blocks/khan/__buy-link/khan__buy-link.css: trimTrailingWhitespace()
blocks/khan/__buy-link/khan__buy-link.css: insertFinalNewline(LF)
web_project_1/styles/style.css: Using EditorConfig core...
web_project_1/blocks/khan/__buy-link/khan__buy-link.css: {"insertSpaces":true,"tabSize":2}
styles/style.css: trimTrailingWhitespace()
web_project_1/styles/style.css: {"insertSpaces":true,"tabSize":2}
web_project_1/blocks/kaufman/kaufman.css: {"insertSpaces":true,"tabSize":2}
web_project_1/blocks/kaufman/kaufman.css: Using EditorConfig core...
web_project_1/styles/style.css: {"insertSpaces":true,"tabSize":2}
blocks/kaufman/kaufman.css: trimTrailingWhitespace()
web_project_1/styles/style.css: Using EditorConfig core...
web_project_1/blocks/kaufman/kaufman.css: {"insertSpaces":true,"tabSize":2}
styles/style.css: trimTrailingWhitespace()
web_project_1/blocks/kaufman/kaufman.css: Using EditorConfig core...
web_project_1/styles/style.css: {"insertSpaces":true,"tabSize":2}
blocks/kaufman/kaufman.css: trimTrailingWhitespace()
blocks/kaufman/kaufman.css: insertFinalNewline(LF)
web_project_1/blocks/kaufman/__triangle/kaufman__triangle.css: {"insertSpaces":true,"tabSize":2}
web_project_1/styles/style.css: {"insertSpaces":true,"tabSize":2}
web_project_1/styles/style.css: Using EditorConfig core...
web_project_1/blocks/kaufman/__triangle/kaufman__triangle.css: {"insertSpaces":true,"tabSize":2}
styles/style.css: trimTrailingWhitespace()
web_project_1/blocks/kaufman/__triangle/kaufman__triangle.css: Using EditorConfig core...
web_project_1/styles/style.css: {"insertSpaces":true,"tabSize":2}
blocks/kaufman/__triangle/kaufman__triangle.css: trimTrailingWhitespace()
blocks/kaufman/__triangle/kaufman__triangle.css: insertFinalNewline(LF)
web_project_1/styles/style.css: Using EditorConfig core...
styles/style.css: editor.action.trimTrailingWhitespace
web_project_1/blocks/section-title/_theme/section-title_theme_dark.css: {"insertSpaces":true,"tabSize":2}
web_project_1/styles/style.css: {"insertSpaces":true,"tabSize":2}
web_project_1/styles/style.css: Using EditorConfig core...
web_project_1/blocks/section-title/_theme/section-title_theme_dark.css: {"insertSpaces":true,"tabSize":2}
styles/style.css: trimTrailingWhitespace()
web_project_1/blocks/section-title/_theme/section-title_theme_dark.css: Using EditorConfig core...
web_project_1/styles/style.css: {"insertSpaces":true,"tabSize":2}
blocks/section-title/_theme/section-title_theme_dark.css: trimTrailingWhitespace()
blocks/section-title/_theme/section-title_theme_dark.css: insertFinalNewline(LF)
web_project_1/blocks/section-title/_theme/section-title_theme_dark.css: {"insertSpaces":true,"tabSize":2}
web_project_1/styles/style.css: {"insertSpaces":true,"tabSize":2}
web_project_1/blocks/section-subtitle/_theme/section-subtitle_theme_dark.css: {"insertSpaces":true,"tabSize":2}
web_project_1/styles/style.css: {"insertSpaces":true,"tabSize":2}
web_project_1/styles/style.css: Using EditorConfig core...
web_project_1/blocks/section-subtitle/_theme/section-subtitle_theme_dark.css: {"insertSpaces":true,"tabSize":2}
styles/style.css: trimTrailingWhitespace()
web_project_1/blocks/section-subtitle/_theme/section-subtitle_theme_dark.css: Using EditorConfig core...
blocks/section-subtitle/_theme/section-subtitle_theme_dark.css: trimTrailingWhitespace()
blocks/section-subtitle/_theme/section-subtitle_theme_dark.css: insertFinalNewline(LF)
web_project_1/styles/style.css: {"insertSpaces":true,"tabSize":2}
web_project_1/blocks/section-subtitle/_theme/section-subtitle_theme_dark.css: {"insertSpaces":true,"tabSize":2}
web_project_1/styles/style.css: {"insertSpaces":true,"tabSize":2}
web_project_1/styles/style.css: Using EditorConfig core...
styles/style.css: editor.action.trimTrailingWhitespace
web_project_1/blocks/table/__cell/_theme/table__cell_theme_dark.css: {"insertSpaces":true,"tabSize":2}
web_project_1/styles/style.css: {"insertSpaces":true,"tabSize":2}
web_project_1/styles/style.css: Using EditorConfig core...
web_project_1/blocks/table/__cell/_theme/table__cell_theme_dark.css: {"insertSpaces":true,"tabSize":2}
styles/style.css: trimTrailingWhitespace()
web_project_1/blocks/table/__cell/_theme/table__cell_theme_dark.css: Using EditorConfig core...
web_project_1/styles/style.css: {"insertSpaces":true,"tabSize":2}
blocks/table/__cell/_theme/table__cell_theme_dark.css: trimTrailingWhitespace()
blocks/table/__cell/_theme/table__cell_theme_dark.css: insertFinalNewline(LF)
web_project_1/blocks/table/__cell/_theme/table__cell_theme_dark.css: {"insertSpaces":true,"tabSize":2}
web_project_1/styles/style.css: {"insertSpaces":true,"tabSize":2}
web_project_1/blocks/table/__heading/_theme/table__heading_theme_dark.css: {"insertSpaces":true,"tabSize":2}
web_project_1/styles/style.css: {"insertSpaces":true,"tabSize":2}
web_project_1/styles/style.css: Using EditorConfig core...
web_project_1/blocks/table/__heading/_theme/table__heading_theme_dark.css: {"insertSpaces":true,"tabSize":2}
styles/style.css: trimTrailingWhitespace()
web_project_1/blocks/table/__heading/_theme/table__heading_theme_dark.css: Using EditorConfig core...
web_project_1/styles/style.css: {"insertSpaces":true,"tabSize":2}
blocks/table/__heading/_theme/table__heading_theme_dark.css: trimTrailingWhitespace()
blocks/table/__heading/_theme/table__heading_theme_dark.css: insertFinalNewline(LF)
web_project_1/blocks/table/__heading/_theme/table__heading_theme_dark.css: {"insertSpaces":true,"tabSize":2}
web_project_1/styles/style.css: {"insertSpaces":true,"tabSize":2}
web_project_1/blocks/table/__text/_theme/table__text_theme_dark.css: {"insertSpaces":true,"tabSize":2}
web_project_1/styles/style.css: {"insertSpaces":true,"tabSize":2}
web_project_1/styles/style.css: Using EditorConfig core...
web_project_1/blocks/table/__text/_theme/table__text_theme_dark.css: {"insertSpaces":true,"tabSize":2}
styles/style.css: trimTrailingWhitespace()
web_project_1/blocks/table/__text/_theme/table__text_theme_dark.css: Using EditorConfig core...
web_project_1/styles/style.css: {"insertSpaces":true,"tabSize":2}
blocks/table/__text/_theme/table__text_theme_dark.css: trimTrailingWhitespace()
blocks/table/__text/_theme/table__text_theme_dark.css: insertFinalNewline(LF)
web_project_1/blocks/table/__text/_theme/table__text_theme_dark.css: {"insertSpaces":true,"tabSize":2}
web_project_1/styles/style.css: {"insertSpaces":true,"tabSize":2}
web_project_1/styles/style.css: Using EditorConfig core...
styles/style.css: editor.action.trimTrailingWhitespace
web_project_1/blocks/resources/resources.css: {"insertSpaces":true,"tabSize":2}
web_project_1/blocks/resources/resources.css: Using EditorConfig core...
web_project_1/styles/style.css: {"insertSpaces":true,"tabSize":2}
blocks/resources/resources.css: trimTrailingWhitespace()
web_project_1/styles/style.css: Using EditorConfig core...
web_project_1/blocks/resources/resources.css: {"insertSpaces":true,"tabSize":2}
styles/style.css: trimTrailingWhitespace()
web_project_1/blocks/resources/resources.css: Using EditorConfig core...
web_project_1/styles/style.css: {"insertSpaces":true,"tabSize":2}
blocks/resources/resources.css: trimTrailingWhitespace()
blocks/resources/resources.css: insertFinalNewline(LF)
web_project_1/blocks/resources/resources.css: {"insertSpaces":true,"tabSize":2}
web_project_1/styles/style.css: {"insertSpaces":true,"tabSize":2}
web_project_1/styles/style.css: Using EditorConfig core...
styles/style.css: editor.action.trimTrailingWhitespace
web_project_1/blocks/resources/__logo-zone/resources__logo-zone.css: {"insertSpaces":true,"tabSize":2}
web_project_1/styles/style.css: {"insertSpaces":true,"tabSize":2}
web_project_1/styles/style.css: Using EditorConfig core...
web_project_1/blocks/resources/__logo-zone/resources__logo-zone.css: {"insertSpaces":true,"tabSize":2}
styles/style.css: trimTrailingWhitespace()
web_project_1/blocks/resources/__logo-zone/resources__logo-zone.css: Using EditorConfig core...
web_project_1/styles/style.css: {"insertSpaces":true,"tabSize":2}
blocks/resources/__logo-zone/resources__logo-zone.css: trimTrailingWhitespace()
blocks/resources/__logo-zone/resources__logo-zone.css: insertFinalNewline(LF)
web_project_1/styles/style.css: Using EditorConfig core...
web_project_1/blocks/resources/__logo-zone/resources__logo-zone.css: {"insertSpaces":true,"tabSize":2}
styles/style.css: trimTrailingWhitespace()
web_project_1/styles/style.css: {"insertSpaces":true,"tabSize":2}
web_project_1/blocks/resources/__logo/resources__logo.css: {"insertSpaces":true,"tabSize":2}
web_project_1/styles/style.css: {"insertSpaces":true,"tabSize":2}
web_project_1/styles/style.css: Using EditorConfig core...
web_project_1/blocks/resources/__logo/resources__logo.css: {"insertSpaces":true,"tabSize":2}
styles/style.css: trimTrailingWhitespace()
web_project_1/blocks/resources/__logo/resources__logo.css: Using EditorConfig core...
web_project_1/styles/style.css: {"insertSpaces":true,"tabSize":2}
blocks/resources/__logo/resources__logo.css: trimTrailingWhitespace()
blocks/resources/__logo/resources__logo.css: insertFinalNewline(LF)
web_project_1/blocks/resources/__logo/resources__logo.css: {"insertSpaces":true,"tabSize":2}
web_project_1/styles/style.css: {"insertSpaces":true,"tabSize":2}
web_project_1/blocks/footer/footer.css: {"insertSpaces":true,"tabSize":2}
web_project_1/blocks/footer/footer.css: Using EditorConfig core...
web_project_1/styles/style.css: {"insertSpaces":true,"tabSize":2}
blocks/footer/footer.css: trimTrailingWhitespace()
web_project_1/styles/style.css: Using EditorConfig core...
web_project_1/blocks/footer/footer.css: {"insertSpaces":true,"tabSize":2}
styles/style.css: trimTrailingWhitespace()
web_project_1/blocks/footer/footer.css: Using EditorConfig core...
web_project_1/styles/style.css: {"insertSpaces":true,"tabSize":2}
blocks/footer/footer.css: trimTrailingWhitespace()
blocks/footer/footer.css: insertFinalNewline(LF)
web_project_1/blocks/footer/__columns/footer__columns.css: {"insertSpaces":true,"tabSize":2}
web_project_1/styles/style.css: {"insertSpaces":true,"tabSize":2}
web_project_1/styles/style.css: Using EditorConfig core...
web_project_1/blocks/footer/__columns/footer__columns.css: {"insertSpaces":true,"tabSize":2}
styles/style.css: trimTrailingWhitespace()
web_project_1/blocks/footer/__columns/footer__columns.css: Using EditorConfig core...
web_project_1/styles/style.css: {"insertSpaces":true,"tabSize":2}
blocks/footer/__columns/footer__columns.css: trimTrailingWhitespace()
blocks/footer/__columns/footer__columns.css: insertFinalNewline(LF)
web_project_1/blocks/footer/__columns/footer__columns.css: {"insertSpaces":true,"tabSize":2}
web_project_1/styles/style.css: {"insertSpaces":true,"tabSize":2}
web_project_1/styles/style.css: Using EditorConfig core...
styles/style.css: editor.action.trimTrailingWhitespace
web_project_1/blocks/footer/__column/footer__column.css: {"insertSpaces":true,"tabSize":2}
web_project_1/styles/style.css: {"insertSpaces":true,"tabSize":2}
web_project_1/styles/style.css: Using EditorConfig core...
web_project_1/blocks/footer/__column/footer__column.css: {"insertSpaces":true,"tabSize":2}
styles/style.css: trimTrailingWhitespace()
web_project_1/blocks/footer/__column/footer__column.css: Using EditorConfig core...
web_project_1/styles/style.css: {"insertSpaces":true,"tabSize":2}
blocks/footer/__column/footer__column.css: trimTrailingWhitespace()
blocks/footer/__column/footer__column.css: insertFinalNewline(LF)
web_project_1/blocks/footer/__column/_content/footer__column_content_copyright.css: {"insertSpaces":true,"tabSize":2}
web_project_1/styles/style.css: {"insertSpaces":true,"tabSize":2}
web_project_1/styles/style.css: Using EditorConfig core...
web_project_1/blocks/footer/__column/_content/footer__column_content_copyright.css: {"insertSpaces":true,"tabSize":2}
styles/style.css: trimTrailingWhitespace()
web_project_1/blocks/footer/__column/_content/footer__column_content_copyright.css: Using EditorConfig core...
web_project_1/styles/style.css: {"insertSpaces":true,"tabSize":2}
blocks/footer/__column/_content/footer__column_content_copyright.css: trimTrailingWhitespace()
blocks/footer/__column/_content/footer__column_content_copyright.css: insertFinalNewline(LF)
web_project_1/blocks/logo/_place/logo_place_footer.css: {"insertSpaces":true,"tabSize":2}
web_project_1/styles/style.css: {"insertSpaces":true,"tabSize":2}
web_project_1/styles/style.css: Using EditorConfig core...
web_project_1/blocks/logo/_place/logo_place_footer.css: {"insertSpaces":true,"tabSize":2}
styles/style.css: trimTrailingWhitespace()
web_project_1/blocks/logo/_place/logo_place_footer.css: Using EditorConfig core...
web_project_1/styles/style.css: {"insertSpaces":true,"tabSize":2}
blocks/logo/_place/logo_place_footer.css: trimTrailingWhitespace()
blocks/logo/_place/logo_place_footer.css: insertFinalNewline(LF)
web_project_1/blocks/logo/_place/logo_place_footer.css: {"insertSpaces":true,"tabSize":2}
web_project_1/styles/style.css: {"insertSpaces":true,"tabSize":2}
web_project_1/blocks/logo/logo.css: {"insertSpaces":true,"tabSize":2}
web_project_1/styles/style.css: {"insertSpaces":true,"tabSize":2}
web_project_1/blocks/footer/__author/footer__author.css: {"insertSpaces":true,"tabSize":2}
web_project_1/styles/style.css: {"insertSpaces":true,"tabSize":2}
web_project_1/styles/style.css: Using EditorConfig core...
web_project_1/blocks/footer/__author/footer__author.css: {"insertSpaces":true,"tabSize":2}
styles/style.css: trimTrailingWhitespace()
web_project_1/blocks/footer/__author/footer__author.css: Using EditorConfig core...
web_project_1/styles/style.css: {"insertSpaces":true,"tabSize":2}
blocks/footer/__author/footer__author.css: trimTrailingWhitespace()
blocks/footer/__author/footer__author.css: insertFinalNewline(LF)
web_project_1/blocks/footer/__column-heading/footer__column-heading.css: {"insertSpaces":true,"tabSize":2}
web_project_1/styles/style.css: {"insertSpaces":true,"tabSize":2}
web_project_1/styles/style.css: Using EditorConfig core...
web_project_1/blocks/footer/__column-heading/footer__column-heading.css: {"insertSpaces":true,"tabSize":2}
styles/style.css: trimTrailingWhitespace()
web_project_1/blocks/footer/__column-heading/footer__column-heading.css: Using EditorConfig core...
web_project_1/styles/style.css: {"insertSpaces":true,"tabSize":2}
blocks/footer/__column-heading/footer__column-heading.css: trimTrailingWhitespace()
blocks/footer/__column-heading/footer__column-heading.css: insertFinalNewline(LF)
web_project_1/styles/style.css: Using EditorConfig core...
styles/style.css: editor.action.trimTrailingWhitespace
web_project_1/blocks/footer/__column-links/footer__column-links.css: {"insertSpaces":true,"tabSize":2}
web_project_1/styles/style.css: {"insertSpaces":true,"tabSize":2}
web_project_1/styles/style.css: Using EditorConfig core...
web_project_1/blocks/footer/__column-links/footer__column-links.css: {"insertSpaces":true,"tabSize":2}
styles/style.css: trimTrailingWhitespace()
web_project_1/blocks/footer/__column-links/footer__column-links.css: Using EditorConfig core...
web_project_1/styles/style.css: {"insertSpaces":true,"tabSize":2}
blocks/footer/__column-links/footer__column-links.css: trimTrailingWhitespace()
blocks/footer/__column-links/footer__column-links.css: insertFinalNewline(LF)
web_project_1/blocks/footer/__column-links/footer__column-links.css: {"insertSpaces":true,"tabSize":2}
web_project_1/styles/style.css: {"insertSpaces":true,"tabSize":2}
web_project_1/blocks/footer/__links/footer__links.css: {"insertSpaces":true,"tabSize":2}
web_project_1/styles/style.css: {"insertSpaces":true,"tabSize":2}
web_project_1/styles/style.css: Using EditorConfig core...
web_project_1/blocks/footer/__links/footer__links.css: {"insertSpaces":true,"tabSize":2}
styles/style.css: trimTrailingWhitespace()
web_project_1/blocks/footer/__links/footer__links.css: Using EditorConfig core...
web_project_1/styles/style.css: {"insertSpaces":true,"tabSize":2}
blocks/footer/__links/footer__links.css: trimTrailingWhitespace()
blocks/footer/__links/footer__links.css: insertFinalNewline(LF)
web_project_1/styles/style.css: Using EditorConfig core...
web_project_1/blocks/footer/__links/footer__links.css: {"insertSpaces":true,"tabSize":2}
styles/style.css: trimTrailingWhitespace()
web_project_1/blocks/footer/__links/footer__links.css: Using EditorConfig core...
web_project_1/styles/style.css: {"insertSpaces":true,"tabSize":2}
blocks/footer/__links/footer__links.css: trimTrailingWhitespace()
web_project_1/styles/style.css: Using EditorConfig core...
styles/style.css: editor.action.trimTrailingWhitespace
web_project_1/blocks/footer/__social-icon/footer__social-icon.css: {"insertSpaces":true,"tabSize":2}
web_project_1/blocks/footer/__social-icon/footer__social-icon.css: Using EditorConfig core...
web_project_1/styles/style.css: {"insertSpaces":true,"tabSize":2}
blocks/footer/__social-icon/footer__social-icon.css: trimTrailingWhitespace()
blocks/footer/__social-icon/footer__social-icon.css: insertFinalNewline(LF)
web_project_1/blocks/footer/__social-icon/footer__social-icon.css: {"insertSpaces":true,"tabSize":2}
web_project_1/styles/style.css: {"insertSpaces":true,"tabSize":2}
web_project_1/styles/style.css: {"insertSpaces":true,"tabSize":2}
web_project_1/styles/style.css: Using EditorConfig core...
styles/style.css: editor.action.trimTrailingWhitespace
styles/style.css: insertFinalNewline(LF)
web_project_1/styles/style.css: Using EditorConfig core...
web_project_1/pages/index.css: {"insertSpaces":true,"tabSize":2}
styles/style.css: trimTrailingWhitespace()
web_project_1/pages/index.css: Using EditorConfig core...
web_project_1/styles/style.css: {"insertSpaces":true,"tabSize":2}
pages/index.css: trimTrailingWhitespace()
web_project_1/styles/style.css: Using EditorConfig core...
web_project_1/pages/index.css: {"insertSpaces":true,"tabSize":2}
styles/style.css: trimTrailingWhitespace()
web_project_1/pages/index.css: Using EditorConfig core...
web_project_1/styles/style.css: {"insertSpaces":true,"tabSize":2}
pages/index.css: trimTrailingWhitespace()
web_project_1/styles/style.css: {"insertSpaces":true,"tabSize":2}
web_project_1/pages/index.css: {"insertSpaces":true,"tabSize":2}
web_project_1/pages/index.css: Using EditorConfig core...
pages/index.css: editor.action.trimTrailingWhitespace
web_project_1/pages/index.css: {"insertSpaces":true,"tabSize":2}
web_project_1/pages/index.css: Using EditorConfig core...
pages/index.css: editor.action.trimTrailingWhitespace
pages/index.css: insertFinalNewline(LF)
web_project_1/pages/index.css: {"insertSpaces":true,"tabSize":2}
web_project_1/blocks/kaufman/kaufman.css: {"insertSpaces":true,"tabSize":2}
web_project_1/blocks/kaufman/kaufman.css: Using EditorConfig core...
blocks/kaufman/kaufman.css: editor.action.trimTrailingWhitespace
web_project_1/blocks/kaufman/kaufman.css: {"insertSpaces":true,"tabSize":2}
web_project_1/blocks/kaufman/kaufman.css: Using EditorConfig core...
blocks/kaufman/kaufman.css: editor.action.trimTrailingWhitespace
web_project_1/blocks/kaufman/kaufman.css: {"insertSpaces":true,"tabSize":2}
web_project_1/blocks/kaufman/__triangle/kaufman__triangle.css: {"insertSpaces":true,"tabSize":2}
web_project_1/blocks/kaufman/kaufman.css: {"insertSpaces":true,"tabSize":2}
web_project_1/pages/index.css: {"insertSpaces":true,"tabSize":2}
web_project_1/blocks/kaufman/__triangle/kaufman__triangle.css: {"insertSpaces":true,"tabSize":2}
web_project_1/blocks/kaufman/__triangle/kaufman__triangle.css: {"insertSpaces":true,"tabSize":2}
web_project_1/blocks/kaufman/__triangle/kaufman__triangle.css: Using EditorConfig core...
blocks/kaufman/__triangle/kaufman__triangle.css: editor.action.trimTrailingWhitespace
web_project_1/blocks/kaufman/__triangle/kaufman__triangle.css: {"insertSpaces":true,"tabSize":2}
web_project_1/pages/index.css: {"insertSpaces":true,"tabSize":2}
web_project_1/pages/index.css: {"insertSpaces":true,"tabSize":2}
web_project_1/blocks/kaufman/kaufman.css: {"insertSpaces":true,"tabSize":2}
web_project_1/blocks/kaufman/__triangle/kaufman__triangle.css: {"insertSpaces":true,"tabSize":2}
web_project_1/blocks/kaufman/kaufman.css: {"insertSpaces":true,"tabSize":2}
web_project_1/styles/style.css: {"insertSpaces":true,"tabSize":2}
web_project_1/pages/index.css: {"insertSpaces":true,"tabSize":2}
web_project_1/pages/index.css: Using EditorConfig core...
pages/index.css: editor.action.trimTrailingWhitespace
pages/index.css: insertFinalNewline(LF)
web_project_1/pages/index.css: {"insertSpaces":true,"tabSize":2}
web_project_1/index.html: {"insertSpaces":true,"tabSize":2}
web_project_1/index.html: Using EditorConfig core...
index.html: editor.action.trimTrailingWhitespace
web_project_1/index.html: {"insertSpaces":true,"tabSize":2}
web_project_1/styles/style.css: {"insertSpaces":true,"tabSize":2}
web_project_1/styles/style.css: {"insertSpaces":true,"tabSize":2}
web_project_1/index.html: {"insertSpaces":true,"tabSize":2}
web_project_1/index.html: {"insertSpaces":true,"tabSize":2}
web_project_1/index.html: {"insertSpaces":true,"tabSize":2}
web_project_1/index.html: Using EditorConfig core...
index.html: editor.action.trimTrailingWhitespace
web_project_1/index.html: {"insertSpaces":true,"tabSize":2}
web_project_1/index.html: {"insertSpaces":true,"tabSize":2}
web_project_1/index.html: {"insertSpaces":true,"tabSize":2}
web_project_1/pages/index.css: {"insertSpaces":true,"tabSize":2}
web_project_1/pages/index.css: Using EditorConfig core...
web_project_1/index.html: {"insertSpaces":true,"tabSize":2}
pages/index.css: trimTrailingWhitespace()
web_project_1/index.html: Using EditorConfig core...
index.html: editor.action.trimTrailingWhitespace
web_project_1/index.html: {"insertSpaces":true,"tabSize":2}
web_project_1/pages/index.css: {"insertSpaces":true,"tabSize":2}
web_project_1/index.html: {"insertSpaces":true,"tabSize":2}
web_project_1/index.html: {"insertSpaces":true,"tabSize":2}
web_project_1/texts.md: {"insertSpaces":true,"tabSize":2}
web_project_1/texts.txt: {"insertSpaces":true,"tabSize":2}
web_project_1/.editorconfig: {"insertSpaces":true,"tabSize":2}
web_project_1/index.html: {"insertSpaces":true,"tabSize":2}
web_project_1/index.html: {"insertSpaces":true,"tabSize":2}
web_project_1/index.html: {"insertSpaces":true,"tabSize":2}
web_project_1/index.html: {"insertSpaces":true,"tabSize":2}
web_project_1/index.html: {"insertSpaces":true,"tabSize":2}
web_project_1/index.html: {"insertSpaces":true,"tabSize":2}
web_project_1/index.html: {"insertSpaces":true,"tabSize":2}
web_project_1/README.md: {"insertSpaces":true,"tabSize":2}
web_project_1/README.md: {"insertSpaces":true,"tabSize":2}
web_project_1/README.md: {"insertSpaces":true,"tabSize":2}
web_project_1/README.md: Using EditorConfig core...
README.md: editor.action.trimTrailingWhitespace
web_project_1/README.md: {"insertSpaces":true,"tabSize":2}
web_project_1/index.html: {"insertSpaces":true,"tabSize":2}
web_project_1/index.html: {"insertSpaces":true,"tabSize":2}
web_project_1/index.html: Using EditorConfig core...
index.html: editor.action.trimTrailingWhitespace
web_project_1/index.html: {"insertSpaces":true,"tabSize":2}
web_project_1/README.md: {"insertSpaces":true,"tabSize":2}
web_project_1/README.md: Using EditorConfig core...
README.md: editor.action.trimTrailingWhitespace
web_project_1/README.md: {"insertSpaces":true,"tabSize":2}
web_project_1/README.md: Using EditorConfig core...
README.md: editor.action.trimTrailingWhitespace
web_project_1/index.html: {"insertSpaces":true,"tabSize":2}
web_project_1/README.md: {"insertSpaces":true,"tabSize":2}
web_project_1/README.md: Using EditorConfig core...
README.md: editor.action.trimTrailingWhitespace
web_project_1/README.md: {"insertSpaces":true,"tabSize":2}
web_project_1/README.md: Using EditorConfig core...
README.md: editor.action.trimTrailingWhitespace
web_project_1/README.md: {"insertSpaces":true,"tabSize":2}
web_project_1/index.html: {"insertSpaces":true,"tabSize":2}
web_project_1/index.html: {"insertSpaces":true,"tabSize":2}
web_project_1/index.html: {"insertSpaces":true,"tabSize":2}
web_project_1/index.html: {"insertSpaces":true,"tabSize":2}
web_project_1/index.html: Using EditorConfig core...
index.html: editor.action.trimTrailingWhitespace
web_project_1/index.html: {"insertSpaces":true,"tabSize":2}
web_project_1/index.html: {"insertSpaces":true,"tabSize":2}
web_project_1/index.html: Using EditorConfig core...
index.html: editor.action.trimTrailingWhitespace
web_project_1/index.html: {"insertSpaces":true,"tabSize":2}
web_project_1/index.html: Using EditorConfig core...
index.html: editor.action.trimTrailingWhitespace
web_project_1/index.html: {"insertSpaces":true,"tabSize":2}
web_project_1/index.html: {"insertSpaces":true,"tabSize":2}
web_project_1/index.html: {"insertSpaces":true,"tabSize":2}
