Initializing document watcher...
web_project_1/styles/style.css: {"insertSpaces":true,"tabSize":2}
web_project_1/styles/style.css: Using EditorConfig core...
styles/style.css: setEndOfLine(LF)
styles/style.css: editor.action.trimTrailingWhitespace
web_project_1/styles/style.css: {"insertSpaces":true,"tabSize":2}
web_project_1/styles/style.css: Using EditorConfig core...
styles/style.css: setEndOfLine(LF)
styles/style.css: editor.action.trimTrailingWhitespace
web_project_1/styles/style.css: {"insertSpaces":true,"tabSize":2}
web_project_1/styles/style.css: Using EditorConfig core...
styles/style.css: setEndOfLine(LF)
styles/style.css: editor.action.trimTrailingWhitespace
web_project_1/styles/style.css: {"insertSpaces":true,"tabSize":2}
web_project_1/styles/style.css: Using EditorConfig core...
styles/style.css: setEndOfLine(LF)
styles/style.css: editor.action.trimTrailingWhitespace
web_project_1/styles/style.css: {"insertSpaces":true,"tabSize":2}
web_project_1/styles/style.css: Using EditorConfig core...
styles/style.css: setEndOfLine(LF)
styles/style.css: editor.action.trimTrailingWhitespace
web_project_1/styles/style.css: {"insertSpaces":true,"tabSize":2}
web_project_1/styles/style.css: {"insertSpaces":true,"tabSize":2}
web_project_1/styles/style.css: {"insertSpaces":true,"tabSize":2}
web_project_1/styles/style.css: Using EditorConfig core...
styles/style.css: setEndOfLine(LF)
styles/style.css: editor.action.trimTrailingWhitespace
web_project_1/styles/style.css: {"insertSpaces":true,"tabSize":2}
web_project_1/styles/style.css: Using EditorConfig core...
styles/style.css: setEndOfLine(LF)
styles/style.css: editor.action.trimTrailingWhitespace
web_project_1/styles/style.css: {"insertSpaces":true,"tabSize":2}
web_project_1/styles/style.css: {"insertSpaces":true,"tabSize":2}
web_project_1/styles/style.css: {"insertSpaces":true,"tabSize":2}
web_project_1/styles/style.css: Using EditorConfig core...
styles/style.css: setEndOfLine(LF)
styles/style.css: editor.action.trimTrailingWhitespace
web_project_1/styles/style.css: {"insertSpaces":true,"tabSize":2}
web_project_1/index.html: {"insertSpaces":true,"tabSize":2}
web_project_1/styles/style.css: {"insertSpaces":true,"tabSize":2}
web_project_1/styles/style.css: {"insertSpaces":true,"tabSize":2}
web_project_1/styles/style.css: {"insertSpaces":true,"tabSize":2}
web_project_1/styles/style.css: Using EditorConfig core...
styles/style.css: setEndOfLine(LF)
styles/style.css: editor.action.trimTrailingWhitespace
web_project_1/styles/style.css: {"insertSpaces":true,"tabSize":2}
web_project_1/styles/style.css: {"insertSpaces":true,"tabSize":2}
web_project_1/styles/style.css: Using EditorConfig core...
styles/style.css: setEndOfLine(LF)
styles/style.css: editor.action.trimTrailingWhitespace
web_project_1/styles/style.css: {"insertSpaces":true,"tabSize":2}
web_project_1/index.html: {"insertSpaces":true,"tabSize":2}
web_project_1/index.html: {"insertSpaces":true,"tabSize":2}
web_project_1/styles/style.css: {"insertSpaces":true,"tabSize":2}
web_project_1/styles/style.css: Using EditorConfig core...
styles/style.css: setEndOfLine(LF)
styles/style.css: editor.action.trimTrailingWhitespace
web_project_1/styles/style.css: {"insertSpaces":true,"tabSize":2}
web_project_1/styles/style.css: Using EditorConfig core...
styles/style.css: setEndOfLine(LF)
styles/style.css: editor.action.trimTrailingWhitespace
web_project_1/styles/style.css: {"insertSpaces":true,"tabSize":2}
web_project_1/index.html: {"insertSpaces":true,"tabSize":2}
web_project_1/styles/style.css: {"insertSpaces":true,"tabSize":2}
web_project_1/styles/style.css: Using EditorConfig core...
styles/style.css: setEndOfLine(LF)
styles/style.css: editor.action.trimTrailingWhitespace
web_project_1/styles/style.css: {"insertSpaces":true,"tabSize":2}
web_project_1/styles/style.css: Using EditorConfig core...
styles/style.css: setEndOfLine(LF)
styles/style.css: editor.action.trimTrailingWhitespace
web_project_1/styles/style.css: {"insertSpaces":true,"tabSize":2}
web_project_1/styles/style.css: {"insertSpaces":true,"tabSize":2}
web_project_1/styles/style.css: Using EditorConfig core...
styles/style.css: setEndOfLine(LF)
styles/style.css: editor.action.trimTrailingWhitespace
web_project_1/styles/style.css: {"insertSpaces":true,"tabSize":2}
web_project_1/styles/style.css: Using EditorConfig core...
styles/style.css: setEndOfLine(LF)
styles/style.css: editor.action.trimTrailingWhitespace
web_project_1/styles/style.css: {"insertSpaces":true,"tabSize":2}
web_project_1/styles/style.css: Using EditorConfig core...
styles/style.css: setEndOfLine(LF)
styles/style.css: editor.action.trimTrailingWhitespace
web_project_1/styles/style.css: {"insertSpaces":true,"tabSize":2}
web_project_1/styles/style.css: Using EditorConfig core...
styles/style.css: setEndOfLine(LF)
styles/style.css: editor.action.trimTrailingWhitespace
web_project_1/styles/style.css: {"insertSpaces":true,"tabSize":2}
web_project_1/styles/style.css: {"insertSpaces":true,"tabSize":2}
web_project_1/styles/style.css: {"insertSpaces":true,"tabSize":2}
web_project_1/styles/style.css: {"insertSpaces":true,"tabSize":2}
web_project_1/styles/style.css: {"insertSpaces":true,"tabSize":2}
web_project_1/styles/style.css: Using EditorConfig core...
styles/style.css: setEndOfLine(LF)
styles/style.css: editor.action.trimTrailingWhitespace
web_project_1/styles/style.css: {"insertSpaces":true,"tabSize":2}
web_project_1/styles/style.css: Using EditorConfig core...
styles/style.css: setEndOfLine(LF)
styles/style.css: editor.action.trimTrailingWhitespace
web_project_1/styles/style.css: {"insertSpaces":true,"tabSize":2}
web_project_1/styles/style.css: {"insertSpaces":true,"tabSize":2}
web_project_1/styles/style.css: Using EditorConfig core...
styles/style.css: setEndOfLine(LF)
styles/style.css: editor.action.trimTrailingWhitespace
web_project_1/styles/style.css: {"insertSpaces":true,"tabSize":2}
web_project_1/styles/style.css: Using EditorConfig core...
styles/style.css: setEndOfLine(LF)
styles/style.css: editor.action.trimTrailingWhitespace
web_project_1/styles/style.css: {"insertSpaces":true,"tabSize":2}
web_project_1/styles/style.css: Using EditorConfig core...
styles/style.css: setEndOfLine(LF)
styles/style.css: editor.action.trimTrailingWhitespace
web_project_1/styles/style.css: {"insertSpaces":true,"tabSize":2}
web_project_1/styles/style.css: Using EditorConfig core...
styles/style.css: setEndOfLine(LF)
styles/style.css: editor.action.trimTrailingWhitespace
web_project_1/styles/style.css: {"insertSpaces":true,"tabSize":2}
web_project_1/index.html: {"insertSpaces":true,"tabSize":2}
web_project_1/index.html: Using EditorConfig core...
index.html: setEndOfLine(LF)
index.html: editor.action.trimTrailingWhitespace
web_project_1/index.html: {"insertSpaces":true,"tabSize":2}
web_project_1/index.html: {"insertSpaces":true,"tabSize":2}
web_project_1/index.html: Using EditorConfig core...
index.html: setEndOfLine(LF)
index.html: editor.action.trimTrailingWhitespace
web_project_1/index.html: {"insertSpaces":true,"tabSize":2}
web_project_1/index.html: {"insertSpaces":true,"tabSize":2}
web_project_1/index.html: Using EditorConfig core...
index.html: setEndOfLine(LF)
index.html: editor.action.trimTrailingWhitespace
web_project_1/index.html: {"insertSpaces":true,"tabSize":2}
web_project_1/index.html: Using EditorConfig core...
index.html: setEndOfLine(LF)
index.html: editor.action.trimTrailingWhitespace
web_project_1/texts.txt: {"insertSpaces":true,"tabSize":2}
web_project_1/texts.txt: Using EditorConfig core...
web_project_1/index.html: {"insertSpaces":true,"tabSize":2}
texts.txt: setEndOfLine(LF)
texts.txt: trimTrailingWhitespace()
texts.txt: insertFinalNewline(LF)
web_project_1/index.html: Using EditorConfig core...
index.html: setEndOfLine(LF)
index.html: trimTrailingWhitespace()
web_project_1/index.html: {"insertSpaces":true,"tabSize":2}
web_project_1/index.html: Using EditorConfig core...
web_project_1/texts.txt: {"insertSpaces":true,"tabSize":2}
index.html: setEndOfLine(LF)
index.html: trimTrailingWhitespace()
web_project_1/index.html: {"insertSpaces":true,"tabSize":2}
web_project_1/index.html: Using EditorConfig core...
web_project_1/texts.txt: {"insertSpaces":true,"tabSize":2}
index.html: setEndOfLine(LF)
index.html: trimTrailingWhitespace()
web_project_1/index.html: {"insertSpaces":true,"tabSize":2}
web_project_1/index.html: Using EditorConfig core...
index.html: setEndOfLine(LF)
index.html: trimTrailingWhitespace()
web_project_1/index.html: {"insertSpaces":true,"tabSize":2}
web_project_1/index.html: Using EditorConfig core...
web_project_1/texts.txt: {"insertSpaces":true,"tabSize":2}
index.html: setEndOfLine(LF)
index.html: trimTrailingWhitespace()
web_project_1/index.html: {"insertSpaces":true,"tabSize":2}
web_project_1/index.html: Using EditorConfig core...
web_project_1/texts.txt: {"insertSpaces":true,"tabSize":2}
index.html: setEndOfLine(LF)
index.html: trimTrailingWhitespace()
web_project_1/index.html: {"insertSpaces":true,"tabSize":2}
web_project_1/index.html: Using EditorConfig core...
web_project_1/texts.txt: {"insertSpaces":true,"tabSize":2}
index.html: setEndOfLine(LF)
index.html: trimTrailingWhitespace()
web_project_1/index.html: {"insertSpaces":true,"tabSize":2}
web_project_1/styles/style.css: {"insertSpaces":true,"tabSize":2}
web_project_1/styles/style.css: Using EditorConfig core...
web_project_1/index.html: {"insertSpaces":true,"tabSize":2}
styles/style.css: setEndOfLine(LF)
styles/style.css: trimTrailingWhitespace()
web_project_1/styles/style.css: {"insertSpaces":true,"tabSize":2}
web_project_1/index.html: {"insertSpaces":true,"tabSize":2}
web_project_1/styles/style.css: {"insertSpaces":true,"tabSize":2}
web_project_1/styles/style.css: Using EditorConfig core...
styles/style.css: setEndOfLine(LF)
styles/style.css: editor.action.trimTrailingWhitespace
web_project_1/index.html: {"insertSpaces":true,"tabSize":2}
web_project_1/index.html: {"insertSpaces":true,"tabSize":2}
web_project_1/index.html: Using EditorConfig core...
web_project_1/styles/style.css: {"insertSpaces":true,"tabSize":2}
index.html: setEndOfLine(LF)
index.html: trimTrailingWhitespace()
web_project_1/index.html: {"insertSpaces":true,"tabSize":2}
web_project_1/styles/style.css: {"insertSpaces":true,"tabSize":2}
web_project_1/styles/style.css: {"insertSpaces":true,"tabSize":2}
web_project_1/styles/style.css: Using EditorConfig core...
styles/style.css: setEndOfLine(LF)
styles/style.css: editor.action.trimTrailingWhitespace
web_project_1/styles/style.css: {"insertSpaces":true,"tabSize":2}
web_project_1/index.html: {"insertSpaces":true,"tabSize":2}
web_project_1/index.html: {"insertSpaces":true,"tabSize":2}
web_project_1/index.html: Using EditorConfig core...
index.html: setEndOfLine(LF)
index.html: editor.action.trimTrailingWhitespace
web_project_1/index.html: {"insertSpaces":true,"tabSize":2}
web_project_1/styles/style.css: {"insertSpaces":true,"tabSize":2}
web_project_1/styles/style.css: Using EditorConfig core...
styles/style.css: setEndOfLine(LF)
styles/style.css: editor.action.trimTrailingWhitespace
web_project_1/styles/style.css: {"insertSpaces":true,"tabSize":2}
web_project_1/styles/style.css: Using EditorConfig core...
styles/style.css: setEndOfLine(LF)
styles/style.css: editor.action.trimTrailingWhitespace
web_project_1/styles/style.css: {"insertSpaces":true,"tabSize":2}
web_project_1/styles/style.css: Using EditorConfig core...
styles/style.css: setEndOfLine(LF)
styles/style.css: editor.action.trimTrailingWhitespace
web_project_1/index.html: {"insertSpaces":true,"tabSize":2}
web_project_1/index.html: Using EditorConfig core...
index.html: setEndOfLine(LF)
index.html: editor.action.trimTrailingWhitespace
web_project_1/index.html: {"insertSpaces":true,"tabSize":2}
web_project_1/index.html: Using EditorConfig core...
index.html: setEndOfLine(LF)
index.html: trimTrailingWhitespace()
web_project_1/index.html: {"insertSpaces":true,"tabSize":2}
web_project_1/index.html: Using EditorConfig core...
index.html: setEndOfLine(LF)
index.html: trimTrailingWhitespace()
web_project_1/index.html: {"insertSpaces":true,"tabSize":2}
web_project_1/index.html: Using EditorConfig core...
index.html: setEndOfLine(LF)
index.html: trimTrailingWhitespace()
web_project_1/index.html: {"insertSpaces":true,"tabSize":2}
web_project_1/index.html: {"insertSpaces":true,"tabSize":2}
web_project_1/index.html: Using EditorConfig core...
index.html: setEndOfLine(LF)
index.html: editor.action.trimTrailingWhitespace
web_project_1/index.html: {"insertSpaces":true,"tabSize":2}
web_project_1/index.html: Using EditorConfig core...
index.html: setEndOfLine(LF)
index.html: editor.action.trimTrailingWhitespace
web_project_1/index.html: {"insertSpaces":true,"tabSize":2}
web_project_1/index.html: Using EditorConfig core...
index.html: setEndOfLine(LF)
index.html: editor.action.trimTrailingWhitespace
web_project_1/index.html: {"insertSpaces":true,"tabSize":2}
web_project_1/index.html: Using EditorConfig core...
index.html: setEndOfLine(LF)
index.html: editor.action.trimTrailingWhitespace
web_project_1/index.html: {"insertSpaces":true,"tabSize":2}
web_project_1/index.html: Using EditorConfig core...
index.html: setEndOfLine(LF)
index.html: editor.action.trimTrailingWhitespace
web_project_1/index.html: {"insertSpaces":true,"tabSize":2}
web_project_1/index.html: Using EditorConfig core...
index.html: setEndOfLine(LF)
index.html: editor.action.trimTrailingWhitespace
web_project_1/index.html: {"insertSpaces":true,"tabSize":2}
web_project_1/index.html: Using EditorConfig core...
index.html: setEndOfLine(LF)
index.html: editor.action.trimTrailingWhitespace
web_project_1/index.html: {"insertSpaces":true,"tabSize":2}
web_project_1/index.html: Using EditorConfig core...
index.html: setEndOfLine(LF)
index.html: editor.action.trimTrailingWhitespace
web_project_1/index.html: {"insertSpaces":true,"tabSize":2}
web_project_1/index.html: {"insertSpaces":true,"tabSize":2}
web_project_1/index.html: {"insertSpaces":true,"tabSize":2}
web_project_1/index.html: {"insertSpaces":true,"tabSize":2}
web_project_1/index.html: {"insertSpaces":true,"tabSize":2}
web_project_1/index.html: Using EditorConfig core...
web_project_1/styles/style.css: {"insertSpaces":true,"tabSize":2}
index.html: setEndOfLine(LF)
index.html: trimTrailingWhitespace()
web_project_1/styles/style.css: Using EditorConfig core...
styles/style.css: setEndOfLine(LF)
styles/style.css: editor.action.trimTrailingWhitespace
web_project_1/styles/style.css: {"insertSpaces":true,"tabSize":2}
web_project_1/styles/style.css: Using EditorConfig core...
web_project_1/index.html: {"insertSpaces":true,"tabSize":2}
styles/style.css: setEndOfLine(LF)
styles/style.css: trimTrailingWhitespace()
web_project_1/styles/style.css: {"insertSpaces":true,"tabSize":2}
web_project_1/styles/style.css: Using EditorConfig core...
styles/style.css: setEndOfLine(LF)
styles/style.css: editor.action.trimTrailingWhitespace
web_project_1/styles/style.css: {"insertSpaces":true,"tabSize":2}
web_project_1/index.html: {"insertSpaces":true,"tabSize":2}
web_project_1/styles/style.css: {"insertSpaces":true,"tabSize":2}
web_project_1/styles/style.css: {"insertSpaces":true,"tabSize":2}
web_project_1/styles/style.css: Using EditorConfig core...
styles/style.css: setEndOfLine(LF)
styles/style.css: editor.action.trimTrailingWhitespace
web_project_1/styles/style.css: {"insertSpaces":true,"tabSize":2}
web_project_1/index.html: {"insertSpaces":true,"tabSize":2}
web_project_1/index.html: Using EditorConfig core...
index.html: setEndOfLine(LF)
index.html: editor.action.trimTrailingWhitespace
web_project_1/index.html: {"insertSpaces":true,"tabSize":2}
web_project_1/index.html: Using EditorConfig core...
index.html: setEndOfLine(LF)
index.html: editor.action.trimTrailingWhitespace
web_project_1/index.html: {"insertSpaces":true,"tabSize":2}
web_project_1/index.html: {"insertSpaces":true,"tabSize":2}
web_project_1/index.html: Using EditorConfig core...
index.html: setEndOfLine(LF)
index.html: editor.action.trimTrailingWhitespace
web_project_1/index.html: {"insertSpaces":true,"tabSize":2}
web_project_1/index.html: {"insertSpaces":true,"tabSize":2}
web_project_1/index.html: Using EditorConfig core...
index.html: setEndOfLine(LF)
index.html: editor.action.trimTrailingWhitespace
web_project_1/index.html: {"insertSpaces":true,"tabSize":2}
web_project_1/index.html: {"insertSpaces":true,"tabSize":2}
web_project_1/index.html: Using EditorConfig core...
index.html: setEndOfLine(LF)
index.html: editor.action.trimTrailingWhitespace
web_project_1/index.html: {"insertSpaces":true,"tabSize":2}
web_project_1/index.html: Using EditorConfig core...
web_project_1/styles/style.css: {"insertSpaces":true,"tabSize":2}
index.html: setEndOfLine(LF)
index.html: trimTrailingWhitespace()
web_project_1/index.html: {"insertSpaces":true,"tabSize":2}
web_project_1/index.html: Using EditorConfig core...
index.html: setEndOfLine(LF)
index.html: editor.action.trimTrailingWhitespace
web_project_1/index.html: {"insertSpaces":true,"tabSize":2}
web_project_1/styles/style.css: {"insertSpaces":true,"tabSize":2}
web_project_1/styles/style.css: Using EditorConfig core...
styles/style.css: setEndOfLine(LF)
styles/style.css: editor.action.trimTrailingWhitespace
web_project_1/styles/style.css: {"insertSpaces":true,"tabSize":2}
web_project_1/styles/style.css: Using EditorConfig core...
styles/style.css: setEndOfLine(LF)
styles/style.css: editor.action.trimTrailingWhitespace
web_project_1/styles/style.css: {"insertSpaces":true,"tabSize":2}
web_project_1/styles/style.css: Using EditorConfig core...
styles/style.css: setEndOfLine(LF)
styles/style.css: editor.action.trimTrailingWhitespace
web_project_1/styles/style.css: {"insertSpaces":true,"tabSize":2}
web_project_1/styles/style.css: Using EditorConfig core...
styles/style.css: setEndOfLine(LF)
styles/style.css: editor.action.trimTrailingWhitespace
web_project_1/styles/style.css: {"insertSpaces":true,"tabSize":2}
web_project_1/styles/style.css: Using EditorConfig core...
styles/style.css: setEndOfLine(LF)
styles/style.css: editor.action.trimTrailingWhitespace
web_project_1/styles/style.css: {"insertSpaces":true,"tabSize":2}
web_project_1/styles/style.css: Using EditorConfig core...
styles/style.css: setEndOfLine(LF)
styles/style.css: editor.action.trimTrailingWhitespace
web_project_1/styles/style.css: {"insertSpaces":true,"tabSize":2}
web_project_1/styles/style.css: Using EditorConfig core...
styles/style.css: setEndOfLine(LF)
styles/style.css: editor.action.trimTrailingWhitespace
web_project_1/styles/style.css: {"insertSpaces":true,"tabSize":2}
web_project_1/styles/style.css: Using EditorConfig core...
styles/style.css: setEndOfLine(LF)
styles/style.css: editor.action.trimTrailingWhitespace
web_project_1/styles/style.css: {"insertSpaces":true,"tabSize":2}
web_project_1/styles/style.css: Using EditorConfig core...
styles/style.css: setEndOfLine(LF)
styles/style.css: editor.action.trimTrailingWhitespace
web_project_1/styles/style.css: {"insertSpaces":true,"tabSize":2}
web_project_1/styles/style.css: {"insertSpaces":true,"tabSize":2}
web_project_1/index.html: {"insertSpaces":true,"tabSize":2}
web_project_1/index.html: Using EditorConfig core...
index.html: setEndOfLine(LF)
index.html: editor.action.trimTrailingWhitespace
web_project_1/index.html: {"insertSpaces":true,"tabSize":2}
web_project_1/styles/style.css: {"insertSpaces":true,"tabSize":2}
web_project_1/styles/style.css: Using EditorConfig core...
styles/style.css: setEndOfLine(LF)
styles/style.css: editor.action.trimTrailingWhitespace
web_project_1/styles/style.css: {"insertSpaces":true,"tabSize":2}
web_project_1/styles/style.css: Using EditorConfig core...
styles/style.css: setEndOfLine(LF)
styles/style.css: editor.action.trimTrailingWhitespace
web_project_1/styles/style.css: {"insertSpaces":true,"tabSize":2}
web_project_1/index.html: {"insertSpaces":true,"tabSize":2}
web_project_1/index.html: {"insertSpaces":true,"tabSize":2}
web_project_1/index.html: Using EditorConfig core...
index.html: setEndOfLine(LF)
index.html: editor.action.trimTrailingWhitespace
web_project_1/index.html: {"insertSpaces":true,"tabSize":2}
web_project_1/styles/style.css: {"insertSpaces":true,"tabSize":2}
web_project_1/styles/style.css: {"insertSpaces":true,"tabSize":2}
web_project_1/styles/style.css: {"insertSpaces":true,"tabSize":2}
web_project_1/styles/style.css: Using EditorConfig core...
styles/style.css: setEndOfLine(LF)
styles/style.css: editor.action.trimTrailingWhitespace
web_project_1/styles/style.css: {"insertSpaces":true,"tabSize":2}
web_project_1/index.html: {"insertSpaces":true,"tabSize":2}
web_project_1/styles/style.css: {"insertSpaces":true,"tabSize":2}
web_project_1/styles/style.css: Using EditorConfig core...
styles/style.css: setEndOfLine(LF)
styles/style.css: editor.action.trimTrailingWhitespace
web_project_1/styles/style.css: {"insertSpaces":true,"tabSize":2}
web_project_1/styles/style.css: Using EditorConfig core...
styles/style.css: setEndOfLine(LF)
styles/style.css: editor.action.trimTrailingWhitespace
web_project_1/styles/style.css: {"insertSpaces":true,"tabSize":2}
web_project_1/styles/style.css: Using EditorConfig core...
styles/style.css: setEndOfLine(LF)
styles/style.css: editor.action.trimTrailingWhitespace
web_project_1/styles/style.css: Using EditorConfig core...
styles/style.css: setEndOfLine(LF)
styles/style.css: editor.action.trimTrailingWhitespace
web_project_1/styles/style.css: {"insertSpaces":true,"tabSize":2}
web_project_1/styles/style.css: Using EditorConfig core...
styles/style.css: setEndOfLine(LF)
styles/style.css: editor.action.trimTrailingWhitespace
web_project_1/styles/style.css: {"insertSpaces":true,"tabSize":2}
web_project_1/styles/style.css: Using EditorConfig core...
styles/style.css: setEndOfLine(LF)
styles/style.css: editor.action.trimTrailingWhitespace
web_project_1/styles/style.css: {"insertSpaces":true,"tabSize":2}
web_project_1/index.html: {"insertSpaces":true,"tabSize":2}
web_project_1/index.html: {"insertSpaces":true,"tabSize":2}
web_project_1/styles/style.css: {"insertSpaces":true,"tabSize":2}
web_project_1/index.html: {"insertSpaces":true,"tabSize":2}
web_project_1/styles/style.css: {"insertSpaces":true,"tabSize":2}
web_project_1/styles/style.css: Using EditorConfig core...
styles/style.css: setEndOfLine(LF)
styles/style.css: editor.action.trimTrailingWhitespace
web_project_1/styles/style.css: Using EditorConfig core...
styles/style.css: setEndOfLine(LF)
styles/style.css: editor.action.trimTrailingWhitespace
web_project_1/styles/style.css: {"insertSpaces":true,"tabSize":2}
web_project_1/styles/style.css: Using EditorConfig core...
styles/style.css: setEndOfLine(LF)
styles/style.css: editor.action.trimTrailingWhitespace
web_project_1/styles/style.css: {"insertSpaces":true,"tabSize":2}
web_project_1/styles/style.css: Using EditorConfig core...
styles/style.css: setEndOfLine(LF)
styles/style.css: editor.action.trimTrailingWhitespace
web_project_1/styles/style.css: {"insertSpaces":true,"tabSize":2}
web_project_1/styles/style.css: Using EditorConfig core...
styles/style.css: setEndOfLine(LF)
styles/style.css: editor.action.trimTrailingWhitespace
web_project_1/styles/style.css: {"insertSpaces":true,"tabSize":2}
web_project_1/styles/style.css: Using EditorConfig core...
styles/style.css: setEndOfLine(LF)
styles/style.css: editor.action.trimTrailingWhitespace
web_project_1/styles/style.css: {"insertSpaces":true,"tabSize":2}
web_project_1/styles/style.css: Using EditorConfig core...
styles/style.css: setEndOfLine(LF)
styles/style.css: editor.action.trimTrailingWhitespace
web_project_1/styles/style.css: Using EditorConfig core...
styles/style.css: setEndOfLine(LF)
styles/style.css: editor.action.trimTrailingWhitespace
web_project_1/index.html: {"insertSpaces":true,"tabSize":2}
web_project_1/styles/style.css: {"insertSpaces":true,"tabSize":2}
web_project_1/styles/style.css: Using EditorConfig core...
styles/style.css: setEndOfLine(LF)
styles/style.css: editor.action.trimTrailingWhitespace
web_project_1/styles/style.css: {"insertSpaces":true,"tabSize":2}
web_project_1/styles/style.css: Using EditorConfig core...
web_project_1/index.html: {"insertSpaces":true,"tabSize":2}
styles/style.css: setEndOfLine(LF)
styles/style.css: trimTrailingWhitespace()
web_project_1/index.html: Using EditorConfig core...
index.html: setEndOfLine(LF)
index.html: editor.action.trimTrailingWhitespace
web_project_1/index.html: {"insertSpaces":true,"tabSize":2}
web_project_1/styles/style.css: {"insertSpaces":true,"tabSize":2}
web_project_1/styles/style.css: {"insertSpaces":true,"tabSize":2}
web_project_1/styles/style.css: {"insertSpaces":true,"tabSize":2}
web_project_1/styles/style.css: Using EditorConfig core...
styles/style.css: setEndOfLine(LF)
styles/style.css: editor.action.trimTrailingWhitespace
web_project_1/styles/style.css: {"insertSpaces":true,"tabSize":2}
web_project_1/styles/style.css: {"insertSpaces":true,"tabSize":2}
web_project_1/styles/style.css: {"insertSpaces":true,"tabSize":2}
web_project_1/styles/style.css: Using EditorConfig core...
styles/style.css: setEndOfLine(LF)
styles/style.css: editor.action.trimTrailingWhitespace
web_project_1/styles/style.css: {"insertSpaces":true,"tabSize":2}
web_project_1/styles/style.css: Using EditorConfig core...
styles/style.css: setEndOfLine(LF)
styles/style.css: editor.action.trimTrailingWhitespace
web_project_1/styles/style.css: {"insertSpaces":true,"tabSize":2}
web_project_1/styles/style.css: {"insertSpaces":true,"tabSize":2}
web_project_1/styles/style.css: Using EditorConfig core...
styles/style.css: setEndOfLine(LF)
styles/style.css: editor.action.trimTrailingWhitespace
web_project_1/styles/style.css: {"insertSpaces":true,"tabSize":2}
web_project_1/styles/style.css: Using EditorConfig core...
styles/style.css: setEndOfLine(LF)
styles/style.css: editor.action.trimTrailingWhitespace
web_project_1/styles/style.css: {"insertSpaces":true,"tabSize":2}
web_project_1/index.html: {"insertSpaces":true,"tabSize":2}
web_project_1/index.html: {"insertSpaces":true,"tabSize":2}
web_project_1/index.html: Using EditorConfig core...
web_project_1/styles/style.css: {"insertSpaces":true,"tabSize":2}
index.html: setEndOfLine(LF)
index.html: trimTrailingWhitespace()
web_project_1/index.html: {"insertSpaces":true,"tabSize":2}
web_project_1/index.html: Using EditorConfig core...
index.html: setEndOfLine(LF)
index.html: editor.action.trimTrailingWhitespace
web_project_1/index.html: {"insertSpaces":true,"tabSize":2}
web_project_1/index.html: Using EditorConfig core...
web_project_1/texts.txt: {"insertSpaces":true,"tabSize":2}
index.html: setEndOfLine(LF)
index.html: trimTrailingWhitespace()
web_project_1/index.html: {"insertSpaces":true,"tabSize":2}
web_project_1/index.html: Using EditorConfig core...
web_project_1/texts.txt: {"insertSpaces":true,"tabSize":2}
index.html: setEndOfLine(LF)
index.html: trimTrailingWhitespace()
web_project_1/index.html: {"insertSpaces":true,"tabSize":2}
web_project_1/index.html: Using EditorConfig core...
web_project_1/styles/style.css: {"insertSpaces":true,"tabSize":2}
index.html: setEndOfLine(LF)
index.html: trimTrailingWhitespace()
web_project_1/styles/style.css: Using EditorConfig core...
styles/style.css: setEndOfLine(LF)
styles/style.css: editor.action.trimTrailingWhitespace
web_project_1/styles/style.css: {"insertSpaces":true,"tabSize":2}
web_project_1/styles/style.css: Using EditorConfig core...
styles/style.css: setEndOfLine(LF)
styles/style.css: editor.action.trimTrailingWhitespace
web_project_1/styles/style.css: {"insertSpaces":true,"tabSize":2}
web_project_1/styles/style.css: Using EditorConfig core...
styles/style.css: setEndOfLine(LF)
styles/style.css: editor.action.trimTrailingWhitespace
web_project_1/styles/style.css: {"insertSpaces":true,"tabSize":2}
web_project_1/styles/style.css: {"insertSpaces":true,"tabSize":2}
web_project_1/styles/style.css: Using EditorConfig core...
styles/style.css: setEndOfLine(LF)
styles/style.css: editor.action.trimTrailingWhitespace
web_project_1/styles/style.css: {"insertSpaces":true,"tabSize":2}
web_project_1/styles/style.css: Using EditorConfig core...
styles/style.css: setEndOfLine(LF)
styles/style.css: editor.action.trimTrailingWhitespace
web_project_1/styles/style.css: {"insertSpaces":true,"tabSize":2}
web_project_1/index.html: {"insertSpaces":true,"tabSize":2}
web_project_1/index.html: Using EditorConfig core...
web_project_1/texts.txt: {"insertSpaces":true,"tabSize":2}
index.html: setEndOfLine(LF)
index.html: trimTrailingWhitespace()
web_project_1/index.html: {"insertSpaces":true,"tabSize":2}
web_project_1/index.html: Using EditorConfig core...
web_project_1/styles/style.css: {"insertSpaces":true,"tabSize":2}
index.html: setEndOfLine(LF)
index.html: trimTrailingWhitespace()
web_project_1/index.html: {"insertSpaces":true,"tabSize":2}
web_project_1/styles/style.css: {"insertSpaces":true,"tabSize":2}
web_project_1/styles/style.css: Using EditorConfig core...
styles/style.css: setEndOfLine(LF)
styles/style.css: editor.action.trimTrailingWhitespace
No more open editors.
web_project_1/styles/style.css: {"insertSpaces":true,"tabSize":2}
web_project_1/styles/style.css: {"insertSpaces":true,"tabSize":2}
web_project_1/styles/style.css: Using EditorConfig core...
styles/style.css: setEndOfLine(LF)
styles/style.css: editor.action.trimTrailingWhitespace
web_project_1/styles/style.css: {"insertSpaces":true,"tabSize":2}
web_project_1/styles/style.css: Using EditorConfig core...
styles/style.css: setEndOfLine(LF)
styles/style.css: editor.action.trimTrailingWhitespace
web_project_1/styles/style.css: {"insertSpaces":true,"tabSize":2}
web_project_1/styles/style.css: Using EditorConfig core...
styles/style.css: setEndOfLine(LF)
styles/style.css: editor.action.trimTrailingWhitespace
web_project_1/styles/style.css: {"insertSpaces":true,"tabSize":2}
web_project_1/styles/style.css: Using EditorConfig core...
styles/style.css: setEndOfLine(LF)
styles/style.css: editor.action.trimTrailingWhitespace
web_project_1/styles/style.css: {"insertSpaces":true,"tabSize":2}
web_project_1/styles/style.css: Using EditorConfig core...
styles/style.css: setEndOfLine(LF)
styles/style.css: editor.action.trimTrailingWhitespace
web_project_1/styles/style.css: {"insertSpaces":true,"tabSize":2}
web_project_1/styles/style.css: Using EditorConfig core...
styles/style.css: setEndOfLine(LF)
styles/style.css: editor.action.trimTrailingWhitespace
web_project_1/styles/style.css: {"insertSpaces":true,"tabSize":2}
web_project_1/styles/style.css: Using EditorConfig core...
styles/style.css: setEndOfLine(LF)
styles/style.css: editor.action.trimTrailingWhitespace
web_project_1/styles/style.css: {"insertSpaces":true,"tabSize":2}
web_project_1/styles/style.css: Using EditorConfig core...
styles/style.css: setEndOfLine(LF)
styles/style.css: editor.action.trimTrailingWhitespace
web_project_1/styles/style.css: {"insertSpaces":true,"tabSize":2}
web_project_1/styles/style.css: Using EditorConfig core...
styles/style.css: setEndOfLine(LF)
styles/style.css: editor.action.trimTrailingWhitespace
web_project_1/styles/style.css: {"insertSpaces":true,"tabSize":2}
web_project_1/styles/style.css: Using EditorConfig core...
styles/style.css: setEndOfLine(LF)
styles/style.css: editor.action.trimTrailingWhitespace
web_project_1/styles/style.css: {"insertSpaces":true,"tabSize":2}
web_project_1/styles/style.css: Using EditorConfig core...
styles/style.css: setEndOfLine(LF)
styles/style.css: editor.action.trimTrailingWhitespace
web_project_1/styles/style.css: {"insertSpaces":true,"tabSize":2}
web_project_1/styles/style.css: Using EditorConfig core...
styles/style.css: setEndOfLine(LF)
styles/style.css: editor.action.trimTrailingWhitespace
web_project_1/styles/style.css: {"insertSpaces":true,"tabSize":2}
web_project_1/styles/style.css: Using EditorConfig core...
styles/style.css: setEndOfLine(LF)
styles/style.css: editor.action.trimTrailingWhitespace
web_project_1/styles/style.css: {"insertSpaces":true,"tabSize":2}
web_project_1/styles/style.css: Using EditorConfig core...
styles/style.css: setEndOfLine(LF)
styles/style.css: editor.action.trimTrailingWhitespace
web_project_1/styles/style.css: {"insertSpaces":true,"tabSize":2}
web_project_1/styles/style.css: Using EditorConfig core...
web_project_1/index.html: {"insertSpaces":true,"tabSize":2}
styles/style.css: setEndOfLine(LF)
styles/style.css: trimTrailingWhitespace()
web_project_1/index.html: Using EditorConfig core...
web_project_1/styles/style.css: {"insertSpaces":true,"tabSize":2}
index.html: setEndOfLine(LF)
index.html: trimTrailingWhitespace()
web_project_1/styles/style.css: {"insertSpaces":true,"tabSize":2}
web_project_1/index.html: {"insertSpaces":true,"tabSize":2}
web_project_1/index.html: Using EditorConfig core...
index.html: setEndOfLine(LF)
index.html: editor.action.trimTrailingWhitespace
web_project_1/index.html: {"insertSpaces":true,"tabSize":2}
web_project_1/index.html: {"insertSpaces":true,"tabSize":2}
web_project_1/styles/style.css: {"insertSpaces":true,"tabSize":2}
web_project_1/styles/style.css: Using EditorConfig core...
styles/style.css: setEndOfLine(LF)
styles/style.css: editor.action.trimTrailingWhitespace
web_project_1/styles/style.css: {"insertSpaces":true,"tabSize":2}
web_project_1/styles/style.css: Using EditorConfig core...
styles/style.css: setEndOfLine(LF)
styles/style.css: editor.action.trimTrailingWhitespace
web_project_1/styles/style.css: Using EditorConfig core...
styles/style.css: setEndOfLine(LF)
styles/style.css: editor.action.trimTrailingWhitespace
web_project_1/styles/style.css: {"insertSpaces":true,"tabSize":2}
web_project_1/styles/style.css: {"insertSpaces":true,"tabSize":2}
web_project_1/styles/style.css: Using EditorConfig core...
styles/style.css: setEndOfLine(LF)
styles/style.css: editor.action.trimTrailingWhitespace
web_project_1/styles/style.css: {"insertSpaces":true,"tabSize":2}
web_project_1/index.html: {"insertSpaces":true,"tabSize":2}
web_project_1/styles/style.css: {"insertSpaces":true,"tabSize":2}
web_project_1/styles/style.css: {"insertSpaces":true,"tabSize":2}
web_project_1/styles/style.css: Using EditorConfig core...
styles/style.css: setEndOfLine(LF)
styles/style.css: editor.action.trimTrailingWhitespace
web_project_1/styles/style.css: {"insertSpaces":true,"tabSize":2}
web_project_1/index.html: {"insertSpaces":true,"tabSize":2}
web_project_1/index.html: {"insertSpaces":true,"tabSize":2}
web_project_1/index.html: Using EditorConfig core...
index.html: setEndOfLine(LF)
index.html: editor.action.trimTrailingWhitespace
web_project_1/styles/style.css: {"insertSpaces":true,"tabSize":2}
web_project_1/index.html: {"insertSpaces":true,"tabSize":2}
web_project_1/index.html: Using EditorConfig core...
web_project_1/styles/style.css: {"insertSpaces":true,"tabSize":2}
index.html: setEndOfLine(LF)
index.html: trimTrailingWhitespace()
web_project_1/styles/style.css: Using EditorConfig core...
styles/style.css: setEndOfLine(LF)
styles/style.css: editor.action.trimTrailingWhitespace
web_project_1/styles/style.css: {"insertSpaces":true,"tabSize":2}
web_project_1/styles/style.css: Using EditorConfig core...
styles/style.css: setEndOfLine(LF)
styles/style.css: editor.action.trimTrailingWhitespace
web_project_1/styles/style.css: {"insertSpaces":true,"tabSize":2}
web_project_1/styles/style.css: Using EditorConfig core...
styles/style.css: setEndOfLine(LF)
styles/style.css: editor.action.trimTrailingWhitespace
web_project_1/styles/style.css: {"insertSpaces":true,"tabSize":2}
web_project_1/styles/style.css: {"insertSpaces":true,"tabSize":2}
web_project_1/index.html: {"insertSpaces":true,"tabSize":2}
web_project_1/index.html: {"insertSpaces":true,"tabSize":2}
web_project_1/index.html: {"insertSpaces":true,"tabSize":2}
web_project_1/index.html: {"insertSpaces":true,"tabSize":2}
web_project_1/index.html: {"insertSpaces":true,"tabSize":2}
web_project_1/index.html: {"insertSpaces":true,"tabSize":2}
web_project_1/index.html: {"insertSpaces":true,"tabSize":2}
web_project_1/index.html: {"insertSpaces":true,"tabSize":2}
web_project_1/index.html: {"insertSpaces":true,"tabSize":2}
