Looking for git in: git
Using git 2.20.1 from git
> git rev-parse --git-dir
Open repository: /home/ant5389/web_project_1
> git status -z -u
> git symbolic-ref --short HEAD
> git rev-parse main
> git rev-parse --symbolic-full-name main@{u}
> git rev-list --left-right main...refs/remotes/origin/main
> git for-each-ref --sort -committerdate --format %(refname) %(objectname)
> git remote --verbose
> git config --get commit.template
> git check-ignore -v -z --stdin
> git show --textconv :index.html
> git ls-files --stage -- /home/ant5389/web_project_1/index.html
> git cat-file -s 39b8f31679f6f655229c3f055c6b2d56eb1b2d72
> git config --global user.email
> git config --global user.name
> git status -z -u
> git symbolic-ref --short HEAD
> git rev-parse main
> git rev-parse --symbolic-full-name main@{u}
> git rev-list --left-right main...refs/remotes/origin/main
> git for-each-ref --sort -committerdate --format %(refname) %(objectname)
> git remote --verbose
> git config --get commit.template
> git show -s --format=%an <%ae> [%ai] 00d8d47717383bcd5a215ff3a8aece385125d2d3
> git show -s --format=%H%n%aN%n%aE%n%at%n%ct%n%P%n%B -z 00d8d47717383bcd5a215ff3a8aece385125d2d3
> git show -s --format=%an <%ae> [%ai] 63f33b1a42354975a53b4096c30a2dc4e4946592
> git show -s --format=%H%n%aN%n%aE%n%at%n%ct%n%P%n%B -z 63f33b1a42354975a53b4096c30a2dc4e4946592
> git show -s --format=%an <%ae> [%ai] c208c725c9ae764ec580b24f70e11f1428249917
> git show -s --format=%H%n%aN%n%aE%n%at%n%ct%n%P%n%B -z c208c725c9ae764ec580b24f70e11f1428249917
> git show -s --format=%an <%ae> [%ai] bbfcce8bf7c50e4f18c5051f55d6b38aebaeb418
> git show -s --format=%H%n%aN%n%aE%n%at%n%ct%n%P%n%B -z bbfcce8bf7c50e4f18c5051f55d6b38aebaeb418
> git show -s --format=%an <%ae> [%ai] c2cbbf6706ed453b801d5b24a714b79be022d322
> git show -s --format=%H%n%aN%n%aE%n%at%n%ct%n%P%n%B -z c2cbbf6706ed453b801d5b24a714b79be022d322
> git show -s --format=%an <%ae> [%ai] f293718e447fca98f6812943002f9b794ed8ad71
> git show -s --format=%H%n%aN%n%aE%n%at%n%ct%n%P%n%B -z f293718e447fca98f6812943002f9b794ed8ad71
> git show -s --format=%an <%ae> [%ai] 12b0b1a5a0da2b2aff34e2350cf641966fa66252
> git show -s --format=%H%n%aN%n%aE%n%at%n%ct%n%P%n%B -z 12b0b1a5a0da2b2aff34e2350cf641966fa66252
> git show -s --format=%an <%ae> [%ai] c3e15a1f260bf3149ebd9e466b0fb7069e789490
> git show -s --format=%an <%ae> [%ai] 9ae89dd6d44b89f72fd18c85bad2c2eebc97eb29
> git show -s --format=%H%n%aN%n%aE%n%at%n%ct%n%P%n%B -z 9ae89dd6d44b89f72fd18c85bad2c2eebc97eb29
> git show -s --format=%H%n%aN%n%aE%n%at%n%ct%n%P%n%B -z c3e15a1f260bf3149ebd9e466b0fb7069e789490
> git show -s --format=%an <%ae> [%ai] a66cc9fab738d843d959a9bc498c1c2708a3930b
> git show -s --format=%an <%ae> [%ai] 89b1211264457d40825cd5706d4ba18b99463367
> git show -s --format=%H%n%aN%n%aE%n%at%n%ct%n%P%n%B -z a66cc9fab738d843d959a9bc498c1c2708a3930b
> git show -s --format=%H%n%aN%n%aE%n%at%n%ct%n%P%n%B -z 89b1211264457d40825cd5706d4ba18b99463367
> git show -s --format=%an <%ae> [%ai] 2a05fc3e6712f221bce3a8e3e5cb5a11aa6159bc
> git show -s --format=%H%n%aN%n%aE%n%at%n%ct%n%P%n%B -z 2a05fc3e6712f221bce3a8e3e5cb5a11aa6159bc
> git show -s --format=%an <%ae> [%ai] f608981a59f6848d570df2ddbbe1d74c3f14c54c
> git show -s --format=%H%n%aN%n%aE%n%at%n%ct%n%P%n%B -z f608981a59f6848d570df2ddbbe1d74c3f14c54c
> git show -s --format=%an <%ae> [%ai] 8158c2480f3188272a0726fd7e02c29b1ed83ad9
> git show -s --format=%an <%ae> [%ai] 62922e22b12bb38cf0cc31bf59b0e4a3c46a8d26
> git show -s --format=%H%n%aN%n%aE%n%at%n%ct%n%P%n%B -z 8158c2480f3188272a0726fd7e02c29b1ed83ad9
> git show -s --format=%H%n%aN%n%aE%n%at%n%ct%n%P%n%B -z 62922e22b12bb38cf0cc31bf59b0e4a3c46a8d26
> git show -s --format=%an <%ae> [%ai] 2c5c1faef43ca417a4d81917d98040df5252d94d
> git show -s --format=%an <%ae> [%ai] feba4be17fee3c8e7a523216dd36ea9d684181aa
> git show -s --format=%H%n%aN%n%aE%n%at%n%ct%n%P%n%B -z 2c5c1faef43ca417a4d81917d98040df5252d94d
> git show -s --format=%H%n%aN%n%aE%n%at%n%ct%n%P%n%B -z feba4be17fee3c8e7a523216dd36ea9d684181aa
> git show -s --format=%an <%ae> [%ai] e347bf1293caddf717253ccdf06ff21f04986a12
> git show -s --format=%an <%ae> [%ai] 2a05fc3e6712f221bce3a8e3e5cb5a11aa6159bc
> git show -s --format=%H%n%aN%n%aE%n%at%n%ct%n%P%n%B -z e347bf1293caddf717253ccdf06ff21f04986a12
> git show -s --format=%H%n%aN%n%aE%n%at%n%ct%n%P%n%B -z 2a05fc3e6712f221bce3a8e3e5cb5a11aa6159bc
> git show -s --format=%an <%ae> [%ai] 633c564a04a4780be7dcdbe529292d312b5f5566
> git show -s --format=%an <%ae> [%ai] 8158c2480f3188272a0726fd7e02c29b1ed83ad9
> git show -s --format=%H%n%aN%n%aE%n%at%n%ct%n%P%n%B -z 633c564a04a4780be7dcdbe529292d312b5f5566
> git show -s --format=%H%n%aN%n%aE%n%at%n%ct%n%P%n%B -z 8158c2480f3188272a0726fd7e02c29b1ed83ad9
> git show -s --format=%an <%ae> [%ai] 5ba526fc65f431f20a6a3de94bc9d7dfbe0729e2
> git show -s --format=%an <%ae> [%ai] 2c5c1faef43ca417a4d81917d98040df5252d94d
> git show -s --format=%H%n%aN%n%aE%n%at%n%ct%n%P%n%B -z 5ba526fc65f431f20a6a3de94bc9d7dfbe0729e2
> git show -s --format=%H%n%aN%n%aE%n%at%n%ct%n%P%n%B -z 2c5c1faef43ca417a4d81917d98040df5252d94d
> git show -s --format=%an <%ae> [%ai] da0296e273be14dbfe808aa1152e27191a568891
> git show -s --format=%an <%ae> [%ai] e347bf1293caddf717253ccdf06ff21f04986a12
> git show -s --format=%H%n%aN%n%aE%n%at%n%ct%n%P%n%B -z da0296e273be14dbfe808aa1152e27191a568891
> git show -s --format=%an <%ae> [%ai] f13ebd764b9d63ce0390288817bc5bec6d6eebb6
> git show -s --format=%H%n%aN%n%aE%n%at%n%ct%n%P%n%B -z e347bf1293caddf717253ccdf06ff21f04986a12
> git show -s --format=%H%n%aN%n%aE%n%at%n%ct%n%P%n%B -z f13ebd764b9d63ce0390288817bc5bec6d6eebb6
> git show -s --format=%an <%ae> [%ai] 633c564a04a4780be7dcdbe529292d312b5f5566
> git show -s --format=%an <%ae> [%ai] 0becc0d09b71c0e815428796640ce58390b1bd98
> git show -s --format=%H%n%aN%n%aE%n%at%n%ct%n%P%n%B -z 633c564a04a4780be7dcdbe529292d312b5f5566
> git show -s --format=%H%n%aN%n%aE%n%at%n%ct%n%P%n%B -z 0becc0d09b71c0e815428796640ce58390b1bd98
> git show -s --format=%an <%ae> [%ai] 5ba526fc65f431f20a6a3de94bc9d7dfbe0729e2
> git show -s --format=%an <%ae> [%ai] 369a9bc47c9c51513a5e681891f9bb017e67d1f8
> git show -s --format=%H%n%aN%n%aE%n%at%n%ct%n%P%n%B -z 5ba526fc65f431f20a6a3de94bc9d7dfbe0729e2
> git show -s --format=%H%n%aN%n%aE%n%at%n%ct%n%P%n%B -z 369a9bc47c9c51513a5e681891f9bb017e67d1f8
> git show -s --format=%an <%ae> [%ai] da0296e273be14dbfe808aa1152e27191a568891
> git show -s --format=%an <%ae> [%ai] 2bd60ed881f7bf5a42b34f54332bdad5a5001911
> git show -s --format=%H%n%aN%n%aE%n%at%n%ct%n%P%n%B -z da0296e273be14dbfe808aa1152e27191a568891
> git show -s --format=%H%n%aN%n%aE%n%at%n%ct%n%P%n%B -z 2bd60ed881f7bf5a42b34f54332bdad5a5001911
> git show -s --format=%an <%ae> [%ai] f13ebd764b9d63ce0390288817bc5bec6d6eebb6
> git show -s --format=%an <%ae> [%ai] 991d58253d361f4cd918b00711f0696c8772134f
> git show -s --format=%H%n%aN%n%aE%n%at%n%ct%n%P%n%B -z f13ebd764b9d63ce0390288817bc5bec6d6eebb6
> git show -s --format=%H%n%aN%n%aE%n%at%n%ct%n%P%n%B -z 991d58253d361f4cd918b00711f0696c8772134f
> git show -s --format=%an <%ae> [%ai] 0becc0d09b71c0e815428796640ce58390b1bd98
> git show -s --format=%an <%ae> [%ai] fd3b934e055013a2287f07ccea61c653e28b1ee9
> git show -s --format=%H%n%aN%n%aE%n%at%n%ct%n%P%n%B -z 0becc0d09b71c0e815428796640ce58390b1bd98
> git show -s --format=%H%n%aN%n%aE%n%at%n%ct%n%P%n%B -z fd3b934e055013a2287f07ccea61c653e28b1ee9
> git show -s --format=%an <%ae> [%ai] 369a9bc47c9c51513a5e681891f9bb017e67d1f8
> git show -s --format=%H%n%aN%n%aE%n%at%n%ct%n%P%n%B -z 369a9bc47c9c51513a5e681891f9bb017e67d1f8
> git show -s --format=%an <%ae> [%ai] 2bd60ed881f7bf5a42b34f54332bdad5a5001911
> git show -s --format=%H%n%aN%n%aE%n%at%n%ct%n%P%n%B -z 2bd60ed881f7bf5a42b34f54332bdad5a5001911
> git show -s --format=%an <%ae> [%ai] 991d58253d361f4cd918b00711f0696c8772134f
> git show -s --format=%H%n%aN%n%aE%n%at%n%ct%n%P%n%B -z 991d58253d361f4cd918b00711f0696c8772134f
> git show -s --format=%an <%ae> [%ai] fd3b934e055013a2287f07ccea61c653e28b1ee9
> git show -s --format=%H%n%aN%n%aE%n%at%n%ct%n%P%n%B -z fd3b934e055013a2287f07ccea61c653e28b1ee9
> git check-ignore -v -z --stdin
> git check-ignore -v -z --stdin
> git show --textconv :blocks/video/__iframe/video__iframe.css
> git ls-files --stage -- /home/ant5389/web_project_1/blocks/video/__iframe/video__iframe.css
> git cat-file -s 1396a47040c83ee60af2232662d69f08a6cfc3a1
> git status -z -u
> git symbolic-ref --short HEAD
> git rev-parse main
> git rev-parse --symbolic-full-name main@{u}
> git rev-list --left-right main...refs/remotes/origin/main
> git for-each-ref --sort -committerdate --format %(refname) %(objectname)
> git remote --verbose
> git config --get commit.template
> git show --textconv :index.html
> git ls-files --stage -- /home/ant5389/web_project_1/index.html
> git cat-file -s 39b8f31679f6f655229c3f055c6b2d56eb1b2d72
> git show --textconv :blocks/video/__iframe/video__iframe.css
> git ls-files --stage -- /home/ant5389/web_project_1/blocks/video/__iframe/video__iframe.css
> git cat-file -s 1396a47040c83ee60af2232662d69f08a6cfc3a1
> git show --textconv :index.html
> git ls-files --stage -- /home/ant5389/web_project_1/index.html
> git cat-file -s 39b8f31679f6f655229c3f055c6b2d56eb1b2d72
> git add -A -- .
> git commit --quiet --allow-empty-message --file -
> git status -z -u
> git symbolic-ref --short HEAD
> git rev-parse main
> git rev-parse --symbolic-full-name main@{u}
> git rev-list --left-right main...refs/remotes/origin/main
> git for-each-ref --sort -committerdate --format %(refname) %(objectname)
> git remote --verbose
> git config --get commit.template
> git ls-files --stage -- /home/ant5389/web_project_1/index.html
> git cat-file -s 39b8f31679f6f655229c3f055c6b2d56eb1b2d72
> git show --textconv :index.html
> git status -z -u
> git symbolic-ref --short HEAD
> git rev-parse main
> git rev-parse --symbolic-full-name main@{u}
> git rev-list --left-right main...refs/remotes/origin/main
> git for-each-ref --sort -committerdate --format %(refname) %(objectname)
> git remote --verbose
> git config --get commit.template
> git log --format=%H%n%aN%n%aE%n%at%n%ct%n%P%n%B -z -n21 -- /home/ant5389/web_project_1/index.html
> git check-ignore -v -z --stdin
> git check-ignore -v -z --stdin
> git show --textconv :blocks/video/__iframes/video__iframes.css
> git ls-files --stage -- /home/ant5389/web_project_1/blocks/video/__iframes/video__iframes.css
> git cat-file -s 3fdd70f38fc5004105fa8aaad4ce3b8372c73a11
> git show --textconv :blocks/video/__iframe/video__iframe.css
> git ls-files --stage -- /home/ant5389/web_project_1/blocks/video/__iframe/video__iframe.css
> git cat-file -s 77c5d6743edd98c7ec2fb73d56622a5011281413
> git show --textconv :blocks/video/__iframes/video__iframes.css
> git ls-files --stage -- /home/ant5389/web_project_1/blocks/video/__iframes/video__iframes.css
> git cat-file -s 3fdd70f38fc5004105fa8aaad4ce3b8372c73a11
> git show --textconv :blocks/video/video.css
> git ls-files --stage -- /home/ant5389/web_project_1/blocks/video/video.css
> git cat-file -s 667a1a4995b578124082ce345d28d0ef9bced27a
> git show --textconv :blocks/video/__iframes/video__iframes.css
> git ls-files --stage -- /home/ant5389/web_project_1/blocks/video/__iframes/video__iframes.css
> git cat-file -s 3fdd70f38fc5004105fa8aaad4ce3b8372c73a11
> git show --textconv :blocks/video/__iframe/video__iframe.css
> git ls-files --stage -- /home/ant5389/web_project_1/blocks/video/__iframe/video__iframe.css
> git cat-file -s 77c5d6743edd98c7ec2fb73d56622a5011281413
> git show --textconv :blocks/video/__iframes/video__iframes.css
> git ls-files --stage -- /home/ant5389/web_project_1/blocks/video/__iframes/video__iframes.css
> git cat-file -s 3fdd70f38fc5004105fa8aaad4ce3b8372c73a11
> git show --textconv :blocks/video/__iframe/video__iframe.css
> git ls-files --stage -- /home/ant5389/web_project_1/blocks/video/__iframe/video__iframe.css
> git cat-file -s 77c5d6743edd98c7ec2fb73d56622a5011281413
> git show --textconv :index.html
> git ls-files --stage -- /home/ant5389/web_project_1/index.html
> git cat-file -s 39b8f31679f6f655229c3f055c6b2d56eb1b2d72
> git status -z -u
> git symbolic-ref --short HEAD
> git ls-files --stage -- /home/ant5389/web_project_1/index.html
> git rev-parse main
> git cat-file -s 39b8f31679f6f655229c3f055c6b2d56eb1b2d72
> git rev-parse --symbolic-full-name main@{u}
> git rev-list --left-right main...refs/remotes/origin/main
> git show --textconv :index.html
> git for-each-ref --sort -committerdate --format %(refname) %(objectname)
> git remote --verbose
> git config --get commit.template
