Initializing document watcher...
web_project_1/blocks/video/__iframe/video__iframe.css: {"insertSpaces":true,"tabSize":2}
web_project_1/blocks/video/__iframe/video__iframe.css: Using EditorConfig core...
blocks/video/__iframe/video__iframe.css: editor.action.trimTrailingWhitespace
web_project_1/blocks/video/__iframe/video__iframe.css: {"insertSpaces":true,"tabSize":2}
web_project_1/index.html: {"insertSpaces":true,"tabSize":2}
web_project_1/blocks/video/__iframe/video__iframe.css: {"insertSpaces":true,"tabSize":2}
web_project_1/index.html: {"insertSpaces":true,"tabSize":2}
web_project_1/index.html: {"insertSpaces":true,"tabSize":2}
web_project_1/index.html: {"insertSpaces":true,"tabSize":2}
web_project_1/blocks/video/__iframes/video__iframes.css: {"insertSpaces":true,"tabSize":2}
web_project_1/blocks/video/__iframe/video__iframe.css: {"insertSpaces":true,"tabSize":2}
web_project_1/blocks/video/__iframes/video__iframes.css: {"insertSpaces":true,"tabSize":2}
web_project_1/blocks/video/video.css: {"insertSpaces":true,"tabSize":2}
web_project_1/blocks/video/__iframes/video__iframes.css: {"insertSpaces":true,"tabSize":2}
web_project_1/blocks/video/__iframe/video__iframe.css: {"insertSpaces":true,"tabSize":2}
web_project_1/blocks/video/__iframes/video__iframes.css: {"insertSpaces":true,"tabSize":2}
web_project_1/blocks/video/__iframe/video__iframe.css: {"insertSpaces":true,"tabSize":2}
web_project_1/blocks/video/__iframe/video__iframe.css: {"insertSpaces":true,"tabSize":2}
web_project_1/index.html: {"insertSpaces":true,"tabSize":2}
web_project_1/index.html: {"insertSpaces":true,"tabSize":2}
